Log file open, 02/13/20 17:03:55
LogWindows: Failed to load 'aqProf.dll' (GetLastError=126)
LogWindows: File 'aqProf.dll' does not exist
LogWindows: Failed to load 'VtuneApi.dll' (GetLastError=126)
LogWindows: File 'VtuneApi.dll' does not exist
LogWindows: Failed to load 'VtuneApi32e.dll' (GetLastError=126)
LogWindows: File 'VtuneApi32e.dll' does not exist
LogConsoleResponse: Display: Failed to find resolution value strings in scalability ini. Falling back to default.
LogInit: Display: Running engine for game: CastleOfTheDead
LogPakFile: Registered encryption key '00000000000000000000000000000000': 0 pak files mounted, 0 remain pending
LogPlatformFile: Not using cached read wrapper
LogTaskGraph: Started task graph with 5 named threads and 14 total threads with 3 sets of task threads.
LogStats: Stats thread started at 0.237849
LogD3D11RHI: Loaded GFSDK_Aftermath_Lib.x64.dll
LogICUInternationalization: ICU TimeZone Detection - Raw Offset: +0:00, Platform Override: ''
LogPluginManager: Mounting plugin Paper2D
LogPluginManager: Mounting plugin AISupport
LogPluginManager: Mounting plugin LightPropagationVolume
LogPluginManager: Mounting plugin ActorLayerUtilities
LogPluginManager: Mounting plugin CLionSourceCodeAccess
LogPluginManager: Mounting plugin CodeLiteSourceCodeAccess
LogPluginManager: Mounting plugin GitSourceControl
LogPluginManager: Mounting plugin KDevelopSourceCodeAccess
LogPluginManager: Mounting plugin NullSourceCodeAccess
LogPluginManager: Mounting plugin PerforceSourceControl
LogPluginManager: Mounting plugin SubversionSourceControl
LogPluginManager: Mounting plugin UObjectPlugin
LogPluginManager: Mounting plugin VisualStudioCodeSourceCodeAccess
LogPluginManager: Mounting plugin VisualStudioSourceCodeAccess
LogPluginManager: Mounting plugin XCodeSourceCodeAccess
LogPluginManager: Mounting plugin AssetManagerEditor
LogPluginManager: Mounting plugin CryptoKeys
LogPluginManager: Mounting plugin DataValidation
LogPluginManager: Mounting plugin FacialAnimation
LogPluginManager: Mounting plugin GameplayTagsEditor
LogPluginManager: Mounting plugin MacGraphicsSwitching
LogPluginManager: Mounting plugin MeshEditor
LogPluginManager: Mounting plugin MobileLauncherProfileWizard
LogPluginManager: Mounting plugin PluginBrowser
LogPluginManager: Mounting plugin SpeedTreeImporter
LogPluginManager: Mounting plugin DatasmithContent
LogPluginManager: Mounting plugin VariantManagerContent
LogPluginManager: Mounting plugin AlembicImporter
LogPluginManager: Mounting plugin AppleImageUtils
LogPluginManager: Mounting plugin AppleVision
LogPluginManager: Mounting plugin BackChannel
LogPluginManager: Mounting plugin CharacterAI
LogPluginManager: Mounting plugin GeometryCache
LogPluginManager: Mounting plugin HTML5Networking
LogPluginManager: Mounting plugin ProxyLODPlugin
LogPluginManager: Mounting plugin MagicLeap
LogPluginManager: Mounting plugin MagicLeapMedia
LogPluginManager: Mounting plugin AndroidMedia
LogPluginManager: Mounting plugin AvfMedia
LogPluginManager: Mounting plugin ImgMedia
LogPluginManager: Mounting plugin LinearTimecode
LogPluginManager: Mounting plugin MediaCompositing
LogPluginManager: Mounting plugin MediaPlayerEditor
LogPluginManager: Mounting plugin WebMMedia
LogPluginManager: Mounting plugin WmfMedia
LogPluginManager: Mounting plugin TcpMessaging
LogPluginManager: Mounting plugin UdpMessaging
LogPluginManager: Mounting plugin ActorSequence
LogPluginManager: Mounting plugin LevelSequenceEditor
LogPluginManager: Mounting plugin MatineeToLevelSequence
LogPluginManager: Mounting plugin NetcodeUnitTest
LogPluginManager: Mounting plugin NUTUnrealEngine4
LogPluginManager: Mounting plugin OnlineSubsystemGooglePlay
LogPluginManager: Mounting plugin OnlineSubsystemIOS
LogPluginManager: Mounting plugin OnlineSubsystem
LogPluginManager: Mounting plugin OnlineSubsystemNull
LogPluginManager: Mounting plugin OnlineSubsystemUtils
LogPluginManager: Mounting plugin LauncherChunkInstaller
LogPluginManager: Mounting plugin AndroidDeviceProfileSelector
LogPluginManager: Mounting plugin AndroidMoviePlayer
LogPluginManager: Mounting plugin AndroidPermission
LogPluginManager: Mounting plugin AppleMoviePlayer
LogPluginManager: Mounting plugin ArchVisCharacter
LogPluginManager: Mounting plugin AudioCapture
LogPluginManager: Mounting plugin CableComponent
LogPluginManager: Mounting plugin CustomMeshComponent
LogPluginManager: Mounting plugin EditableMesh
LogPluginManager: Mounting plugin ExampleDeviceProfileSelector
LogPluginManager: Mounting plugin Firebase
LogPluginManager: Mounting plugin GoogleCloudMessaging
LogPluginManager: Mounting plugin IOSDeviceProfileSelector
LogPluginManager: Mounting plugin LinuxDeviceProfileSelector
LogPluginManager: Mounting plugin LocationServicesBPLibrary
LogPluginManager: Mounting plugin MobilePatchingUtils
LogPluginManager: Mounting plugin OculusVR
LogPluginManager: Mounting plugin PhysXVehicles
LogPluginManager: Mounting plugin ProceduralMeshComponent
LogPluginManager: Mounting plugin RuntimePhysXCooking
LogPluginManager: Mounting plugin SteamVR
LogPluginManager: Mounting plugin WebMMoviePlayer
LogPluginManager: Mounting plugin WindowsMoviePlayer
LogStreaming: Display: Took  0.172s to configure plugins.
LogInit: Using libcurl 7.55.1-DEV
LogInit:  - built for x86_64-pc-win32
LogInit:  - supports SSL with OpenSSL/1.0.2h
LogInit:  - supports HTTP deflate (compression) using libz 1.2.8
LogInit:  - other features:
LogInit:      CURL_VERSION_SSL
LogInit:      CURL_VERSION_LIBZ
LogInit:      CURL_VERSION_IPV6
LogInit:      CURL_VERSION_ASYNCHDNS
LogInit:      CURL_VERSION_LARGEFILE
LogInit:      CURL_VERSION_IDN
LogInit:  CurlRequestOptions (configurable via config and command line):
LogInit:  - bVerifyPeer = true  - Libcurl will verify peer certificate
LogInit:  - bUseHttpProxy = false  - Libcurl will NOT use HTTP proxy
LogInit:  - bDontReuseConnections = false  - Libcurl will reuse connections
LogInit:  - MaxHostConnections = 16  - Libcurl will limit the number of connections to a host
LogInit:  - LocalHostAddr = Default
LogInit:  - BufferSize = 65536
LogInit: WinSock: version 1.1 (2.2), MaxSocks=32767, MaxUdp=65467
LogInit: Build: ++UE4+Release-4.21-CL-4753647
LogInit: Engine Version: 4.21.2-4753647+++UE4+Release-4.21
LogInit: Compatible Engine Version: 4.21.0-4541578+++UE4+Release-4.21
LogInit: Net CL: 4541578
LogInit: OS: Windows 10 (), CPU: Intel(R) Core(TM) i5-6500 CPU @ 3.20GHz, GPU: AMD Radeon (TM) R9 390 Series
LogInit: Compiled (64-bit): Jan 19 2019 02:07:31
LogInit: Compiled with Visual C++: 19.13.26129.00
LogInit: Build Configuration: Development
LogInit: Branch Name: ++UE4+Release-4.21
LogInit: Command Line: 
LogInit: Base Directory: E:/EpicGames/Epic Games/UE_4.21/Engine/Binaries/Win64/
LogInit: Installed Engine Build: 1
LogDevObjectVersion: Number of dev versions registered: 22
LogDevObjectVersion:   Dev-Blueprints (B0D832E4-1F89-4F0D-ACCF-7EB736FD4AA2): 10
LogDevObjectVersion:   Dev-Build (E1C64328-A22C-4D53-A36C-8E866417BD8C): 0
LogDevObjectVersion:   Dev-Core (375EC13C-06E4-48FB-B500-84F0262A717E): 2
LogDevObjectVersion:   Dev-Editor (E4B068ED-F494-42E9-A231-DA0B2E46BB41): 26
LogDevObjectVersion:   Dev-Framework (CFFC743F-43B0-4480-9391-14DF171D2073): 34
LogDevObjectVersion:   Dev-Mobile (B02B49B5-BB20-44E9-A304-32B752E40360): 2
LogDevObjectVersion:   Dev-Networking (A4E4105C-59A1-49B5-A7C5-40C4547EDFEE): 0
LogDevObjectVersion:   Dev-Online (39C831C9-5AE6-47DC-9A44-9C173E1C8E7C): 0
LogDevObjectVersion:   Dev-Physics (78F01B33-EBEA-4F98-B9B4-84EACCB95AA2): 0
LogDevObjectVersion:   Dev-Platform (6631380F-2D4D-43E0-8009-CF276956A95A): 0
LogDevObjectVersion:   Dev-Rendering (12F88B9F-8875-4AFC-A67C-D90C383ABD29): 27
LogDevObjectVersion:   Dev-Sequencer (7B5AE74C-D270-4C10-A958-57980B212A5A): 9
LogDevObjectVersion:   Dev-VR (D7296918-1DD6-4BDD-9DE2-64A83CC13884): 2
LogDevObjectVersion:   Dev-LoadTimes (C2A15278-BFE7-4AFE-6C17-90FF531DF755): 1
LogDevObjectVersion:   Private-Geometry (6EACA3D4-40EC-4CC1-B786-8BED09428FC5): 3
LogDevObjectVersion:   Dev-AnimPhys (29E575DD-E0A3-4627-9D10-D276232CDCEA): 17
LogDevObjectVersion:   Dev-Anim (AF43A65D-7FD3-4947-9873-3E8ED9C1BB05): 2
LogDevObjectVersion:   Dev-ReflectionCapture (6B266CEC-1EC7-4B8F-A30B-E4D90942FC07): 1
LogDevObjectVersion:   Dev-Automation (0DF73D61-A23F-47EA-B727-89E90C41499A): 1
LogDevObjectVersion:   FortniteMain (601D1886-AC64-4F84-AA16-D3DE0DEAC7D6): 17
LogDevObjectVersion:   Dev-Enterprise (9DFFBCD6-494F-0158-E221-12823C92A888): 4
LogDevObjectVersion:   Dev-Niagara (F2AED0AC-9AFE-416F-8664-AA7FFA26D6FC): 1
LogStreaming: Display: Took  0.002s to delete old logs.
LogInit: Presizing for max 8388607 objects, including 0 objects not considered by GC, pre-allocating 0 bytes for permanent pool.
LogInit: Object subsystem initialized
LogConfig: Setting CVar [[con.DebugEarlyDefault:1]]
LogConfig: Setting CVar [[r.setres:1280x720]]
[2020.02.13-17.03.56:197][  0]LogConfig: Setting CVar [[r.VSync:0]]
[2020.02.13-17.03.56:197][  0]LogConfig: Setting CVar [[r.RHICmdBypass:0]]
[2020.02.13-17.03.56:197][  0]LogConfig: Applying CVar settings from Section [/Script/Engine.RendererSettings] File [E:/Team1_Journeyman2020/CastleOfTheDead - Commit Here/Saved/Config/Windows/Engine.ini]
[2020.02.13-17.03.56:197][  0]LogConfig: Setting CVar [[r.GPUCrashDebugging:0]]
[2020.02.13-17.03.56:197][  0]LogConfig: Setting CVar [[r.DefaultFeature.AmbientOcclusion:0]]
[2020.02.13-17.03.56:198][  0]LogConfig: Setting CVar [[r.DefaultFeature.AmbientOcclusionStaticFraction:0]]
[2020.02.13-17.03.56:198][  0]LogConfig: Setting CVar [[vr.InstancedStereo:1]]
[2020.02.13-17.03.56:198][  0]LogConfig: Setting CVar [[r.SeparateTranslucency:0]]
[2020.02.13-17.03.56:198][  0]LogConfig: Setting CVar [[r.HZBOcclusion:0]]
[2020.02.13-17.03.56:198][  0]LogConfig: Setting CVar [[r.SSR.MaxRoughness:0]]
[2020.02.13-17.03.56:198][  0]LogConfig: Setting CVar [[r.rhicmdbypass:0]]
[2020.02.13-17.03.56:198][  0]LogConfig: Applying CVar settings from Section [/Script/Engine.RendererOverrideSettings] File [E:/Team1_Journeyman2020/CastleOfTheDead - Commit Here/Saved/Config/Windows/Engine.ini]
[2020.02.13-17.03.56:198][  0]LogConfig: Applying CVar settings from Section [/Script/Engine.StreamingSettings] File [E:/Team1_Journeyman2020/CastleOfTheDead - Commit Here/Saved/Config/Windows/Engine.ini]
[2020.02.13-17.03.56:198][  0]LogConfig: Setting CVar [[s.MinBulkDataSizeForAsyncLoading:131072]]
[2020.02.13-17.03.56:198][  0]LogConfig: Setting CVar [[s.AsyncLoadingThreadEnabled:0]]
[2020.02.13-17.03.56:198][  0]LogConfig: Setting CVar [[s.EventDrivenLoaderEnabled:1]]
[2020.02.13-17.03.56:198][  0]LogConfig: Setting CVar [[s.WarnIfTimeLimitExceeded:0]]
[2020.02.13-17.03.56:198][  0]LogConfig: Setting CVar [[s.TimeLimitExceededMultiplier:1.5]]
[2020.02.13-17.03.56:198][  0]LogConfig: Setting CVar [[s.TimeLimitExceededMinTime:0.005]]
[2020.02.13-17.03.56:198][  0]LogConfig: Setting CVar [[s.UseBackgroundLevelStreaming:1]]
[2020.02.13-17.03.56:198][  0]LogConfig: Setting CVar [[s.PriorityAsyncLoadingExtraTime:15.0]]
[2020.02.13-17.03.56:198][  0]LogConfig: Setting CVar [[s.LevelStreamingActorsUpdateTimeLimit:5.0]]
[2020.02.13-17.03.56:198][  0]LogConfig: Setting CVar [[s.PriorityLevelStreamingActorsUpdateExtraTime:5.0]]
[2020.02.13-17.03.56:198][  0]LogConfig: Setting CVar [[s.LevelStreamingComponentsRegistrationGranularity:10]]
[2020.02.13-17.03.56:198][  0]LogConfig: Setting CVar [[s.UnregisterComponentsTimeLimit:1.0]]
[2020.02.13-17.03.56:198][  0]LogConfig: Setting CVar [[s.LevelStreamingComponentsUnregistrationGranularity:5]]
[2020.02.13-17.03.56:198][  0]LogConfig: Applying CVar settings from Section [/Script/Engine.GarbageCollectionSettings] File [E:/Team1_Journeyman2020/CastleOfTheDead - Commit Here/Saved/Config/Windows/Engine.ini]
[2020.02.13-17.03.56:198][  0]LogConfig: Setting CVar [[gc.MaxObjectsNotConsideredByGC:1]]
[2020.02.13-17.03.56:198][  0]LogConfig: Setting CVar [[gc.SizeOfPermanentObjectPool:0]]
[2020.02.13-17.03.56:198][  0]LogConfig: Setting CVar [[gc.FlushStreamingOnGC:0]]
[2020.02.13-17.03.56:198][  0]LogConfig: Setting CVar [[gc.NumRetriesBeforeForcingGC:10]]
[2020.02.13-17.03.56:198][  0]LogConfig: Setting CVar [[gc.AllowParallelGC:1]]
[2020.02.13-17.03.56:198][  0]LogConfig: Setting CVar [[gc.TimeBetweenPurgingPendingKillObjects:61.1]]
[2020.02.13-17.03.56:198][  0]LogConfig: Setting CVar [[gc.MaxObjectsInEditor:8388607]]
[2020.02.13-17.03.56:198][  0]LogConfig: Setting CVar [[gc.IncrementalBeginDestroyEnabled:1]]
[2020.02.13-17.03.56:198][  0]LogConfig: Setting CVar [[gc.CreateGCClusters:1]]
[2020.02.13-17.03.56:198][  0]LogConfig: Setting CVar [[gc.MergeGCClusters:0]]
[2020.02.13-17.03.56:198][  0]LogConfig: Setting CVar [[gc.MinGCClusterSize:5]]
[2020.02.13-17.03.56:198][  0]LogConfig: Setting CVar [[gc.ActorClusteringEnabled:0]]
[2020.02.13-17.03.56:198][  0]LogConfig: Setting CVar [[gc.BlueprintClusteringEnabled:0]]
[2020.02.13-17.03.56:198][  0]LogConfig: Setting CVar [[gc.UseDisregardForGCOnDedicatedServers:0]]
[2020.02.13-17.03.56:198][  0]LogConfig: Applying CVar settings from Section [/Script/Engine.NetworkSettings] File [E:/Team1_Journeyman2020/CastleOfTheDead - Commit Here/Saved/Config/Windows/Engine.ini]
[2020.02.13-17.03.56:198][  0]LogConfig: Applying CVar settings from Section [/Script/UnrealEd.CookerSettings] File [E:/Team1_Journeyman2020/CastleOfTheDead - Commit Here/Saved/Config/Windows/Engine.ini]
[2020.02.13-17.03.56:202][  0]LogConfig: Applying CVar settings from Section [ViewDistanceQuality@3] File [E:/Team1_Journeyman2020/CastleOfTheDead - Commit Here/Saved/Config/Windows/Scalability.ini]
[2020.02.13-17.03.56:202][  0]LogConfig: Setting CVar [[r.SkeletalMeshLODBias:0]]
[2020.02.13-17.03.56:202][  0]LogConfig: Setting CVar [[r.ViewDistanceScale:1.0]]
[2020.02.13-17.03.56:202][  0]LogConfig: Applying CVar settings from Section [AntiAliasingQuality@3] File [E:/Team1_Journeyman2020/CastleOfTheDead - Commit Here/Saved/Config/Windows/Scalability.ini]
[2020.02.13-17.03.56:202][  0]LogConfig: Setting CVar [[r.PostProcessAAQuality:3]]
[2020.02.13-17.03.56:202][  0]LogConfig: Applying CVar settings from Section [ShadowQuality@3] File [E:/Team1_Journeyman2020/CastleOfTheDead - Commit Here/Saved/Config/Windows/Scalability.ini]
[2020.02.13-17.03.56:202][  0]LogConfig: Setting CVar [[r.LightFunctionQuality:1]]
[2020.02.13-17.03.56:202][  0]LogConfig: Setting CVar [[r.ShadowQuality:5]]
[2020.02.13-17.03.56:202][  0]LogConfig: Setting CVar [[r.Shadow.CSM.MaxCascades:10]]
[2020.02.13-17.03.56:202][  0]LogConfig: Setting CVar [[r.Shadow.MaxResolution:2048]]
[2020.02.13-17.03.56:202][  0]LogConfig: Setting CVar [[r.Shadow.MaxCSMResolution:2048]]
[2020.02.13-17.03.56:202][  0]LogConfig: Setting CVar [[r.Shadow.RadiusThreshold:0.01]]
[2020.02.13-17.03.56:202][  0]LogConfig: Setting CVar [[r.Shadow.DistanceScale:1.0]]
[2020.02.13-17.03.56:202][  0]LogConfig: Setting CVar [[r.Shadow.CSM.TransitionScale:1.0]]
[2020.02.13-17.03.56:202][  0]LogConfig: Setting CVar [[r.Shadow.PreShadowResolutionFactor:1.0]]
[2020.02.13-17.03.56:202][  0]LogConfig: Setting CVar [[r.DistanceFieldShadowing:1]]
[2020.02.13-17.03.56:202][  0]LogConfig: Setting CVar [[r.DistanceFieldAO:1]]
[2020.02.13-17.03.56:202][  0]LogConfig: Setting CVar [[r.AOQuality:2]]
[2020.02.13-17.03.56:202][  0]LogConfig: Setting CVar [[r.VolumetricFog:1]]
[2020.02.13-17.03.56:202][  0]LogConfig: Setting CVar [[r.VolumetricFog.GridPixelSize:8]]
[2020.02.13-17.03.56:202][  0]LogConfig: Setting CVar [[r.VolumetricFog.GridSizeZ:128]]
[2020.02.13-17.03.56:202][  0]LogConfig: Setting CVar [[r.VolumetricFog.HistoryMissSupersampleCount:4]]
[2020.02.13-17.03.56:202][  0]LogConfig: Setting CVar [[r.LightMaxDrawDistanceScale:1]]
[2020.02.13-17.03.56:202][  0]LogConfig: Setting CVar [[r.CapsuleShadows:1]]
[2020.02.13-17.03.56:202][  0]LogConfig: Applying CVar settings from Section [PostProcessQuality@3] File [E:/Team1_Journeyman2020/CastleOfTheDead - Commit Here/Saved/Config/Windows/Scalability.ini]
[2020.02.13-17.03.56:202][  0]LogConfig: Setting CVar [[r.MotionBlurQuality:0]]
[2020.02.13-17.03.56:202][  0]LogConfig: Setting CVar [[r.AmbientOcclusionMipLevelFactor:0.4]]
[2020.02.13-17.03.56:202][  0]LogConfig: Setting CVar [[r.AmbientOcclusionMaxQuality:100]]
[2020.02.13-17.03.56:202][  0]LogConfig: Setting CVar [[r.AmbientOcclusionLevels:0]]
[2020.02.13-17.03.56:202][  0]LogConfig: Setting CVar [[r.AmbientOcclusionRadiusScale:1.0]]
[2020.02.13-17.03.56:202][  0]LogConfig: Setting CVar [[r.DepthOfFieldQuality:0]]
[2020.02.13-17.03.56:202][  0]LogConfig: Setting CVar [[r.RenderTargetPoolMin:400]]
[2020.02.13-17.03.56:202][  0]LogConfig: Setting CVar [[r.LensFlareQuality:0]]
[2020.02.13-17.03.56:202][  0]LogConfig: Setting CVar [[r.SceneColorFringeQuality:0]]
[2020.02.13-17.03.56:202][  0]LogConfig: Setting CVar [[r.EyeAdaptationQuality:2]]
[2020.02.13-17.03.56:202][  0]LogConfig: Setting CVar [[r.BloomQuality:1]]
[2020.02.13-17.03.56:202][  0]LogConfig: Setting CVar [[r.FastBlurThreshold:0]]
[2020.02.13-17.03.56:202][  0]LogConfig: Setting CVar [[r.Upscale.Quality:3]]
[2020.02.13-17.03.56:202][  0]LogConfig: Setting CVar [[r.Tonemapper.GrainQuantization:1]]
[2020.02.13-17.03.56:203][  0]LogConfig: Setting CVar [[r.LightShaftQuality:1]]
[2020.02.13-17.03.56:203][  0]LogConfig: Setting CVar [[r.Filter.SizeScale:1]]
[2020.02.13-17.03.56:203][  0]LogConfig: Setting CVar [[r.Tonemapper.Quality:5]]
[2020.02.13-17.03.56:203][  0]LogConfig: Setting CVar [[r.DOF.Gather.AccumulatorQuality:1        ; higher gathering accumulator quality]]
[2020.02.13-17.03.56:203][  0]LogConfig: Setting CVar [[r.DOF.Gather.PostfilterMethod:1          ; Median3x3 postfilering method]]
[2020.02.13-17.03.56:203][  0]LogConfig: Setting CVar [[r.DOF.Gather.EnableBokehSettings:0       ; no bokeh simulation when gathering]]
[2020.02.13-17.03.56:203][  0]LogConfig: Setting CVar [[r.DOF.Gather.RingCount:4                 ; medium number of samples when gathering]]
[2020.02.13-17.03.56:203][  0]LogConfig: Setting CVar [[r.DOF.Scatter.ForegroundCompositing:1    ; additive foreground scattering]]
[2020.02.13-17.03.56:203][  0]LogConfig: Setting CVar [[r.DOF.Scatter.BackgroundCompositing:2    ; additive background scattering]]
[2020.02.13-17.03.56:203][  0]LogConfig: Setting CVar [[r.DOF.Scatter.EnableBokehSettings:1      ; bokeh simulation when scattering]]
[2020.02.13-17.03.56:203][  0]LogConfig: Setting CVar [[r.DOF.Scatter.MaxSpriteRatio:0.1         ; only a maximum of 10% of scattered bokeh]]
[2020.02.13-17.03.56:203][  0]LogConfig: Setting CVar [[r.DOF.Recombine.Quality:1                ; cheap slight out of focus]]
[2020.02.13-17.03.56:203][  0]LogConfig: Setting CVar [[r.DOF.Recombine.EnableBokehSettings:0    ; no bokeh simulation on slight out of focus]]
[2020.02.13-17.03.56:203][  0]LogConfig: Setting CVar [[r.DOF.TemporalAAQuality:1                ; more stable temporal accumulation]]
[2020.02.13-17.03.56:203][  0]LogConfig: Setting CVar [[r.DOF.Kernel.MaxForegroundRadius:0.025]]
[2020.02.13-17.03.56:203][  0]LogConfig: Setting CVar [[r.DOF.Kernel.MaxBackgroundRadius:0.025]]
[2020.02.13-17.03.56:203][  0]LogConfig: Applying CVar settings from Section [TextureQuality@3] File [E:/Team1_Journeyman2020/CastleOfTheDead - Commit Here/Saved/Config/Windows/Scalability.ini]
[2020.02.13-17.03.56:203][  0]LogConfig: Setting CVar [[r.Streaming.MipBias:0]]
[2020.02.13-17.03.56:203][  0]LogConfig: Setting CVar [[r.Streaming.AmortizeCPUToGPUCopy:0]]
[2020.02.13-17.03.56:203][  0]LogConfig: Setting CVar [[r.Streaming.MaxNumTexturesToStreamPerFrame:0]]
[2020.02.13-17.03.56:203][  0]LogConfig: Setting CVar [[r.Streaming.Boost:1]]
[2020.02.13-17.03.56:203][  0]LogConfig: Setting CVar [[r.MaxAnisotropy:8]]
[2020.02.13-17.03.56:203][  0]LogConfig: Setting CVar [[r.Streaming.LimitPoolSizeToVRAM:0]]
[2020.02.13-17.03.56:203][  0]LogConfig: Setting CVar [[r.Streaming.PoolSize:1000]]
[2020.02.13-17.03.56:203][  0]LogConfig: Setting CVar [[r.Streaming.MaxEffectiveScreenSize:0]]
[2020.02.13-17.03.56:203][  0]LogConfig: Applying CVar settings from Section [EffectsQuality@3] File [E:/Team1_Journeyman2020/CastleOfTheDead - Commit Here/Saved/Config/Windows/Scalability.ini]
[2020.02.13-17.03.56:203][  0]LogConfig: Setting CVar [[r.TranslucencyLightingVolumeDim:4]]
[2020.02.13-17.03.56:203][  0]LogConfig: Setting CVar [[r.RefractionQuality:2]]
[2020.02.13-17.03.56:203][  0]LogConfig: Setting CVar [[r.SSR.Quality:0]]
[2020.02.13-17.03.56:203][  0]LogConfig: Setting CVar [[r.SceneColorFormat:2]]
[2020.02.13-17.03.56:203][  0]LogConfig: Setting CVar [[r.DetailMode:2]]
[2020.02.13-17.03.56:203][  0]LogConfig: Setting CVar [[r.TranslucencyVolumeBlur:0]]
[2020.02.13-17.03.56:203][  0]LogConfig: Setting CVar [[r.MaterialQualityLevel:1 ; High quality]]
[2020.02.13-17.03.56:203][  0]LogConfig: Setting CVar [[r.SSS.Scale:1]]
[2020.02.13-17.03.56:203][  0]LogConfig: Setting CVar [[r.SSS.SampleSet:2]]
[2020.02.13-17.03.56:203][  0]LogConfig: Setting CVar [[r.SSS.Quality:1]]
[2020.02.13-17.03.56:203][  0]LogConfig: Setting CVar [[r.SSS.HalfRes:1]]
[2020.02.13-17.03.56:203][  0]LogConfig: Setting CVar [[r.EmitterSpawnRateScale:1.0]]
[2020.02.13-17.03.56:203][  0]LogConfig: Setting CVar [[r.ParticleLightQuality:2]]
[2020.02.13-17.03.56:203][  0]LogConfig: Applying CVar settings from Section [FoliageQuality@3] File [E:/Team1_Journeyman2020/CastleOfTheDead - Commit Here/Saved/Config/Windows/Scalability.ini]
[2020.02.13-17.03.56:203][  0]LogConfig: Setting CVar [[foliage.DensityScale:1.0]]
[2020.02.13-17.03.56:203][  0]LogConfig: Setting CVar [[grass.DensityScale:1.0]]
[2020.02.13-17.03.56:203][  0]LogInit: Selected Device Profile: [Windows]
[2020.02.13-17.03.56:203][  0]LogInit: Applying CVar settings loaded from the selected device profile: [Windows]
[2020.02.13-17.03.56:241][  0]LogHAL: Display: Platform has ~ 8 GB [8547930112 / 8589934592 / 8], which maps to Default [LargestMinGB=32, LargerMinGB=12, DefaultMinGB=8, SmallerMinGB=6, SmallestMinGB=0)
[2020.02.13-17.03.56:241][  0]LogConfig: Setting CVar [[r.Vulkan.UseRealUBs:1]]
[2020.02.13-17.03.56:241][  0]LogInit: Going up to parent DeviceProfile []
[2020.02.13-17.03.56:241][  0]LogConfig: Applying CVar settings from Section [ViewDistanceQuality@3] File [E:/Team1_Journeyman2020/CastleOfTheDead - Commit Here/Saved/Config/Windows/Scalability.ini]
[2020.02.13-17.03.56:241][  0]LogConfig: Setting CVar [[r.SkeletalMeshLODBias:0]]
[2020.02.13-17.03.56:241][  0]LogConfig: Setting CVar [[r.ViewDistanceScale:1.0]]
[2020.02.13-17.03.56:241][  0]LogConfig: Applying CVar settings from Section [AntiAliasingQuality@3] File [E:/Team1_Journeyman2020/CastleOfTheDead - Commit Here/Saved/Config/Windows/Scalability.ini]
[2020.02.13-17.03.56:241][  0]LogConfig: Setting CVar [[r.PostProcessAAQuality:3]]
[2020.02.13-17.03.56:241][  0]LogConfig: Applying CVar settings from Section [ShadowQuality@3] File [E:/Team1_Journeyman2020/CastleOfTheDead - Commit Here/Saved/Config/Windows/Scalability.ini]
[2020.02.13-17.03.56:241][  0]LogConfig: Setting CVar [[r.LightFunctionQuality:1]]
[2020.02.13-17.03.56:241][  0]LogConfig: Setting CVar [[r.ShadowQuality:5]]
[2020.02.13-17.03.56:241][  0]LogConfig: Setting CVar [[r.Shadow.CSM.MaxCascades:10]]
[2020.02.13-17.03.56:241][  0]LogConfig: Setting CVar [[r.Shadow.MaxResolution:2048]]
[2020.02.13-17.03.56:241][  0]LogConfig: Setting CVar [[r.Shadow.MaxCSMResolution:2048]]
[2020.02.13-17.03.56:241][  0]LogConfig: Setting CVar [[r.Shadow.RadiusThreshold:0.01]]
[2020.02.13-17.03.56:241][  0]LogConfig: Setting CVar [[r.Shadow.DistanceScale:1.0]]
[2020.02.13-17.03.56:241][  0]LogConfig: Setting CVar [[r.Shadow.CSM.TransitionScale:1.0]]
[2020.02.13-17.03.56:241][  0]LogConfig: Setting CVar [[r.Shadow.PreShadowResolutionFactor:1.0]]
[2020.02.13-17.03.56:241][  0]LogConfig: Setting CVar [[r.DistanceFieldShadowing:1]]
[2020.02.13-17.03.56:241][  0]LogConfig: Setting CVar [[r.DistanceFieldAO:1]]
[2020.02.13-17.03.56:241][  0]LogConfig: Setting CVar [[r.AOQuality:2]]
[2020.02.13-17.03.56:241][  0]LogConfig: Setting CVar [[r.VolumetricFog:1]]
[2020.02.13-17.03.56:241][  0]LogConfig: Setting CVar [[r.VolumetricFog.GridPixelSize:8]]
[2020.02.13-17.03.56:241][  0]LogConfig: Setting CVar [[r.VolumetricFog.GridSizeZ:128]]
[2020.02.13-17.03.56:241][  0]LogConfig: Setting CVar [[r.VolumetricFog.HistoryMissSupersampleCount:4]]
[2020.02.13-17.03.56:242][  0]LogConfig: Setting CVar [[r.LightMaxDrawDistanceScale:1]]
[2020.02.13-17.03.56:242][  0]LogConfig: Setting CVar [[r.CapsuleShadows:1]]
[2020.02.13-17.03.56:242][  0]LogConfig: Applying CVar settings from Section [PostProcessQuality@3] File [E:/Team1_Journeyman2020/CastleOfTheDead - Commit Here/Saved/Config/Windows/Scalability.ini]
[2020.02.13-17.03.56:242][  0]LogConfig: Setting CVar [[r.MotionBlurQuality:0]]
[2020.02.13-17.03.56:242][  0]LogConfig: Setting CVar [[r.AmbientOcclusionMipLevelFactor:0.4]]
[2020.02.13-17.03.56:242][  0]LogConfig: Setting CVar [[r.AmbientOcclusionMaxQuality:100]]
[2020.02.13-17.03.56:242][  0]LogConfig: Setting CVar [[r.AmbientOcclusionLevels:0]]
[2020.02.13-17.03.56:242][  0]LogConfig: Setting CVar [[r.AmbientOcclusionRadiusScale:1.0]]
[2020.02.13-17.03.56:242][  0]LogConfig: Setting CVar [[r.DepthOfFieldQuality:0]]
[2020.02.13-17.03.56:242][  0]LogConfig: Setting CVar [[r.RenderTargetPoolMin:400]]
[2020.02.13-17.03.56:242][  0]LogConfig: Setting CVar [[r.LensFlareQuality:0]]
[2020.02.13-17.03.56:242][  0]LogConfig: Setting CVar [[r.SceneColorFringeQuality:0]]
[2020.02.13-17.03.56:242][  0]LogConfig: Setting CVar [[r.EyeAdaptationQuality:2]]
[2020.02.13-17.03.56:242][  0]LogConfig: Setting CVar [[r.BloomQuality:1]]
[2020.02.13-17.03.56:242][  0]LogConfig: Setting CVar [[r.FastBlurThreshold:0]]
[2020.02.13-17.03.56:242][  0]LogConfig: Setting CVar [[r.Upscale.Quality:3]]
[2020.02.13-17.03.56:242][  0]LogConfig: Setting CVar [[r.Tonemapper.GrainQuantization:1]]
[2020.02.13-17.03.56:242][  0]LogConfig: Setting CVar [[r.LightShaftQuality:1]]
[2020.02.13-17.03.56:242][  0]LogConfig: Setting CVar [[r.Filter.SizeScale:1]]
[2020.02.13-17.03.56:242][  0]LogConfig: Setting CVar [[r.Tonemapper.Quality:5]]
[2020.02.13-17.03.56:242][  0]LogConfig: Setting CVar [[r.DOF.Gather.AccumulatorQuality:1        ; higher gathering accumulator quality]]
[2020.02.13-17.03.56:242][  0]LogConfig: Setting CVar [[r.DOF.Gather.PostfilterMethod:1          ; Median3x3 postfilering method]]
[2020.02.13-17.03.56:242][  0]LogConfig: Setting CVar [[r.DOF.Gather.EnableBokehSettings:0       ; no bokeh simulation when gathering]]
[2020.02.13-17.03.56:242][  0]LogConfig: Setting CVar [[r.DOF.Gather.RingCount:4                 ; medium number of samples when gathering]]
[2020.02.13-17.03.56:242][  0]LogConfig: Setting CVar [[r.DOF.Scatter.ForegroundCompositing:1    ; additive foreground scattering]]
[2020.02.13-17.03.56:242][  0]LogConfig: Setting CVar [[r.DOF.Scatter.BackgroundCompositing:2    ; additive background scattering]]
[2020.02.13-17.03.56:242][  0]LogConfig: Setting CVar [[r.DOF.Scatter.EnableBokehSettings:1      ; bokeh simulation when scattering]]
[2020.02.13-17.03.56:242][  0]LogConfig: Setting CVar [[r.DOF.Scatter.MaxSpriteRatio:0.1         ; only a maximum of 10% of scattered bokeh]]
[2020.02.13-17.03.56:242][  0]LogConfig: Setting CVar [[r.DOF.Recombine.Quality:1                ; cheap slight out of focus]]
[2020.02.13-17.03.56:242][  0]LogConfig: Setting CVar [[r.DOF.Recombine.EnableBokehSettings:0    ; no bokeh simulation on slight out of focus]]
[2020.02.13-17.03.56:242][  0]LogConfig: Setting CVar [[r.DOF.TemporalAAQuality:1                ; more stable temporal accumulation]]
[2020.02.13-17.03.56:242][  0]LogConfig: Setting CVar [[r.DOF.Kernel.MaxForegroundRadius:0.025]]
[2020.02.13-17.03.56:242][  0]LogConfig: Setting CVar [[r.DOF.Kernel.MaxBackgroundRadius:0.025]]
[2020.02.13-17.03.56:242][  0]LogConfig: Applying CVar settings from Section [TextureQuality@3] File [E:/Team1_Journeyman2020/CastleOfTheDead - Commit Here/Saved/Config/Windows/Scalability.ini]
[2020.02.13-17.03.56:242][  0]LogConfig: Setting CVar [[r.Streaming.MipBias:0]]
[2020.02.13-17.03.56:242][  0]LogConfig: Setting CVar [[r.Streaming.AmortizeCPUToGPUCopy:0]]
[2020.02.13-17.03.56:242][  0]LogConfig: Setting CVar [[r.Streaming.MaxNumTexturesToStreamPerFrame:0]]
[2020.02.13-17.03.56:242][  0]LogConfig: Setting CVar [[r.Streaming.Boost:1]]
[2020.02.13-17.03.56:242][  0]LogConfig: Setting CVar [[r.MaxAnisotropy:8]]
[2020.02.13-17.03.56:242][  0]LogConfig: Setting CVar [[r.Streaming.LimitPoolSizeToVRAM:0]]
[2020.02.13-17.03.56:242][  0]LogConfig: Setting CVar [[r.Streaming.PoolSize:1000]]
[2020.02.13-17.03.56:242][  0]LogConfig: Setting CVar [[r.Streaming.MaxEffectiveScreenSize:0]]
[2020.02.13-17.03.56:242][  0]LogConfig: Applying CVar settings from Section [EffectsQuality@3] File [E:/Team1_Journeyman2020/CastleOfTheDead - Commit Here/Saved/Config/Windows/Scalability.ini]
[2020.02.13-17.03.56:242][  0]LogConfig: Setting CVar [[r.TranslucencyLightingVolumeDim:4]]
[2020.02.13-17.03.56:242][  0]LogConfig: Setting CVar [[r.RefractionQuality:2]]
[2020.02.13-17.03.56:242][  0]LogConfig: Setting CVar [[r.SSR.Quality:0]]
[2020.02.13-17.03.56:242][  0]LogConfig: Setting CVar [[r.SceneColorFormat:2]]
[2020.02.13-17.03.56:242][  0]LogConfig: Setting CVar [[r.DetailMode:2]]
[2020.02.13-17.03.56:242][  0]LogConfig: Setting CVar [[r.TranslucencyVolumeBlur:0]]
[2020.02.13-17.03.56:242][  0]LogConfig: Setting CVar [[r.MaterialQualityLevel:1 ; High quality]]
[2020.02.13-17.03.56:242][  0]LogConfig: Setting CVar [[r.SSS.Scale:1]]
[2020.02.13-17.03.56:242][  0]LogConfig: Setting CVar [[r.SSS.SampleSet:2]]
[2020.02.13-17.03.56:243][  0]LogConfig: Setting CVar [[r.SSS.Quality:1]]
[2020.02.13-17.03.56:243][  0]LogConfig: Setting CVar [[r.SSS.HalfRes:1]]
[2020.02.13-17.03.56:243][  0]LogConfig: Setting CVar [[r.EmitterSpawnRateScale:1.0]]
[2020.02.13-17.03.56:243][  0]LogConfig: Setting CVar [[r.ParticleLightQuality:2]]
[2020.02.13-17.03.56:243][  0]LogConfig: Applying CVar settings from Section [FoliageQuality@3] File [E:/Team1_Journeyman2020/CastleOfTheDead - Commit Here/Saved/Config/Windows/Scalability.ini]
[2020.02.13-17.03.56:243][  0]LogConfig: Setting CVar [[foliage.DensityScale:1.0]]
[2020.02.13-17.03.56:243][  0]LogConfig: Setting CVar [[grass.DensityScale:1.0]]
[2020.02.13-17.03.56:243][  0]LogConfig: Applying CVar settings from Section [Startup] File [../../../Engine/Config/ConsoleVariables.ini]
[2020.02.13-17.03.56:284][  0]LogConfig: Setting CVar [[net.UseAdaptiveNetUpdateFrequency:0]]
[2020.02.13-17.03.56:284][  0]LogConfig: Applying CVar settings from Section [ConsoleVariables] File [E:/Team1_Journeyman2020/CastleOfTheDead - Commit Here/Saved/Config/Windows/Engine.ini]
[2020.02.13-17.03.56:284][  0]LogInit: Computer: DESKTOP-C3K09T5
[2020.02.13-17.03.56:284][  0]LogInit: User: Calum
[2020.02.13-17.03.56:284][  0]LogInit: CPU Page size=4096, Cores=4
[2020.02.13-17.03.56:284][  0]LogInit: High frequency timer resolution =10.000000 MHz
[2020.02.13-17.03.56:285][  0]LogMemory: Memory total: Physical=8.0GB (8GB approx)
[2020.02.13-17.03.56:285][  0]LogMemory: Platform Memory Stats for Windows
[2020.02.13-17.03.56:285][  0]LogMemory: Process Physical Memory: 108.42 MB used, 108.43 MB peak
[2020.02.13-17.03.56:285][  0]LogMemory: Process Virtual Memory: 99.44 MB used, 99.44 MB peak
[2020.02.13-17.03.56:285][  0]LogMemory: Physical Memory: 6661.74 MB used,  1490.20 MB free, 8151.94 MB total
[2020.02.13-17.03.56:285][  0]LogMemory: Virtual Memory: 4647.94 MB used,  134213080.00 MB free, 134217728.00 MB total
[2020.02.13-17.03.56:618][  0]LogInit: Using OS detected language (en-GB).
[2020.02.13-17.03.56:618][  0]LogInit: Using OS detected locale (en-GB).
[2020.02.13-17.03.56:620][  0]LogTextLocalizationManager: No specific localization for 'en-GB' exists, so the 'en' localization will be used.
[2020.02.13-17.03.58:334][  0]LogStreaming: Display: Took  1.717s to InitEngineTextLocalization.
[2020.02.13-17.03.58:335][  0]LogInit: Setting process to per monitor DPI aware
[2020.02.13-17.03.58:486][  0]LogSlate: New Slate User Created.  User Index 0, Is Virtual User: 0
[2020.02.13-17.03.58:486][  0]LogSlate: Slate User Registered.  User Index 0, Is Virtual User: 0
[2020.02.13-17.03.59:296][  0]LogD3D11RHI: D3D11 adapters:
[2020.02.13-17.03.59:354][  0]LogD3D11RHI:    0. 'AMD Radeon (TM) R9 390 Series' (Feature Level 11_0)
[2020.02.13-17.03.59:354][  0]LogD3D11RHI:       8168/0/4075 MB DedicatedVideo/DedicatedSystem/SharedSystem, Outputs:1, VendorId:0x1002
[2020.02.13-17.03.59:359][  0]LogD3D11RHI:    1. 'Microsoft Basic Render Driver' (Feature Level 11_0)
[2020.02.13-17.03.59:359][  0]LogD3D11RHI:       0/0/4075 MB DedicatedVideo/DedicatedSystem/SharedSystem, Outputs:0, VendorId:0x1414
[2020.02.13-17.03.59:359][  0]LogD3D11RHI: Chosen D3D11 Adapter: 0
[2020.02.13-17.03.59:367][  0]LogD3D11RHI: Creating new Direct3DDevice
[2020.02.13-17.03.59:367][  0]LogD3D11RHI:     GPU DeviceId: 0x67b0 (for the marketing name, search the web for "GPU Device Id")
[2020.02.13-17.03.59:367][  0]LogWindows: EnumDisplayDevices:
[2020.02.13-17.03.59:368][  0]LogWindows:    0. 'AMD Radeon (TM) R9 390 Series' (P:1 D:1)
[2020.02.13-17.03.59:368][  0]LogWindows:    1. 'AMD Radeon (TM) R9 390 Series' (P:0 D:0)
[2020.02.13-17.03.59:369][  0]LogWindows:    2. 'AMD Radeon (TM) R9 390 Series' (P:0 D:0)
[2020.02.13-17.03.59:370][  0]LogWindows:    3. 'AMD Radeon (TM) R9 390 Series' (P:0 D:0)
[2020.02.13-17.03.59:370][  0]LogWindows:    4. 'AMD Radeon (TM) R9 390 Series' (P:0 D:0)
[2020.02.13-17.03.59:371][  0]LogWindows:    5. 'AMD Radeon (TM) R9 390 Series' (P:0 D:0)
[2020.02.13-17.03.59:371][  0]LogWindows:    6. 'AMD Radeon (TM) R9 390 Series' (P:0 D:0)
[2020.02.13-17.03.59:372][  0]LogWindows:    7. 'AMD Radeon (TM) R9 390 Series' (P:0 D:0)
[2020.02.13-17.03.59:372][  0]LogWindows: DebugString: FoundDriverCount:8 
[2020.02.13-17.03.59:372][  0]LogD3D11RHI:     Adapter Name: AMD Radeon (TM) R9 390 Series
[2020.02.13-17.03.59:372][  0]LogD3D11RHI:   Driver Version: Adrenalin 2019 19.11.2 (internal:26.20.13031.15006, unified:26.20.13031.15006)
[2020.02.13-17.03.59:372][  0]LogD3D11RHI:      Driver Date: 11-12-2019
[2020.02.13-17.03.59:372][  0]LogRHI: Texture pool is 5717 MB (70% of 8168 MB)
[2020.02.13-17.03.59:420][  0]LogD3D11RHI: Async texture creation enabled
[2020.02.13-17.03.59:446][  0]LogD3D11RHI: GPU Timing Frequency: 27.000000 (Debug: 2 1)
[2020.02.13-17.04.00:396][  0]LogTemp: Display: Loaded TP AllDesktopTargetPlatform
[2020.02.13-17.04.00:418][  0]LogTemp: Display: Loaded TP MacClientTargetPlatform
[2020.02.13-17.04.00:432][  0]LogTemp: Display: Loaded TP MacNoEditorTargetPlatform
[2020.02.13-17.04.00:446][  0]LogTemp: Display: Loaded TP MacServerTargetPlatform
[2020.02.13-17.04.00:470][  0]LogTemp: Display: Loaded TP MacTargetPlatform
[2020.02.13-17.04.00:496][  0]LogTemp: Display: Loaded TP WindowsClientTargetPlatform
[2020.02.13-17.04.00:510][  0]LogTemp: Display: Loaded TP WindowsNoEditorTargetPlatform
[2020.02.13-17.04.00:524][  0]LogTemp: Display: Loaded TP WindowsServerTargetPlatform
[2020.02.13-17.04.00:530][  0]LogTemp: Display: Loaded TP WindowsTargetPlatform
[2020.02.13-17.04.00:628][  0]LogTemp: Display: Loaded TP AndroidTargetPlatform
[2020.02.13-17.04.00:629][  0]LogTemp: Display: Loaded TP AndroidTargetPlatform
[2020.02.13-17.04.00:629][  0]LogTemp: Display: Loaded TP AndroidTargetPlatform
[2020.02.13-17.04.00:629][  0]LogTemp: Display: Loaded TP AndroidTargetPlatform
[2020.02.13-17.04.00:629][  0]LogTemp: Display: Loaded TP AndroidTargetPlatform
[2020.02.13-17.04.00:629][  0]LogTemp: Display: Loaded TP AndroidTargetPlatform
[2020.02.13-17.04.00:629][  0]LogTemp: Display: Loaded TP AndroidTargetPlatform
[2020.02.13-17.04.00:629][  0]LogTemp: Display: Loaded TP AndroidTargetPlatform
[2020.02.13-17.04.00:629][  0]LogTemp: Display: Loaded TP AndroidTargetPlatform
[2020.02.13-17.04.00:629][  0]LogTemp: Display: Loaded TP AndroidTargetPlatform
[2020.02.13-17.04.00:629][  0]LogTemp: Display: Loaded TP AndroidTargetPlatform
[2020.02.13-17.04.00:629][  0]LogTemp: Display: Loaded TP AndroidTargetPlatform
[2020.02.13-17.04.00:629][  0]LogTemp: Display: Loaded TP AndroidTargetPlatform
[2020.02.13-17.04.00:629][  0]LogTemp: Display: Loaded TP AndroidTargetPlatform
[2020.02.13-17.04.00:629][  0]LogTemp: Display: Loaded TP AndroidTargetPlatform
[2020.02.13-17.04.00:629][  0]LogTemp: Display: Loaded TP AndroidTargetPlatform
[2020.02.13-17.04.00:629][  0]LogTemp: Display: Loaded TP AndroidTargetPlatform
[2020.02.13-17.04.00:629][  0]LogTemp: Display: Loaded TP AndroidTargetPlatform
[2020.02.13-17.04.00:637][  0]LogTemp: Display: Loaded TP HTML5TargetPlatform
[2020.02.13-17.04.00:751][  0]LogTemp: Display: Loaded TP IOSTargetPlatform
[2020.02.13-17.04.00:751][  0]LogTemp: Display: Loaded TP IOSTargetPlatform
[2020.02.13-17.04.00:803][  0]LogTemp: Display: Loaded TP TVOSTargetPlatform
[2020.02.13-17.04.00:803][  0]LogTemp: Display: Loaded TP TVOSTargetPlatform
[2020.02.13-17.04.00:862][  0]LogTemp: Display: Loaded TP LinuxClientTargetPlatform
[2020.02.13-17.04.00:878][  0]LogTemp: Display: Loaded TP LinuxNoEditorTargetPlatform
[2020.02.13-17.04.00:905][  0]LogTemp: Display: Loaded TP LinuxServerTargetPlatform
[2020.02.13-17.04.00:929][  0]LogTemp: Display: Loaded TP LinuxTargetPlatform
[2020.02.13-17.04.00:989][  0]LogTemp: Display: Loaded TP LuminTargetPlatform
[2020.02.13-17.04.00:989][  0]LogTemp: Display: Loaded TP LuminTargetPlatform
[2020.02.13-17.04.00:989][  0]LogTargetPlatformManager: Display: Building Assets For Windows
[2020.02.13-17.04.01:258][  0]LogShaderCompilers: Guid format shader working directory is -22 characters bigger than the processId version (../../../../../../Team1_Journeyman2020/CastleOfTheDead - Commit Here/Intermediate/Shaders/WorkingDirectory/6088/).
[2020.02.13-17.04.01:258][  0]LogShaderCompilers: Cleaned the shader compiler working directory 'C:/Users/Calum/AppData/Local/Temp/UnrealShaderWorkingDir/9AD0CB7849F4062FADCE10BD815CB56D/'.
[2020.02.13-17.04.01:261][  0]LogXGEController: Cannot use XGE Controller as Incredibuild is not installed on this machine.
[2020.02.13-17.04.01:261][  0]LogShaderCompilers: Cannot use XGE Shader Compiler as Incredibuild is not installed on this machine.
[2020.02.13-17.04.01:261][  0]LogShaderCompilers: Display: Using Local Shader Compiler.
[2020.02.13-17.04.02:410][  0]LogDerivedDataCache: Display: Max Cache Size: 512 MB
[2020.02.13-17.04.02:778][  0]LogDerivedDataCache: Loaded boot cache 0.37s 72MB C:/Users/Calum/AppData/Local/UnrealEngine/4.21/DerivedDataCache/Boot.ddc.
[2020.02.13-17.04.02:778][  0]LogDerivedDataCache: Display: Loaded Boot cache: C:/Users/Calum/AppData/Local/UnrealEngine/4.21/DerivedDataCache/Boot.ddc
[2020.02.13-17.04.02:778][  0]LogDerivedDataCache: FDerivedDataBackendGraph:  Pak pak cache file ../../../../../../Team1_Journeyman2020/CastleOfTheDead - Commit Here/DerivedDataCache/DDC.ddp not found, will not use a pak cache.
[2020.02.13-17.04.02:778][  0]LogDerivedDataCache: Unable to find inner node Pak for hierarchical cache Hierarchy.
[2020.02.13-17.04.02:778][  0]LogDerivedDataCache: FDerivedDataBackendGraph:  CompressedPak pak cache file ../../../../../../Team1_Journeyman2020/CastleOfTheDead - Commit Here/DerivedDataCache/Compressed.ddp not found, will not use a pak cache.
[2020.02.13-17.04.02:778][  0]LogDerivedDataCache: Unable to find inner node CompressedPak for hierarchical cache Hierarchy.
[2020.02.13-17.04.02:809][  0]LogDerivedDataCache: Display: Pak cache opened for reading ../../../Engine/DerivedDataCache/Compressed.ddp.
[2020.02.13-17.04.02:809][  0]LogDerivedDataCache: FDerivedDataBackendGraph:  EnterprisePak pak cache file ../../../Enterprise/DerivedDataCache/Compressed.ddp not found, will not use a pak cache.
[2020.02.13-17.04.02:809][  0]LogDerivedDataCache: Unable to find inner node EnterprisePak for hierarchical cache Hierarchy.
[2020.02.13-17.04.02:831][  0]LogDerivedDataCache: Using Local data cache path C:/Users/Calum/AppData/Local/UnrealEngine/Common/DerivedDataCache: Writable
[2020.02.13-17.04.02:831][  0]LogDerivedDataCache: Shared data cache path not found in *engine.ini, will not use an Shared cache.
[2020.02.13-17.04.02:831][  0]LogDerivedDataCache: Unable to find inner node Shared for hierarchical cache Hierarchy.
[2020.02.13-17.04.02:862][  0]LogMaterial: Verifying Global Shaders for PCD3D_SM5
[2020.02.13-17.04.02:864][  0]LogSlate: Using FreeType 2.6.0
[2020.02.13-17.04.02:894][  0]LogSlate: SlateFontServices - WITH_FREETYPE: 1, WITH_HARFBUZZ: 1
[2020.02.13-17.04.03:941][  0]LogAssetRegistry: FAssetRegistry took 0.1175 seconds to start up
[2020.02.13-17.04.04:441][  0]LogInit: Selected Device Profile: [Windows]
[2020.02.13-17.04.04:959][  0]LogSimplygon: Simplygon DLL not present - disabling.
[2020.02.13-17.04.05:011][  0]LogMeshReduction: Using SimplygonSwarm for distributed automatic mesh merging
[2020.02.13-17.04.05:011][  0]LogMeshReduction: Using ProxyLODMeshReduction for automatic mesh merging
[2020.02.13-17.04.05:011][  0]LogMeshReduction: Using QuadricMeshReduction for automatic static mesh reduction
[2020.02.13-17.04.05:011][  0]LogMeshReduction: No automatic skeletal mesh reduction module available
[2020.02.13-17.04.05:138][  0]LogNetVersion: CastleOfTheDead 1.0.0, NetCL: 4541578, EngineNetVer: 5, GameNetVer: 0 (Checksum: 192157307)
[2020.02.13-17.04.06:701][  0]LogPackageLocalizationCache: Processed 11 localized package path(s) for 2 prioritized culture(s) in 0.184190 seconds
[2020.02.13-17.04.06:708][  0]LogUObjectArray: 39775 objects as part of root set at end of initial load.
[2020.02.13-17.04.06:708][  0]LogUObjectAllocator: 6914656 out of 0 bytes used by permanent object pool.
[2020.02.13-17.04.06:708][  0]LogUObjectArray: CloseDisregardForGC: 0/0 objects in disregard for GC pool
[2020.02.13-17.04.19:642][  0]LogTcpMessaging: Initializing TcpMessaging bridge
[2020.02.13-17.04.19:701][  0]LogUdpMessaging: Initializing bridge on interface 0.0.0.0:0 to multicast group 230.0.0.1:6666.
[2020.02.13-17.04.21:406][  0]SourceControl: Source control is disabled
[2020.02.13-17.04.21:406][  0]SourceControl: Source control is disabled
[2020.02.13-17.04.21:446][  0]SourceControl: Source control is disabled
[2020.02.13-17.04.21:462][  0]SourceControl: Source control is disabled
[2020.02.13-17.04.22:203][  0]LogAndroidPermission: UAndroidPermissionCallbackProxy::GetInstance
[2020.02.13-17.04.22:764][  0]LogOcInput: OculusInput pre-init called
[2020.02.13-17.04.23:120][  0]LogEngine: Initializing Engine...
[2020.02.13-17.04.23:120][  0]LogHMD: Oculus plugin initialized. Version: 4.21.2-4753647+++UE4+Release-4.21, OVRPlugin: 1.28.0
[2020.02.13-17.04.23:122][  0]LogStats: UGameplayTagsManager::ConstructGameplayTagTree: ImportINI prefixes -  0.000 s
[2020.02.13-17.04.23:122][  0]LogStats: UGameplayTagsManager::ConstructGameplayTagTree: Construct from data asset -  0.000 s
[2020.02.13-17.04.23:123][  0]LogStats: UGameplayTagsManager::ConstructGameplayTagTree: ImportINI -  0.000 s
[2020.02.13-17.04.23:123][  0]LogStats: UGameplayTagsManager::ConstructGameplayTagTree: GameplayTagTreeChangedEvent.Broadcast -  0.000 s
[2020.02.13-17.04.23:512][  0]LogInit: Initializing FReadOnlyCVARCache
[2020.02.13-17.04.23:621][  0]LogAIModule: Creating AISystem for world Untitled
[2020.02.13-17.04.23:792][  0]LogInit: XAudio2 using 'Speakers (C-Media USB Audio Device   )' : 2 channels at 48 kHz using 16 bits per sample (channel mask 0x3)
[2020.02.13-17.04.23:892][  0]LogInit: FAudioDevice initialized.
[2020.02.13-17.04.23:892][  0]LogNetVersion: Set ProjectVersion to 1.0.0.0. Version Checksum will be recalculated on next use.
[2020.02.13-17.04.24:103][  0]LogDerivedDataCache: Saved boot cache 0.21s 72MB C:/Users/Calum/AppData/Local/UnrealEngine/4.21/DerivedDataCache/Boot.ddc.
[2020.02.13-17.04.24:120][  0]LogInit: Texture streaming: Enabled
[2020.02.13-17.04.24:310][  0]LogEngineSessionManager: EngineSessionManager initialized
[2020.02.13-17.04.24:378][  0]LogInit: Transaction tracking system initialized
[2020.02.13-17.04.24:682][  0]BlueprintLog: New page: Editor Load
[2020.02.13-17.04.25:163][  0]LocalizationService: Localization service is disabled
[2020.02.13-17.04.27:351][  0]LogFileCache: Scanning file cache for directory 'E:/Team1_Journeyman2020/CastleOfTheDead - Commit Here/Content/' took 0.02s
[2020.02.13-17.04.27:352][  0]LogCook: Display: Max memory allowance for cook 16384mb min free memory 0mb
[2020.02.13-17.04.27:352][  0]LogCook: Display: Mobile HDR setting 1
[2020.02.13-17.04.27:352][  0]LogGameplayTags: Display: UGameplayTagsManager::DoneAddingNativeTags. DelegateIsBound: 0
[2020.02.13-17.04.27:352][  0]LogStats: UGameplayTagsManager::ConstructGameplayTagTree: ImportINI prefixes -  0.000 s
[2020.02.13-17.04.27:352][  0]LogStats: UGameplayTagsManager::ConstructGameplayTagTree: Construct from data asset -  0.000 s
[2020.02.13-17.04.27:352][  0]LogStats: UGameplayTagsManager::ConstructGameplayTagTree: ImportINI -  0.000 s
[2020.02.13-17.04.27:352][  0]LogStats: UGameplayTagsManager::ConstructGameplayTagTree: GameplayTagTreeChangedEvent.Broadcast -  0.000 s
[2020.02.13-17.04.33:333][  0]LogLinker: Warning: Can't find file '/Game/CalumBell_ContentFolder/EMP/Sphere2'
[2020.02.13-17.04.33:333][  0]LogLinker: Warning: Can't find file for asset '/Game/CalumBell_ContentFolder/EMP/Sphere2' while loading ../../../Engine/Content/BasicShapes/Sphere.uasset.
[2020.02.13-17.04.33:333][  0]LoadErrors: Error: /Engine/BasicShapes/Sphere : Can't find file for asset. /Game/CalumBell_ContentFolder/EMP/Sphere2
[2020.02.13-17.04.33:333][  0]LogLinker: Warning: Can't find file '/Game/CalumBell_ContentFolder/EMP/Sphere2'
[2020.02.13-17.04.33:333][  0]LogLinker: Warning: Can't find file for asset '/Game/CalumBell_ContentFolder/EMP/Sphere2' while loading ../../../Engine/Content/BasicShapes/Sphere.uasset.
[2020.02.13-17.04.33:333][  0]LoadErrors: Error: /Engine/BasicShapes/Sphere : Can't find file for asset. /Game/CalumBell_ContentFolder/EMP/Sphere2
[2020.02.13-17.04.33:333][  0]LogLinker: Warning: Can't find file '/Game/CalumBell_ContentFolder/EMP/Sphere2'
[2020.02.13-17.04.33:334][  0]LoadErrors: Failed to load /Game/CalumBell_ContentFolder/EMP/Sphere2.Sphere2 Referenced by Sphere
[2020.02.13-17.04.33:334][  0]LogLinker: Warning: Can't find file for asset '/Game/CalumBell_ContentFolder/EMP/Sphere2' while loading NULL.
[2020.02.13-17.04.33:334][  0]LoadErrors: Failed to load /Game/CalumBell_ContentFolder/EMP/Sphere2.Sphere2 Referenced by Sphere
[2020.02.13-17.04.33:334][  0]LogUObjectGlobals: Warning: Failed to find object 'StaticMesh /Engine/BasicShapes/Sphere.Sphere'
[2020.02.13-17.04.33:920][  0]SourceControl: Source control is disabled
[2020.02.13-17.04.33:920][  0]Cmd: MAP LOAD FILE="../../../../../../Team1_Journeyman2020/CastleOfTheDead - Commit Here/Content/VirtualRealityBP/Maps/MotionControllerMap.umap" TEMPLATE=0 SHOWPROGRESS=1 FEATURELEVEL=3
[2020.02.13-17.04.34:037][  0]LightingResults: New page: Lighting Build
[2020.02.13-17.04.34:051][  0]MapCheck: New page: Map Check
[2020.02.13-17.04.34:051][  0]LightingResults: New page: Lighting Build
[2020.02.13-17.04.34:331][  0]LogLinker: Warning: Can't find file '/Game/M_Space'
[2020.02.13-17.04.34:331][  0]LogLinker: Warning: Can't find file for asset '/Game/M_Space' while loading ../../../Engine/Content/EngineSky/BP_Sky_Sphere.uasset.
[2020.02.13-17.04.34:331][  0]LoadErrors: Error: /Engine/EngineSky/BP_Sky_Sphere : Can't find file for asset. /Game/M_Space
[2020.02.13-17.04.34:335][  0]LogLinker: Warning: Can't find file '/Game/M_Space'
[2020.02.13-17.04.34:335][  0]LogLinker: Warning: Can't find file for asset '/Game/M_Space' while loading ../../../Engine/Content/EngineSky/BP_Sky_Sphere.uasset.
[2020.02.13-17.04.34:335][  0]LoadErrors: Error: /Engine/EngineSky/BP_Sky_Sphere : Can't find file for asset. /Game/M_Space
[2020.02.13-17.04.34:337][  0]LogLinker: Warning: Can't find file '/Game/M_Space'
[2020.02.13-17.04.34:337][  0]LogLinker: Warning: Can't find file for asset '/Game/M_Space' while loading ../../../../../../Team1_Journeyman2020/CastleOfTheDead - Commit Here/Content/VirtualRealityBP/Maps/MotionControllerMap.umap.
[2020.02.13-17.04.34:337][  0]LoadErrors: Error: /Game/VirtualRealityBP/Maps/MotionControllerMap : Can't find file for asset. /Game/M_Space
[2020.02.13-17.04.34:338][  0]LogLinker: Warning: Can't find file '/Game/M_Space'
[2020.02.13-17.04.34:338][  0]LogLinker: Warning: Can't find file for asset '/Game/M_Space' while loading ../../../../../../Team1_Journeyman2020/CastleOfTheDead - Commit Here/Content/VirtualRealityBP/Maps/MotionControllerMap.umap.
[2020.02.13-17.04.34:338][  0]LoadErrors: Error: /Game/VirtualRealityBP/Maps/MotionControllerMap : Can't find file for asset. /Game/M_Space
[2020.02.13-17.04.34:339][  0]LogLinker: Warning: Can't find file '/Game/M_Space'
[2020.02.13-17.04.34:339][  0]LoadErrors: Failed to load /Game/M_Space.M_Space Referenced by K2Node_CallFunction_1
[2020.02.13-17.04.34:339][  0]LogLinker: Warning: Can't find file for asset '/Game/M_Space' while loading ../../../../../../Team1_Journeyman2020/CastleOfTheDead - Commit Here/Content/VirtualRealityBP/Maps/MotionControllerMap.umap.
[2020.02.13-17.04.34:339][  0]LoadErrors: Failed to load /Game/M_Space.M_Space Referenced by K2Node_CallFunction_1
[2020.02.13-17.04.34:339][  0]LoadErrors: Error: /Game/VirtualRealityBP/Maps/MotionControllerMap : Can't find file for asset. /Game/M_Space
[2020.02.13-17.04.35:303][  0]LogLinker: Warning: Can't find file '/Game/CalumBell_ContentFolder/EMP/Sphere2'
[2020.02.13-17.04.35:303][  0]LogLinker: Warning: Can't find file for asset '/Game/CalumBell_ContentFolder/EMP/Sphere2' while loading ../../../Engine/Content/BasicShapes/Sphere.uasset.
[2020.02.13-17.04.35:303][  0]LoadErrors: Error: /Engine/BasicShapes/Sphere : Can't find file for asset. /Game/CalumBell_ContentFolder/EMP/Sphere2
[2020.02.13-17.04.35:303][  0]LogLinker: Warning: Can't find file '/Game/CalumBell_ContentFolder/EMP/Sphere2'
[2020.02.13-17.04.35:303][  0]LogLinker: Warning: Can't find file for asset '/Game/CalumBell_ContentFolder/EMP/Sphere2' while loading ../../../Engine/Content/BasicShapes/Sphere.uasset.
[2020.02.13-17.04.35:303][  0]LoadErrors: Error: /Engine/BasicShapes/Sphere : Can't find file for asset. /Game/CalumBell_ContentFolder/EMP/Sphere2
[2020.02.13-17.04.35:304][  0]LogLinker: Warning: Can't find file '/Game/CalumBell_ContentFolder/EMP/Sphere2'
[2020.02.13-17.04.35:304][  0]LoadErrors: Failed to load /Game/CalumBell_ContentFolder/EMP/Sphere2.Sphere2 Referenced by Sphere
[2020.02.13-17.04.35:304][  0]LogLinker: Warning: Can't find file for asset '/Game/CalumBell_ContentFolder/EMP/Sphere2' while loading ../../../../../../Team1_Journeyman2020/CastleOfTheDead - Commit Here/Content/VirtualRealityBP/Blueprints/BP_MotionController.uasset.
[2020.02.13-17.04.35:304][  0]LoadErrors: Failed to load /Game/CalumBell_ContentFolder/EMP/Sphere2.Sphere2 Referenced by Sphere
[2020.02.13-17.04.35:304][  0]LoadErrors: Error: /Game/VirtualRealityBP/Blueprints/BP_MotionController : Can't find file for asset. /Game/CalumBell_ContentFolder/EMP/Sphere2
[2020.02.13-17.04.35:576][  0]LogLinker: Warning: Can't find file '/Game/CalumBell_ContentFolder/EMP/Sphere2'
[2020.02.13-17.04.35:576][  0]LoadErrors: Failed to load /Game/CalumBell_ContentFolder/EMP/Sphere2.Sphere2 Referenced by Sphere
[2020.02.13-17.04.35:576][  0]LogLinker: Warning: Can't find file for asset '/Game/CalumBell_ContentFolder/EMP/Sphere2' while loading ../../../../../../Team1_Journeyman2020/CastleOfTheDead - Commit Here/Content/VirtualRealityBP/Blueprints/BP_MotionController.uasset.
[2020.02.13-17.04.35:576][  0]LoadErrors: Failed to load /Game/CalumBell_ContentFolder/EMP/Sphere2.Sphere2 Referenced by Sphere
[2020.02.13-17.04.35:576][  0]LoadErrors: Error: /Game/VirtualRealityBP/Blueprints/BP_MotionController : Can't find file for asset. /Game/CalumBell_ContentFolder/EMP/Sphere2
[2020.02.13-17.04.35:836][  0]LogLinker: Warning: Can't find file '/Game/LevelGeometry/Texture/Textures/T_BasicGrid_M'
[2020.02.13-17.04.35:836][  0]LogLinker: Warning: Can't find file for asset '/Game/LevelGeometry/Texture/Textures/T_BasicGrid_M' while loading ../../../../../../Team1_Journeyman2020/CastleOfTheDead - Commit Here/Content/Geometry/LevelGeometry/Materials/MaterialFunctions/Texture/Tex_SimpleGrid.uasset.
[2020.02.13-17.04.35:837][  0]LoadErrors: Error: /Game/Geometry/LevelGeometry/Materials/MaterialFunctions/Texture/Tex_SimpleGrid : Can't find file for asset. /Game/LevelGeometry/Texture/Textures/T_BasicGrid_M
[2020.02.13-17.04.35:837][  0]LogLinker: Warning: Can't find file '/Game/LevelGeometry/Texture/Textures/T_BasicGrid_M'
[2020.02.13-17.04.35:837][  0]LogLinker: Warning: Can't find file for asset '/Game/LevelGeometry/Texture/Textures/T_BasicGrid_M' while loading ../../../../../../Team1_Journeyman2020/CastleOfTheDead - Commit Here/Content/Geometry/LevelGeometry/Materials/MaterialFunctions/Texture/Tex_SimpleGrid.uasset.
[2020.02.13-17.04.35:837][  0]LoadErrors: Error: /Game/Geometry/LevelGeometry/Materials/MaterialFunctions/Texture/Tex_SimpleGrid : Can't find file for asset. /Game/LevelGeometry/Texture/Textures/T_BasicGrid_M
[2020.02.13-17.04.35:970][  0]LogLinker: Warning: Can't find file '/Game/LevelGeometry/Texture/Textures/T_BasicGrid_M'
[2020.02.13-17.04.35:970][  0]LoadErrors: Failed to load /Game/LevelGeometry/Texture/Textures/T_BasicGrid_M.T_BasicGrid_M Referenced by MaterialExpressionTextureObject_0
[2020.02.13-17.04.35:971][  0]LogLinker: Warning: Can't find file for asset '/Game/LevelGeometry/Texture/Textures/T_BasicGrid_M' while loading NULL.
[2020.02.13-17.04.35:971][  0]LoadErrors: Failed to load /Game/LevelGeometry/Texture/Textures/T_BasicGrid_M.T_BasicGrid_M Referenced by MaterialExpressionTextureObject_0
[2020.02.13-17.04.36:400][  0]LogAIModule: Creating AISystem for world MotionControllerMap
[2020.02.13-17.04.36:413][  0]LogEditorServer: Finished looking for orphan Actors (0.000 secs)
[2020.02.13-17.04.37:078][  0]Cmd: MAP CHECKDEP NOCLEARLOG
[2020.02.13-17.04.37:079][  0]MapCheck: Map check complete: 0 Error(s), 0 Warning(s), took 0.267ms to complete.
[2020.02.13-17.04.37:079][  0]LogFileHelpers: Loading map 'MotionControllerMap' took 3.159
[2020.02.13-17.05.04:051][  0]LogSlate: Updating window title bar state: overlay mode, drag disabled, window buttons hidden, title bar hidden
[2020.02.13-17.05.06:282][  0]LogSlate: Updating window title bar state: overlay mode, drag disabled, window buttons hidden, title bar hidden
[2020.02.13-17.05.06:292][  0]LogSlate: Updating window title bar state: overlay mode, drag disabled, window buttons hidden, title bar hidden
[2020.02.13-17.05.06:303][  0]LogSlate: Updating window title bar state: overlay mode, drag disabled, window buttons hidden, title bar hidden
[2020.02.13-17.05.06:336][  0]LogCollectionManager: Loaded 0 collections in 0.001793 seconds
[2020.02.13-17.05.06:526][  0]LogFileCache: Scanning file cache for directory 'E:/Team1_Journeyman2020/CastleOfTheDead - Commit Here/Saved/Collections/' took 0.03s
[2020.02.13-17.05.06:526][  0]LogFileCache: Scanning file cache for directory 'E:/Team1_Journeyman2020/CastleOfTheDead - Commit Here/Content/Developers/Calum/Collections/' took 0.03s
[2020.02.13-17.05.06:526][  0]LogFileCache: Scanning file cache for directory 'E:/Team1_Journeyman2020/CastleOfTheDead - Commit Here/Content/Collections/' took 0.04s
[2020.02.13-17.05.06:526][  0]LogCollectionManager: Rebuilt the GUID cache for 0 collections in 0.000002 seconds
[2020.02.13-17.05.06:539][  0]LogContentBrowser: Native class hierarchy populated in 0.0123 seconds. Added 2651 classes and 620 folders.
[2020.02.13-17.05.06:569][  0]LogContentBrowser: Native class hierarchy updated for 'WidgetCarousel' in 0.0005 seconds. Added 0 classes and 0 folders.
[2020.02.13-17.05.06:588][  0]LogPakFile: Registered encryption key '00000000000000000000000000000000': 0 pak files mounted, 0 remain pending
[2020.02.13-17.05.06:631][  0]LogPakFile: Registered encryption key '00000000000000000000000000000000': 0 pak files mounted, 0 remain pending
[2020.02.13-17.05.06:685][  0]LogPakFile: Registered encryption key '00000000000000000000000000000000': 0 pak files mounted, 0 remain pending
[2020.02.13-17.05.06:713][  0]LogPakFile: Registered encryption key '00000000000000000000000000000000': 0 pak files mounted, 0 remain pending
[2020.02.13-17.05.06:728][  0]LogPakFile: Registered encryption key '00000000000000000000000000000000': 0 pak files mounted, 0 remain pending
[2020.02.13-17.05.06:738][  0]LogPakFile: Registered encryption key '00000000000000000000000000000000': 0 pak files mounted, 0 remain pending
[2020.02.13-17.05.06:791][  0]LogPakFile: Registered encryption key '00000000000000000000000000000000': 0 pak files mounted, 0 remain pending
[2020.02.13-17.05.06:803][  0]LogPakFile: Registered encryption key '00000000000000000000000000000000': 0 pak files mounted, 0 remain pending
[2020.02.13-17.05.06:824][  0]LogPakFile: Registered encryption key '00000000000000000000000000000000': 0 pak files mounted, 0 remain pending
[2020.02.13-17.05.06:874][  0]LogPakFile: Registered encryption key '00000000000000000000000000000000': 0 pak files mounted, 0 remain pending
[2020.02.13-17.05.06:886][  0]LogPakFile: Registered encryption key '00000000000000000000000000000000': 0 pak files mounted, 0 remain pending
[2020.02.13-17.05.06:898][  0]LogPakFile: Registered encryption key '00000000000000000000000000000000': 0 pak files mounted, 0 remain pending
[2020.02.13-17.05.06:908][  0]LogPakFile: Registered encryption key '00000000000000000000000000000000': 0 pak files mounted, 0 remain pending
[2020.02.13-17.05.06:918][  0]LogPakFile: Registered encryption key '00000000000000000000000000000000': 0 pak files mounted, 0 remain pending
[2020.02.13-17.05.06:929][  0]LogPakFile: Registered encryption key '00000000000000000000000000000000': 0 pak files mounted, 0 remain pending
[2020.02.13-17.05.06:937][  0]LogPakFile: Registered encryption key '00000000000000000000000000000000': 0 pak files mounted, 0 remain pending
[2020.02.13-17.05.07:011][  0]LogPakFile: Registered encryption key '00000000000000000000000000000000': 0 pak files mounted, 0 remain pending
[2020.02.13-17.05.07:020][  0]LogPakFile: Registered encryption key '00000000000000000000000000000000': 0 pak files mounted, 0 remain pending
[2020.02.13-17.05.07:029][  0]LogPakFile: Registered encryption key '00000000000000000000000000000000': 0 pak files mounted, 0 remain pending
[2020.02.13-17.05.07:051][  0]LogPakFile: Registered encryption key '00000000000000000000000000000000': 0 pak files mounted, 0 remain pending
[2020.02.13-17.05.07:090][  0]LogPakFile: Registered encryption key '00000000000000000000000000000000': 0 pak files mounted, 0 remain pending
[2020.02.13-17.05.07:098][  0]LogPakFile: Registered encryption key '00000000000000000000000000000000': 0 pak files mounted, 0 remain pending
[2020.02.13-17.05.07:107][  0]LogPakFile: Registered encryption key '00000000000000000000000000000000': 0 pak files mounted, 0 remain pending
[2020.02.13-17.05.07:124][  0]LogPakFile: Registered encryption key '00000000000000000000000000000000': 0 pak files mounted, 0 remain pending
[2020.02.13-17.05.07:144][  0]LogPakFile: Registered encryption key '00000000000000000000000000000000': 0 pak files mounted, 0 remain pending
[2020.02.13-17.05.07:154][  0]LogPakFile: Registered encryption key '00000000000000000000000000000000': 0 pak files mounted, 0 remain pending
[2020.02.13-17.05.07:729][  0]LogContentBrowser: Native class hierarchy updated for 'AddContentDialog' in 0.0004 seconds. Added 0 classes and 0 folders.
[2020.02.13-17.05.07:761][  0]LogContentBrowser: Native class hierarchy updated for 'SceneOutliner' in 0.0007 seconds. Added 1 classes and 2 folders.
[2020.02.13-17.05.07:797][  0]LogContentBrowser: Native class hierarchy updated for 'WorldBrowser' in 0.0004 seconds. Added 2 classes and 3 folders.
[2020.02.13-17.05.07:941][  0]LogSlate: Took 0.009986 seconds to synchronously load lazily loaded font '../../../Engine/Content/Slate/Fonts/Roboto-Regular.ttf' (155K)
[2020.02.13-17.05.07:953][  0]LogSlate: Took 0.007594 seconds to synchronously load lazily loaded font '../../../Engine/Content/Slate/Fonts/Roboto-Bold.ttf' (160K)
[2020.02.13-17.05.07:965][  0]LogSlate: Took 0.009303 seconds to synchronously load lazily loaded font '../../../Engine/Content/Editor/Slate/Fonts/FontAwesome.ttf' (139K)
[2020.02.13-17.05.08:069][  0]LogRenderer: Reallocating scene render targets to support 1588x684 Format 26 NumSamples 1 (Frame:1).
[2020.02.13-17.05.08:912][  0]LogContentBrowser: Native class hierarchy updated for 'HierarchicalLODOutliner' in 0.0004 seconds. Added 0 classes and 0 folders.
[2020.02.13-17.05.08:913][  0]LogLoad: (Engine Initialization) Total time: 78.04 seconds
[2020.02.13-17.05.08:913][  0]LogLoad: (Engine Initialization) Total Blueprint compile time: 0.00 seconds
[2020.02.13-17.05.08:973][  0]LogOcInput: OculusInput is initialized
[2020.02.13-17.05.08:981][  0]LoadErrors: Error: /Game/VirtualRealityBP/Blueprints/BP_MotionController : Failed import for StaticMesh /Engine/BasicShapes/Sphere.Sphere [redirection] in /Game/VirtualRealityBP/Blueprints/BP_MotionController Referenced by export StaticMeshComponent /Game/VirtualRealityBP/Blueprints/BP_MotionController.BP_MotionController_C:ArcEndPoint_GEN_VARIABLE
[2020.02.13-17.05.17:210][  0]LogContentStreaming: Texture pool size now 1000 MB
[2020.02.13-17.05.17:221][  0]LogSlate: FSceneViewport::OnFocusLost() reason 2
[2020.02.13-17.07.17:456][  2]LogSlate: Took 6.784258 seconds to synchronously load lazily loaded font '../../../Engine/Content/Slate/Fonts/Roboto-Light.ttf' (167K)
[2020.02.13-17.07.17:464][  2]LogSlate: Took 0.000442 seconds to synchronously load lazily loaded font '../../../Engine/Content/Slate/Fonts/Roboto-Light.ttf' (167K)
[2020.02.13-17.07.17:629][  3]LogUnrealEdMisc: Warning: Heartbeat event firing too frequently (51.833 sec). This should never happen. Something is wrong with the timer delegate!
[2020.02.13-17.07.25:377][  4]LogSlate: Window 'Message Log' being destroyed
[2020.02.13-17.07.25:387][  4]LogSlate: Window 'Message Log' being destroyed
[2020.02.13-17.07.25:404][  4]LogAssetRegistry: Asset discovery search completed in 201.5655 seconds
[2020.02.13-17.07.25:407][  4]LogCollectionManager: Rebuilt the object cache for 0 collections in 0.000001 seconds (found 0 objects)
[2020.02.13-17.07.25:407][  4]LogCollectionManager: Fixed up redirectors for 0 collections in 0.000161 seconds (updated 0 objects)
[2020.02.13-17.07.26:480][ 60]LogSlate: FSceneViewport::OnFocusLost() reason 0
[2020.02.13-17.07.30:659][266]LogSlate: FSceneViewport::OnFocusLost() reason 0
[2020.02.13-17.10.11:968][374]LogSlate: FSceneViewport::OnFocusLost() reason 0
[2020.02.13-17.10.12:211][382]LogLinker: Warning: Can't find file '/Game/CalumBell_ContentFolder/EMP/Sphere2'
[2020.02.13-17.10.12:212][382]LogLinker: Warning: Can't find file for asset '/Game/CalumBell_ContentFolder/EMP/Sphere2' while loading ../../../../../../Team1_Journeyman2020/CastleOfTheDead - Commit Here/Content/Original_VR_Mechanics/Projectile/BP_Projectile.uasset.
[2020.02.13-17.10.12:212][382]LoadErrors: Error: /Game/Original_VR_Mechanics/Projectile/BP_Projectile : Can't find file for asset. /Game/CalumBell_ContentFolder/EMP/Sphere2
[2020.02.13-17.10.12:465][382]LogLinker: Warning: Can't find file '/Game/Designers/Level_Maps/MP_Level_One_HCWS_BuiltData'
[2020.02.13-17.10.12:466][382]LogLinker: Warning: Can't find file for asset '/Game/Designers/Level_Maps/MP_Level_One_HCWS_BuiltData' while loading ../../../../../../Team1_Journeyman2020/CastleOfTheDead - Commit Here/Content/Designers/Level_Maps/MP_Level_One_HCWS.umap.
[2020.02.13-17.10.12:466][382]LoadErrors: Error: /Game/Designers/Level_Maps/MP_Level_One_HCWS : Can't find file for asset. /Game/Designers/Level_Maps/MP_Level_One_HCWS_BuiltData
[2020.02.13-17.10.13:089][382]LogLinker: Warning: Can't find file '/Game/Designers/Level_Maps/MP_Level_One_HCWS_BuiltData'
[2020.02.13-17.10.13:089][382]LogLinker: Warning: Can't find file for asset '/Game/Designers/Level_Maps/MP_Level_One_HCWS_BuiltData' while loading ../../../../../../Team1_Journeyman2020/CastleOfTheDead - Commit Here/Content/Designers/Level_Maps/MP_Level_One_HCWS.umap.
[2020.02.13-17.10.13:126][382]LogLinker: Warning: Can't find file '/Game/LevelGeometry/Materials/Mat_LevelArchitecture'
[2020.02.13-17.10.13:126][382]LogLinker: Warning: Can't find file for asset '/Game/LevelGeometry/Materials/Mat_LevelArchitecture' while loading ../../../../../../Team1_Journeyman2020/CastleOfTheDead - Commit Here/Content/Geometry/LevelGeometry/SM_Box.uasset.
[2020.02.13-17.10.13:126][382]LoadErrors: Error: /Game/Geometry/LevelGeometry/SM_Box : Can't find file for asset. /Game/LevelGeometry/Materials/Mat_LevelArchitecture
[2020.02.13-17.10.13:126][382]LogLinker: Warning: Can't find file '/Game/LevelGeometry/Materials/Mat_LevelArchitecture'
[2020.02.13-17.10.13:127][382]LogLinker: Warning: Can't find file for asset '/Game/LevelGeometry/Materials/Mat_LevelArchitecture' while loading ../../../../../../Team1_Journeyman2020/CastleOfTheDead - Commit Here/Content/Geometry/LevelGeometry/SM_Box.uasset.
[2020.02.13-17.10.13:133][382]LogLinker: Warning: Can't find file '/Game/Designers/Level_Maps/MP_Level_One_HCWS_BuiltData'
[2020.02.13-17.10.13:133][382]LogLinker: Warning: Can't find file for asset '/Game/Designers/Level_Maps/MP_Level_One_HCWS_BuiltData' while loading NULL.
[2020.02.13-17.10.13:133][382]LogLinker: Warning: Can't find file '/Game/Designers/Level_Maps/MP_Level_One_HCWS_BuiltData'
[2020.02.13-17.10.13:133][382]LogLinker: Warning: Can't find file for asset '/Game/Designers/Level_Maps/MP_Level_One_HCWS_BuiltData' while loading NULL.
[2020.02.13-17.10.13:189][382]LogLinker: Warning: Can't find file '/Game/LevelGeometry/Materials/Mat_LevelArchitecture'
[2020.02.13-17.10.13:189][382]LoadErrors: Failed to load /Game/LevelGeometry/Materials/Mat_LevelArchitecture.Mat_LevelArchitecture Referenced by SM_Box
[2020.02.13-17.10.13:189][382]LogLinker: Warning: Can't find file for asset '/Game/LevelGeometry/Materials/Mat_LevelArchitecture' while loading NULL.
[2020.02.13-17.10.13:288][382]LogTexture: Display: Building textures: T_POA_BL_N (BC5, 512X512)
[2020.02.13-17.10.13:288][382]LogTexture: Display: Building textures: T_POA_BL_R (BGRA8, 512X512)
[2020.02.13-17.10.13:298][382]LogLinker: Warning: Can't find file '/Game/Designers/Level_Maps/MP_Level_One_HCWS_BuiltData'
[2020.02.13-17.10.13:298][382]LoadErrors: Failed to load /Game/Designers/Level_Maps/MP_Level_One_HCWS_BuiltData.MP_Level_One_HCWS_BuiltData Referenced by PersistentLevel
[2020.02.13-17.10.13:298][382]LogLinker: Warning: Can't find file for asset '/Game/Designers/Level_Maps/MP_Level_One_HCWS_BuiltData' while loading NULL.
[2020.02.13-17.10.13:405][382]LogTexture: Display: Building textures: Wooden_Horse_LP_Wooden_Horse1_lambert2SG_Height (AutoDXT, 512X512)
[2020.02.13-17.10.13:405][382]LogTexture: Display: Building textures: Wooden_Horse_LP_Wooden_Horse1_lambert2SG_BaseColor (AutoDXT, 512X512)
[2020.02.13-17.10.13:405][382]LogTexture: Display: Building textures: Wooden_Horse_LP_Wooden_Horse1_lambert2SG_Metallic (AutoDXT, 512X512)
[2020.02.13-17.10.13:405][382]LogTexture: Display: Building textures: T_TortureRackHB_R (AutoDXT, 1024X1024)
[2020.02.13-17.10.14:336][382]LogTexture: Display: Building textures: SM_HereticFork_LP_lambert1_Normal (BC5, 2048X2048)
[2020.02.13-17.10.14:336][382]LogTexture: Display: Building textures: SM_HereticFork_LP_lambert1_BaseColor (AutoDXT, 2048X2048)
[2020.02.13-17.10.14:465][382]LogTexture: Display: Building textures: SM_HereticFork_LP_lambert1_OcclusionRoughnessMetallic (AutoDXT, 2048X2048)
[2020.02.13-17.10.14:465][382]LogTexture: Display: Building textures: T_TortureRackHB_AO (AutoDXT, 1024X1024)
[2020.02.13-17.10.15:210][382]LogTexture: Display: Building textures: T_TortureRackHB_BC (AutoDXT, 1024X1024)
[2020.02.13-17.10.16:950][382]LogTexture: Display: Building textures: T_TortureRackHB_M (AutoDXT, 1024X1024)
[2020.02.13-17.10.17:077][382]LogTexture: Display: Building textures: T_TortureRackHB_N (BC5, 1024X1024)
[2020.02.13-17.10.17:312][382]LogTexture: Display: Building textures: Wooden_Horse_LP_Wooden_Horse1_lambert2SG_Normal (BC5, 512X512)
[2020.02.13-17.10.17:312][382]LogTexture: Display: Building textures: Wooden_Horse_LP_Wooden_Horse1_lambert2SG_Roughness (AutoDXT, 512X512)
[2020.02.13-17.10.17:333][382]LogMaterial: Display: Missing cached shader map for material M_Torture_Rack, compiling. 
[2020.02.13-17.10.17:524][382]LogShaderCompilers: Display: Shaders left to compile 31
[2020.02.13-17.10.17:524][382]LogShaderCompilers: Display: Shaders left to compile 21
[2020.02.13-17.10.17:524][382]LogShaderCompilers: Display: Shaders left to compile 11
[2020.02.13-17.10.17:628][382]LogStaticMesh: Building static mesh Wooden_Horse_LP...
[2020.02.13-17.10.17:715][382]LogTexture: Display: Building textures: IronCage_lambert1_BaseColor (AutoDXT, 2048X2048)
[2020.02.13-17.10.17:715][382]LogStaticMesh: Built static mesh [0.09s] /Game/Artists/Assets/Wooden_Horse_LP.Wooden_Horse_LP
[2020.02.13-17.10.17:771][382]LogMaterial: Display: Missing cached shader map for material Wooden_Horse_LP1Mat, compiling. 
[2020.02.13-17.10.17:795][382]LogMaterial: Display: Missing cached shader map for material M_Woodern_Horse, compiling. 
[2020.02.13-17.10.17:821][382]LogStaticMesh: Building static mesh SM_HereticFork_SA_SM_Buckle_LP...
[2020.02.13-17.10.17:893][382]LogStaticMesh: Built static mesh [0.07s] /Game/Artists/Assets/SM_HereticFork_SA_SM_Buckle_LP.SM_HereticFork_SA_SM_Buckle_LP
[2020.02.13-17.10.17:902][382]LogStaticMesh: Building static mesh SM_HereticFork_SA_SM_Fork_LP...
[2020.02.13-17.10.17:945][382]LogStaticMesh: Built static mesh [0.04s] /Game/Artists/Assets/SM_HereticFork_SA_SM_Fork_LP.SM_HereticFork_SA_SM_Fork_LP
[2020.02.13-17.10.17:955][382]LogStaticMesh: Building static mesh SM_JudasCradle_AS...
[2020.02.13-17.10.17:988][382]LogStaticMesh: Built static mesh [0.03s] /Game/Artists/Assets/SM_JudasCradle_AS.SM_JudasCradle_AS
[2020.02.13-17.10.20:977][382]LogTexture: Display: Building textures: T_POA_BL_BC (AutoDXT, 512X512)
[2020.02.13-17.10.20:977][382]LogTexture: Display: Building textures: IronCage_lambert1_OcclusionRoughnessMetallic (AutoDXT, 2048X2048)
[2020.02.13-17.10.20:977][382]LogTexture: Display: Building textures: T_POA_BL_M (BGRA8, 512X512)
[2020.02.13-17.10.20:977][382]LogTexture: Display: Building textures: T_POA_BL_AO (BGRA8, 512X512)
[2020.02.13-17.10.20:977][382]LogTexture: Display: Building textures: IronCage_lambert1_Normal (BC5, 2048X2048)
[2020.02.13-17.10.22:165][382]LogMaterial: Display: Missing cached shader map for material M_Iron_Cage, compiling. 
[2020.02.13-17.10.22:192][382]LogMaterial: Display: Missing cached shader map for material M_Heritic_Fork, compiling. 
[2020.02.13-17.10.22:401][382]LogStaticMesh: Building static mesh IronCage...
[2020.02.13-17.10.22:742][382]LogStaticMesh: Built static mesh [0.34s] /Game/Artists/Assets/IronCage.IronCage
[2020.02.13-17.10.22:790][382]LogStaticMesh: Building static mesh SM_HereticFork_SA_SM_Belt_LP...
[2020.02.13-17.10.22:846][382]LogStaticMesh: Built static mesh [0.06s] /Game/Artists/Assets/SM_HereticFork_SA_SM_Belt_LP.SM_HereticFork_SA_SM_Belt_LP
[2020.02.13-17.10.22:867][382]LogStaticMesh: Building static mesh SM_POA_BL...
[2020.02.13-17.10.23:039][382]LogStaticMesh: Built static mesh [0.17s] /Game/Artists/Assets/SM_POA_BL.SM_POA_BL
[2020.02.13-17.10.23:061][382]LogStaticMesh: Building static mesh SM_tortureRack_HB...
[2020.02.13-17.10.23:132][382]LogStaticMesh: Built static mesh [0.07s] /Game/Artists/Assets/SM_tortureRack_HB.SM_tortureRack_HB
[2020.02.13-17.10.23:143][382]LogStaticMesh: Building static mesh SM_WallBlockout_LM...
[2020.02.13-17.10.23:158][382]LogStaticMesh: Built static mesh [0.02s] /Game/Artists/Assets/SM_WallBlockout_LM.SM_WallBlockout_LM
[2020.02.13-17.10.23:231][382]LogMaterial: Display: Missing cached shader map for material lambert1, compiling. 
[2020.02.13-17.10.23:263][382]LogMaterial: Display: Missing cached shader map for material SM_POA_BL_Material, compiling. 
[2020.02.13-17.10.23:372][382]LogMaterial: Display: Missing cached shader map for material lambert1, compiling. 
[2020.02.13-17.10.23:408][382]LogMaterial: Display: Missing cached shader map for material M_Pear, compiling. 
[2020.02.13-17.10.23:452][382]LogAIModule: Creating AISystem for world MP_Level_One_HCWS
[2020.02.13-17.10.23:487][382]LogAssetEditorManager: Opening Asset editor for World /Game/Designers/Level_Maps/MP_Level_One_HCWS.MP_Level_One_HCWS
[2020.02.13-17.10.23:525][382]Cmd: MAP LOAD FILE="../../../../../../Team1_Journeyman2020/CastleOfTheDead - Commit Here/Content/Designers/Level_Maps/MP_Level_One_HCWS.umap" TEMPLATE=0 SHOWPROGRESS=1 FEATURELEVEL=3
[2020.02.13-17.10.23:525][382]LightingResults: New page: Lighting Build
[2020.02.13-17.10.23:526][382]LoadErrors: New page: Loading map: MP_Level_One_HCWS.umap
[2020.02.13-17.10.23:527][382]MapCheck: New page: Map Check
[2020.02.13-17.10.23:527][382]LightingResults: New page: Lighting Build
[2020.02.13-17.10.23:865][382]LogEditorServer: Finished looking for orphan Actors (0.000 secs)
[2020.02.13-17.10.24:072][382]Cmd: MAP CHECKDEP NOCLEARLOG
[2020.02.13-17.10.24:073][382]MapCheck: Map check complete: 0 Error(s), 0 Warning(s), took 0.19ms to complete.
[2020.02.13-17.10.24:073][382]LogFileHelpers: Loading map 'MP_Level_One_HCWS' took 0.548
[2020.02.13-17.10.24:187][382]LoadErrors: Error: /Game/Original_VR_Mechanics/Projectile/BP_Projectile : Failed import for StaticMesh /Engine/BasicShapes/Sphere.Sphere [redirection] in /Game/Original_VR_Mechanics/Projectile/BP_Projectile Referenced by export StaticMeshComponent /Game/Original_VR_Mechanics/Projectile/BP_Projectile.BP_Projectile_C:Sphere_GEN_VARIABLE
[2020.02.13-17.10.58:315][824]LogEditorViewport: Clicking on Actor (LMB): MotionControllerPawn_C (MotionControllerPawn)
[2020.02.13-17.11.00:424][951]LogSlate: FSceneViewport::OnFocusLost() reason 0
[2020.02.13-17.11.00:459][953]LogAssetEditorManager: Opening Asset editor for Blueprint /Game/VirtualRealityBP/Blueprints/MotionControllerPawn.MotionControllerPawn
[2020.02.13-17.11.01:123][953]LogContentBrowser: Native class hierarchy updated for 'BlueprintGraph' in 0.0009 seconds. Added 117 classes and 0 folders.
[2020.02.13-17.11.07:016][953]LogSlate: Took 0.013291 seconds to synchronously load lazily loaded font '../../../Engine/Content/Slate/Fonts/Roboto-BoldCondensed.ttf' (158K)
[2020.02.13-17.11.08:569][954]LogSlate: Took 0.018481 seconds to synchronously load lazily loaded font '../../../Engine/Content/Slate/Fonts/Roboto-Italic.ttf' (157K)
[2020.02.13-17.11.44:418][613]BlueprintLog: New page: Compile MotionControllerPawn
[2020.02.13-17.12.15:957][993]BlueprintLog: New page: Compile MotionControllerPawn
[2020.02.13-17.12.18:244][ 69]LogRenderer: Reallocating scene render targets to support 1588x712 Format 26 NumSamples 1 (Frame:1).
[2020.02.13-17.12.29:739][620]LogTemp: Repeating last play command: Simulate
[2020.02.13-17.12.29:880][620]LogBlueprintUserMessages: Early PlayInEditor Detection: Level '/Game/Designers/Level_Maps/MP_Level_One_HCWS.MP_Level_One_HCWS:PersistentLevel' has LevelScriptBlueprint '/Game/Designers/Level_Maps/MP_Level_One_HCWS.MP_Level_One_HCWS:PersistentLevel.MP_Level_One_HCWS' with GeneratedClass '/Game/Designers/Level_Maps/MP_Level_One_HCWS.MP_Level_One_HCWS_C' with ClassGeneratedBy '/Game/Designers/Level_Maps/MP_Level_One_HCWS.MP_Level_One_HCWS:PersistentLevel.MP_Level_One_HCWS'
[2020.02.13-17.12.29:880][620]LogPlayLevel: PlayLevel: No blueprints needed recompiling
[2020.02.13-17.12.29:907][620]PIE: New page: SIE session: MP_Level_One_HCWS (13 Feb 2020 17:12:29)
[2020.02.13-17.12.29:920][620]LogPlayLevel: Creating play world package: /Game/Designers/Level_Maps/UEDPIE_0_MP_Level_One_HCWS
[2020.02.13-17.12.29:939][620]LogPlayLevel: PIE: StaticDuplicateObject took: (0.018634s)
[2020.02.13-17.12.29:939][620]LogAIModule: Creating AISystem for world MP_Level_One_HCWS
[2020.02.13-17.12.29:939][620]LogPlayLevel: PIE: World Init took: (0.000663s)
[2020.02.13-17.12.29:940][620]LogPlayLevel: PIE: Created PIE world by copying editor world from /Game/Designers/Level_Maps/MP_Level_One_HCWS.MP_Level_One_HCWS to /Game/Designers/Level_Maps/UEDPIE_0_MP_Level_One_HCWS.MP_Level_One_HCWS (0.019827s)
[2020.02.13-17.12.30:612][620]LogInit: XAudio2 using 'Speakers (C-Media USB Audio Device   )' : 2 channels at 48 kHz using 16 bits per sample (channel mask 0x3)
[2020.02.13-17.12.31:073][620]LogInit: FAudioDevice initialized.
[2020.02.13-17.12.31:186][620]LogLoad: Game class is 'FirstPersonGameMode_C'
[2020.02.13-17.12.31:194][620]PIE: Warning: Invalid Simulate Options: Body (MotionControllerPawn_2.Capsule) is set to simulate physics but Collision Enabled is incompatible
[2020.02.13-17.12.31:194][620]LogWorld: Bringing World /Game/Designers/Level_Maps/UEDPIE_0_MP_Level_One_HCWS.MP_Level_One_HCWS up for play (max tick rate 0) at 2020.02.13-17.12.31
[2020.02.13-17.12.31:195][620]LogWorld: Bringing up level for play took: 0.007714
[2020.02.13-17.12.31:208][620]LogGameMode: FindPlayerStart: PATHS NOT DEFINED or NO PLAYERSTART with positive rating
[2020.02.13-17.12.31:235][620]LogSpawn: Warning: SpawnActor failed because no class was specified
[2020.02.13-17.12.31:274][620]LogContentBrowser: Native class hierarchy updated for 'MovieSceneCapture' in 0.0007 seconds. Added 20 classes and 0 folders.
[2020.02.13-17.12.31:279][620]PIE: Play in editor start time for /Game/Designers/Level_Maps/UEDPIE_0_MP_Level_One_HCWS 2.09
[2020.02.13-17.12.31:455][620]LogBlueprintUserMessages: Late PlayInEditor Detection: Level '/Game/Designers/Level_Maps/MP_Level_One_HCWS.MP_Level_One_HCWS:PersistentLevel' has LevelScriptBlueprint '/Game/Designers/Level_Maps/MP_Level_One_HCWS.MP_Level_One_HCWS:PersistentLevel.MP_Level_One_HCWS' with GeneratedClass '/Game/Designers/Level_Maps/MP_Level_One_HCWS.MP_Level_One_HCWS_C' with ClassGeneratedBy '/Game/Designers/Level_Maps/MP_Level_One_HCWS.MP_Level_One_HCWS:PersistentLevel.MP_Level_One_HCWS'
[2020.02.13-17.12.32:320][644]LogSlate: Took 0.077971 seconds to synchronously load lazily loaded font '../../../Engine/Content/Slate/Fonts/DroidSansMono.ttf' (77K)
[2020.02.13-17.12.33:976][700]LogBlueprintUserMessages: Early EndPlayMap Detection: Level '/Game/Designers/Level_Maps/MP_Level_One_HCWS.MP_Level_One_HCWS:PersistentLevel' has LevelScriptBlueprint '/Game/Designers/Level_Maps/MP_Level_One_HCWS.MP_Level_One_HCWS:PersistentLevel.MP_Level_One_HCWS' with GeneratedClass '/Game/Designers/Level_Maps/MP_Level_One_HCWS.MP_Level_One_HCWS_C' with ClassGeneratedBy '/Game/Designers/Level_Maps/MP_Level_One_HCWS.MP_Level_One_HCWS:PersistentLevel.MP_Level_One_HCWS'
[2020.02.13-17.12.33:979][700]LogSlate: Updating window title bar state: overlay mode, drag disabled, window buttons hidden, title bar hidden
[2020.02.13-17.12.34:021][700]LogPlayLevel: Display: Shutting down PIE online subsystems
[2020.02.13-17.12.34:022][700]LogBlueprintUserMessages: Late EndPlayMap Detection: Level '/Game/Designers/Level_Maps/MP_Level_One_HCWS.MP_Level_One_HCWS:PersistentLevel' has LevelScriptBlueprint '/Game/Designers/Level_Maps/MP_Level_One_HCWS.MP_Level_One_HCWS:PersistentLevel.MP_Level_One_HCWS' with GeneratedClass '/Game/Designers/Level_Maps/MP_Level_One_HCWS.MP_Level_One_HCWS_C' with ClassGeneratedBy '/Game/Designers/Level_Maps/MP_Level_One_HCWS.MP_Level_One_HCWS:PersistentLevel.MP_Level_One_HCWS'
[2020.02.13-17.12.34:327][700]LogSlate: Updating window title bar state: overlay mode, drag disabled, window buttons hidden, title bar hidden
[2020.02.13-17.12.34:533][701]LogPlayLevel: Display: Destroying online subsystem :Context_3
[2020.02.13-17.12.36:094][729]LogSlate: Window 'Message Log' being destroyed
[2020.02.13-17.12.36:100][729]LogSlate: Window 'Message Log' being destroyed
[2020.02.13-17.12.38:289][777]LogBlueprintUserMessages: Early PlayInEditor Detection: Level '/Game/Designers/Level_Maps/MP_Level_One_HCWS.MP_Level_One_HCWS:PersistentLevel' has LevelScriptBlueprint '/Game/Designers/Level_Maps/MP_Level_One_HCWS.MP_Level_One_HCWS:PersistentLevel.MP_Level_One_HCWS' with GeneratedClass '/Game/Designers/Level_Maps/MP_Level_One_HCWS.MP_Level_One_HCWS_C' with ClassGeneratedBy '/Game/Designers/Level_Maps/MP_Level_One_HCWS.MP_Level_One_HCWS:PersistentLevel.MP_Level_One_HCWS'
[2020.02.13-17.12.38:289][777]LogPlayLevel: PlayLevel: No blueprints needed recompiling
[2020.02.13-17.12.38:289][777]LogHMD: Initializing OVRPlugin session
[2020.02.13-17.12.38:508][777]PIE: New page: PIE session: MP_Level_One_HCWS (13 Feb 2020 17:12:38)
[2020.02.13-17.12.38:508][777]LogPlayLevel: Creating play world package: /Game/Designers/Level_Maps/UEDPIE_0_MP_Level_One_HCWS
[2020.02.13-17.12.38:527][777]LogPlayLevel: PIE: StaticDuplicateObject took: (0.018996s)
[2020.02.13-17.12.38:527][777]LogAIModule: Creating AISystem for world MP_Level_One_HCWS
[2020.02.13-17.12.38:528][777]LogPlayLevel: PIE: World Init took: (0.000708s)
[2020.02.13-17.12.38:528][777]LogPlayLevel: PIE: Created PIE world by copying editor world from /Game/Designers/Level_Maps/MP_Level_One_HCWS.MP_Level_One_HCWS to /Game/Designers/Level_Maps/UEDPIE_0_MP_Level_One_HCWS.MP_Level_One_HCWS (0.020007s)
[2020.02.13-17.12.39:016][777]LogInit: XAudio2 using 'Headphones (2- Rift S)' : 2 channels at 48 kHz using 16 bits per sample (channel mask 0x3)
[2020.02.13-17.12.39:239][777]LogInit: FAudioDevice initialized.
[2020.02.13-17.12.39:249][777]LogSlate: Updating window title bar state: overlay mode, drag disabled, window buttons hidden, title bar hidden
[2020.02.13-17.12.39:333][777]LogHMD: Allocating Oculus 3296 x 1776 rendertarget swapchain
[2020.02.13-17.12.39:365][777]LogLoad: Game class is 'FirstPersonGameMode_C'
[2020.02.13-17.12.39:371][777]PIE: Warning: Invalid Simulate Options: Body (MotionControllerPawn_2.Capsule) is set to simulate physics but Collision Enabled is incompatible
[2020.02.13-17.12.39:371][777]LogWorld: Bringing World /Game/Designers/Level_Maps/UEDPIE_0_MP_Level_One_HCWS.MP_Level_One_HCWS up for play (max tick rate 0) at 2020.02.13-17.12.39
[2020.02.13-17.12.39:372][777]LogWorld: Bringing up level for play took: 0.006115
[2020.02.13-17.12.39:386][777]LogSpawn: Warning: SpawnActor failed because no class was specified
[2020.02.13-17.12.39:397][777]PIE: Play in editor start time for /Game/Designers/Level_Maps/UEDPIE_0_MP_Level_One_HCWS 0.208
[2020.02.13-17.12.39:398][777]LogBlueprintUserMessages: Late PlayInEditor Detection: Level '/Game/Designers/Level_Maps/MP_Level_One_HCWS.MP_Level_One_HCWS:PersistentLevel' has LevelScriptBlueprint '/Game/Designers/Level_Maps/MP_Level_One_HCWS.MP_Level_One_HCWS:PersistentLevel.MP_Level_One_HCWS' with GeneratedClass '/Game/Designers/Level_Maps/MP_Level_One_HCWS.MP_Level_One_HCWS_C' with ClassGeneratedBy '/Game/Designers/Level_Maps/MP_Level_One_HCWS.MP_Level_One_HCWS:PersistentLevel.MP_Level_One_HCWS'
[2020.02.13-17.12.39:398][777]LogEngine: Changing dynamic resolution state.
[2020.02.13-17.12.39:403][777]LogRenderer: Reallocating scene render targets to support 3296x1776 Format 26 NumSamples 1 (Frame:1).
[2020.02.13-17.12.39:404][777]LogHMD: Allocating Oculus 3296 x 1776 depth rendertarget swapchain
[2020.02.13-17.12.39:465][779]LogProfilingDebugging: Allocated a 1024 x 1024 texture for HMD canvas layer
[2020.02.13-17.12.55:898][370]LogBlueprintUserMessages: Early EndPlayMap Detection: Level '/Game/Designers/Level_Maps/MP_Level_One_HCWS.MP_Level_One_HCWS:PersistentLevel' has LevelScriptBlueprint '/Game/Designers/Level_Maps/MP_Level_One_HCWS.MP_Level_One_HCWS:PersistentLevel.MP_Level_One_HCWS' with GeneratedClass '/Game/Designers/Level_Maps/MP_Level_One_HCWS.MP_Level_One_HCWS_C' with ClassGeneratedBy '/Game/Designers/Level_Maps/MP_Level_One_HCWS.MP_Level_One_HCWS:PersistentLevel.MP_Level_One_HCWS'
[2020.02.13-17.12.55:969][370]LogSlate: Updating window title bar state: overlay mode, drag disabled, window buttons hidden, title bar hidden
[2020.02.13-17.12.56:050][370]LogSlate: Window 'CastleOfTheDead Game Preview Standalone (64-bit/PCD3D_SM5)' being destroyed
[2020.02.13-17.12.56:081][370]LogPlayLevel: Display: Shutting down PIE online subsystems
[2020.02.13-17.12.56:081][370]LogBlueprintUserMessages: Late EndPlayMap Detection: Level '/Game/Designers/Level_Maps/MP_Level_One_HCWS.MP_Level_One_HCWS:PersistentLevel' has LevelScriptBlueprint '/Game/Designers/Level_Maps/MP_Level_One_HCWS.MP_Level_One_HCWS:PersistentLevel.MP_Level_One_HCWS' with GeneratedClass '/Game/Designers/Level_Maps/MP_Level_One_HCWS.MP_Level_One_HCWS_C' with ClassGeneratedBy '/Game/Designers/Level_Maps/MP_Level_One_HCWS.MP_Level_One_HCWS:PersistentLevel.MP_Level_One_HCWS'
[2020.02.13-17.12.56:745][371]LogPlayLevel: Display: Destroying online subsystem :Context_4
[2020.02.13-17.12.56:746][371]LogEngine: Changing dynamic resolution state.
[2020.02.13-17.13.02:621][657]LogSlate: Window 'Message Log' being destroyed
[2020.02.13-17.13.02:627][657]LogSlate: Window 'Message Log' being destroyed
[2020.02.13-17.13.48:102][737]LogTemp: Repeating last play command: VR Preview
[2020.02.13-17.13.48:156][737]LogBlueprintUserMessages: Early PlayInEditor Detection: Level '/Game/Designers/Level_Maps/MP_Level_One_HCWS.MP_Level_One_HCWS:PersistentLevel' has LevelScriptBlueprint '/Game/Designers/Level_Maps/MP_Level_One_HCWS.MP_Level_One_HCWS:PersistentLevel.MP_Level_One_HCWS' with GeneratedClass '/Game/Designers/Level_Maps/MP_Level_One_HCWS.MP_Level_One_HCWS_C' with ClassGeneratedBy '/Game/Designers/Level_Maps/MP_Level_One_HCWS.MP_Level_One_HCWS:PersistentLevel.MP_Level_One_HCWS'
[2020.02.13-17.13.48:156][737]LogPlayLevel: PlayLevel: No blueprints needed recompiling
[2020.02.13-17.13.48:156][737]LogHMD: Initializing OVRPlugin session
[2020.02.13-17.13.48:904][737]PIE: New page: PIE session: MP_Level_One_HCWS (13 Feb 2020 17:13:48)
[2020.02.13-17.13.48:905][737]LogPlayLevel: Creating play world package: /Game/Designers/Level_Maps/UEDPIE_0_MP_Level_One_HCWS
[2020.02.13-17.13.48:924][737]LogPlayLevel: PIE: StaticDuplicateObject took: (0.019434s)
[2020.02.13-17.13.48:925][737]LogAIModule: Creating AISystem for world MP_Level_One_HCWS
[2020.02.13-17.13.48:925][737]LogPlayLevel: PIE: World Init took: (0.001035s)
[2020.02.13-17.13.48:925][737]LogPlayLevel: PIE: Created PIE world by copying editor world from /Game/Designers/Level_Maps/MP_Level_One_HCWS.MP_Level_One_HCWS to /Game/Designers/Level_Maps/UEDPIE_0_MP_Level_One_HCWS.MP_Level_One_HCWS (0.020686s)
[2020.02.13-17.13.49:556][737]LogInit: XAudio2 using 'Headphones (2- Rift S)' : 2 channels at 48 kHz using 16 bits per sample (channel mask 0x3)
[2020.02.13-17.13.49:689][737]LogInit: FAudioDevice initialized.
[2020.02.13-17.13.49:744][737]LogSlate: Updating window title bar state: overlay mode, drag disabled, window buttons hidden, title bar hidden
[2020.02.13-17.13.49:826][737]LogHMD: Allocating Oculus 3296 x 1776 rendertarget swapchain
[2020.02.13-17.13.49:857][737]LogLoad: Game class is 'FirstPersonGameMode_C'
[2020.02.13-17.13.49:863][737]PIE: Warning: Invalid Simulate Options: Body (MotionControllerPawn_2.Capsule) is set to simulate physics but Collision Enabled is incompatible
[2020.02.13-17.13.49:864][737]LogWorld: Bringing World /Game/Designers/Level_Maps/UEDPIE_0_MP_Level_One_HCWS.MP_Level_One_HCWS up for play (max tick rate 0) at 2020.02.13-17.13.49
[2020.02.13-17.13.49:865][737]LogWorld: Bringing up level for play took: 0.006726
[2020.02.13-17.13.49:877][737]LogSpawn: Warning: SpawnActor failed because no class was specified
[2020.02.13-17.13.49:887][737]PIE: Play in editor start time for /Game/Designers/Level_Maps/UEDPIE_0_MP_Level_One_HCWS 2.698
[2020.02.13-17.13.49:888][737]LogBlueprintUserMessages: Late PlayInEditor Detection: Level '/Game/Designers/Level_Maps/MP_Level_One_HCWS.MP_Level_One_HCWS:PersistentLevel' has LevelScriptBlueprint '/Game/Designers/Level_Maps/MP_Level_One_HCWS.MP_Level_One_HCWS:PersistentLevel.MP_Level_One_HCWS' with GeneratedClass '/Game/Designers/Level_Maps/MP_Level_One_HCWS.MP_Level_One_HCWS_C' with ClassGeneratedBy '/Game/Designers/Level_Maps/MP_Level_One_HCWS.MP_Level_One_HCWS:PersistentLevel.MP_Level_One_HCWS'
[2020.02.13-17.13.49:888][737]LogEngine: Changing dynamic resolution state.
[2020.02.13-17.13.49:893][737]LogRenderer: Releasing previous depth to switch default clear from depth: 0.000000 stencil: 0 to depth: 0.000000 stencil: 0
[2020.02.13-17.13.49:893][737]LogHMD: Allocating Oculus 3296 x 1776 depth rendertarget swapchain
[2020.02.13-17.13.49:938][739]LogProfilingDebugging: Allocated a 1024 x 1024 texture for HMD canvas layer
[2020.02.13-17.13.59:204][ 29]LogScript: Warning: Accessed None trying to read property CallFunc_BreakHitResult_HitComponent
	BP_MotionController_C /Game/Designers/Level_Maps/UEDPIE_0_MP_Level_One_HCWS.MP_Level_One_HCWS:PersistentLevel.BP_MotionController_C_1
	Function /Game/VirtualRealityBP/Blueprints/BP_MotionController.BP_MotionController_C:CreateLineTrace:0250
[2020.02.13-17.13.59:204][ 29]PIE: Error: Blueprint Runtime Error: "Accessed None trying to read property CallFunc_BreakHitResult_HitComponent". Blueprint:  BP_MotionController Function:  Create Line Trace Graph:  CreateLineTrace Node:  Branch
[2020.02.13-17.14.05:333][244]LogScript: Warning: Accessed None trying to read property CallFunc_BreakHitResult_HitComponent
	BP_MotionController_C /Game/Designers/Level_Maps/UEDPIE_0_MP_Level_One_HCWS.MP_Level_One_HCWS:PersistentLevel.BP_MotionController_C_1
	Function /Game/VirtualRealityBP/Blueprints/BP_MotionController.BP_MotionController_C:CreateLineTrace:0250
[2020.02.13-17.14.05:333][244]PIE: Error: Blueprint Runtime Error: "Accessed None trying to read property CallFunc_BreakHitResult_HitComponent". Blueprint:  BP_MotionController Function:  Create Line Trace Graph:  CreateLineTrace Node:  Branch
[2020.02.13-17.14.06:011][270]LogScript: Warning: Accessed None trying to read property CallFunc_BreakHitResult_HitComponent
	BP_MotionController_C /Game/Designers/Level_Maps/UEDPIE_0_MP_Level_One_HCWS.MP_Level_One_HCWS:PersistentLevel.BP_MotionController_C_1
	Function /Game/VirtualRealityBP/Blueprints/BP_MotionController.BP_MotionController_C:CreateLineTrace:0250
[2020.02.13-17.14.06:011][270]PIE: Error: Blueprint Runtime Error: "Accessed None trying to read property CallFunc_BreakHitResult_HitComponent". Blueprint:  BP_MotionController Function:  Create Line Trace Graph:  CreateLineTrace Node:  Branch
[2020.02.13-17.14.08:182][348]LogScript: Warning: Accessed None trying to read property AttachedActor
	BP_Kriss_C /Game/Designers/Level_Maps/UEDPIE_0_MP_Level_One_HCWS.MP_Level_One_HCWS:PersistentLevel.BP_Kriss_2
	Function /Game/Original_VR_Mechanics/Crossbow/BP_Kriss.BP_Kriss_C:ExecuteUbergraph_BP_Kriss:027B
[2020.02.13-17.14.08:182][348]PIE: Error: Blueprint Runtime Error: "Accessed None trying to read property AttachedActor". Blueprint:  BP_Kriss Function:  Execute Ubergraph BP Kriss Graph:  EventGraph Node:  Branch
[2020.02.13-17.14.25:126][959]LogBlueprintUserMessages: Early EndPlayMap Detection: Level '/Game/Designers/Level_Maps/MP_Level_One_HCWS.MP_Level_One_HCWS:PersistentLevel' has LevelScriptBlueprint '/Game/Designers/Level_Maps/MP_Level_One_HCWS.MP_Level_One_HCWS:PersistentLevel.MP_Level_One_HCWS' with GeneratedClass '/Game/Designers/Level_Maps/MP_Level_One_HCWS.MP_Level_One_HCWS_C' with ClassGeneratedBy '/Game/Designers/Level_Maps/MP_Level_One_HCWS.MP_Level_One_HCWS:PersistentLevel.MP_Level_One_HCWS'
[2020.02.13-17.14.47:193][959]LogSlate: Updating window title bar state: overlay mode, drag disabled, window buttons hidden, title bar hidden
[2020.02.13-17.14.47:285][959]LogSlate: Window 'CastleOfTheDead Game Preview Standalone (64-bit/PCD3D_SM5)' being destroyed
[2020.02.13-17.14.47:344][959]LogPlayLevel: Display: Shutting down PIE online subsystems
[2020.02.13-17.14.47:345][959]LogBlueprintUserMessages: Late EndPlayMap Detection: Level '/Game/Designers/Level_Maps/MP_Level_One_HCWS.MP_Level_One_HCWS:PersistentLevel' has LevelScriptBlueprint '/Game/Designers/Level_Maps/MP_Level_One_HCWS.MP_Level_One_HCWS:PersistentLevel.MP_Level_One_HCWS' with GeneratedClass '/Game/Designers/Level_Maps/MP_Level_One_HCWS.MP_Level_One_HCWS_C' with ClassGeneratedBy '/Game/Designers/Level_Maps/MP_Level_One_HCWS.MP_Level_One_HCWS:PersistentLevel.MP_Level_One_HCWS'
[2020.02.13-17.14.47:764][960]LogPlayLevel: Display: Destroying online subsystem :Context_5
[2020.02.13-17.14.47:765][960]LogEngine: Changing dynamic resolution state.
[2020.02.13-17.16.13:834][753]LogShaderCompilers: Display: Shaders left to compile 287
[2020.02.13-17.20.00:660][ 58]LogShaderCompilers: Display: Shaders left to compile 277
[2020.02.13-17.20.22:093][357]LogShaderCompilers: Display: Shaders left to compile 267
[2020.02.13-17.20.58:929][575]LogShaderCompilers: Display: Shaders left to compile 257
[2020.02.13-17.25.17:729][931]LogShaderCompilers: Display: Shaders left to compile 247
[2020.02.13-17.28.26:570][132]LogShaderCompilers: Display: Shaders left to compile 237
[2020.02.13-17.29.03:321][344]LogShaderCompilers: Display: Shaders left to compile 227
[2020.02.13-17.33.43:599][934]LogShaderCompilers: Display: Shaders left to compile 217
[2020.02.13-17.33.47:163][154]LogShaderCompilers: Display: Shaders left to compile 207
[2020.02.13-17.36.41:684][803]LogShaderCompilers: Display: Shaders left to compile 197
[2020.02.13-17.41.35:006][614]LogShaderCompilers: Display: Shaders left to compile 187
[2020.02.13-17.42.03:514][304]LogShaderCompilers: Display: Shaders left to compile 177
[2020.02.13-17.42.33:249][116]LogShaderCompilers: Display: Shaders left to compile 167
[2020.02.13-17.48.17:591][681]LogShaderCompilers: Display: Shaders left to compile 157
[2020.02.13-17.49.06:272][366]LogShaderCompilers: Display: Shaders left to compile 147
[2020.02.13-17.51.00:292][345]LogShaderCompilers: Display: Shaders left to compile 137
[2020.02.13-17.54.42:365][486]LogShaderCompilers: Display: Shaders left to compile 127
[2020.02.13-17.55.17:816][565]LogSlate: Window 'Message Log' being destroyed
[2020.02.13-17.55.17:821][565]LogSlate: Window 'Message Log' being destroyed
[2020.02.13-17.55.24:393][719]LogSlate: Window 'Save Content' being destroyed
[2020.02.13-17.55.24:983][719]LogSavePackage: Moving '../../../../../../Team1_Journeyman2020/CastleOfTheDead - Commit Here/Saved/MP_Level_One_HCWSBE01024241F56D35DE0938847AE3A1D5.tmp' to '../../../../../../Team1_Journeyman2020/CastleOfTheDead - Commit Here/Content/Designers/Level_Maps/MP_Level_One_HCWS.umap'
[2020.02.13-17.55.25:118][719]LogFileHelpers: Saving map 'MP_Level_One_HCWS' took 0.671
[2020.02.13-17.55.25:379][719]LogSavePackage: Moving '../../../../../../Team1_Journeyman2020/CastleOfTheDead - Commit Here/Saved/MotionControllerPawn7141D083458DE566C9D903B6F9FAB737.tmp' to '../../../../../../Team1_Journeyman2020/CastleOfTheDead - Commit Here/Content/VirtualRealityBP/Blueprints/MotionControllerPawn.uasset'
[2020.02.13-17.55.25:863][719]LogSlate: Window 'CastleOfTheDead - Unreal Editor' being destroyed
[2020.02.13-17.55.25:914][719]LogWindowsTextInputMethodSystem: Display: IME system now deactivated.
[2020.02.13-17.55.39:312][720]Cmd: QUIT_EDITOR
[2020.02.13-17.56.02:267][720]LogExit: Preparing to exit.
