Log file open, 05/11/20 03:38:06
LogWindows: Failed to load 'aqProf.dll' (GetLastError=126)
LogWindows: File 'aqProf.dll' does not exist
LogWindows: Failed to load 'VtuneApi.dll' (GetLastError=126)
LogWindows: File 'VtuneApi.dll' does not exist
LogWindows: Failed to load 'VtuneApi32e.dll' (GetLastError=126)
LogWindows: File 'VtuneApi32e.dll' does not exist
LogConsoleResponse: Display: Failed to find resolution value strings in scalability ini. Falling back to default.
LogInit: Display: Running engine for game: CastleOfTheDead
LogPakFile: Registered encryption key '00000000000000000000000000000000': 0 pak files mounted, 0 remain pending
LogPlatformFile: Not using cached read wrapper
LogTaskGraph: Started task graph with 5 named threads and 23 total threads with 3 sets of task threads.
LogStats: Stats thread started at 0.282248
LogD3D11RHI: Loaded GFSDK_Aftermath_Lib.x64.dll
LogICUInternationalization: ICU TimeZone Detection - Raw Offset: +0:00, Platform Override: ''
LogPluginManager: Mounting plugin Paper2D
LogPluginManager: Mounting plugin AISupport
LogPluginManager: Mounting plugin LightPropagationVolume
LogPluginManager: Mounting plugin ActorLayerUtilities
LogPluginManager: Mounting plugin CLionSourceCodeAccess
LogPluginManager: Mounting plugin CodeLiteSourceCodeAccess
LogPluginManager: Mounting plugin GitSourceControl
LogPluginManager: Mounting plugin KDevelopSourceCodeAccess
LogPluginManager: Mounting plugin NullSourceCodeAccess
LogPluginManager: Mounting plugin PerforceSourceControl
LogPluginManager: Mounting plugin SubversionSourceControl
LogPluginManager: Mounting plugin UObjectPlugin
LogPluginManager: Mounting plugin VisualStudioCodeSourceCodeAccess
LogPluginManager: Mounting plugin VisualStudioSourceCodeAccess
LogPluginManager: Mounting plugin XCodeSourceCodeAccess
LogPluginManager: Mounting plugin AssetManagerEditor
LogPluginManager: Mounting plugin CryptoKeys
LogPluginManager: Mounting plugin DataValidation
LogPluginManager: Mounting plugin FacialAnimation
LogPluginManager: Mounting plugin GameplayTagsEditor
LogPluginManager: Mounting plugin MacGraphicsSwitching
LogPluginManager: Mounting plugin MeshEditor
LogPluginManager: Mounting plugin MobileLauncherProfileWizard
LogPluginManager: Mounting plugin PluginBrowser
LogPluginManager: Mounting plugin SpeedTreeImporter
LogPluginManager: Mounting plugin DatasmithContent
LogPluginManager: Mounting plugin VariantManagerContent
LogPluginManager: Mounting plugin AlembicImporter
LogPluginManager: Mounting plugin AppleImageUtils
LogPluginManager: Mounting plugin AppleVision
LogPluginManager: Mounting plugin BackChannel
LogPluginManager: Mounting plugin CharacterAI
LogPluginManager: Mounting plugin GeometryCache
LogPluginManager: Mounting plugin HTML5Networking
LogPluginManager: Mounting plugin ProxyLODPlugin
LogPluginManager: Mounting plugin MagicLeap
LogPluginManager: Mounting plugin MagicLeapMedia
LogPluginManager: Mounting plugin AndroidMedia
LogPluginManager: Mounting plugin AvfMedia
LogPluginManager: Mounting plugin ImgMedia
LogPluginManager: Mounting plugin LinearTimecode
LogPluginManager: Mounting plugin MediaCompositing
LogPluginManager: Mounting plugin MediaPlayerEditor
LogPluginManager: Mounting plugin WebMMedia
LogPluginManager: Mounting plugin WmfMedia
LogPluginManager: Mounting plugin TcpMessaging
LogPluginManager: Mounting plugin UdpMessaging
LogPluginManager: Mounting plugin ActorSequence
LogPluginManager: Mounting plugin LevelSequenceEditor
LogPluginManager: Mounting plugin MatineeToLevelSequence
LogPluginManager: Mounting plugin NetcodeUnitTest
LogPluginManager: Mounting plugin NUTUnrealEngine4
LogPluginManager: Mounting plugin OnlineSubsystemGooglePlay
LogPluginManager: Mounting plugin OnlineSubsystemIOS
LogPluginManager: Mounting plugin OnlineSubsystem
LogPluginManager: Mounting plugin OnlineSubsystemNull
LogPluginManager: Mounting plugin OnlineSubsystemUtils
LogPluginManager: Mounting plugin LauncherChunkInstaller
LogPluginManager: Mounting plugin AndroidDeviceProfileSelector
LogPluginManager: Mounting plugin AndroidMoviePlayer
LogPluginManager: Mounting plugin AndroidPermission
LogPluginManager: Mounting plugin AppleMoviePlayer
LogPluginManager: Mounting plugin ArchVisCharacter
LogPluginManager: Mounting plugin AudioCapture
LogPluginManager: Mounting plugin CableComponent
LogPluginManager: Mounting plugin CustomMeshComponent
LogPluginManager: Mounting plugin EditableMesh
LogPluginManager: Mounting plugin ExampleDeviceProfileSelector
LogPluginManager: Mounting plugin Firebase
LogPluginManager: Mounting plugin GoogleCloudMessaging
LogPluginManager: Mounting plugin IOSDeviceProfileSelector
LogPluginManager: Mounting plugin LinuxDeviceProfileSelector
LogPluginManager: Mounting plugin LocationServicesBPLibrary
LogPluginManager: Mounting plugin MobilePatchingUtils
LogPluginManager: Mounting plugin OculusVR
LogPluginManager: Mounting plugin PhysXVehicles
LogPluginManager: Mounting plugin ProceduralMeshComponent
LogPluginManager: Mounting plugin RuntimePhysXCooking
LogPluginManager: Mounting plugin SteamVR
LogPluginManager: Mounting plugin WebMMoviePlayer
LogPluginManager: Mounting plugin WindowsMoviePlayer
LogStreaming: Display: Took  0.089s to configure plugins.
LogInit: Using libcurl 7.55.1-DEV
LogInit:  - built for x86_64-pc-win32
LogInit:  - supports SSL with OpenSSL/1.0.2h
LogInit:  - supports HTTP deflate (compression) using libz 1.2.8
LogInit:  - other features:
LogInit:      CURL_VERSION_SSL
LogInit:      CURL_VERSION_LIBZ
LogInit:      CURL_VERSION_IPV6
LogInit:      CURL_VERSION_ASYNCHDNS
LogInit:      CURL_VERSION_LARGEFILE
LogInit:      CURL_VERSION_IDN
LogInit:  CurlRequestOptions (configurable via config and command line):
LogInit:  - bVerifyPeer = true  - Libcurl will verify peer certificate
LogInit:  - bUseHttpProxy = false  - Libcurl will NOT use HTTP proxy
LogInit:  - bDontReuseConnections = false  - Libcurl will reuse connections
LogInit:  - MaxHostConnections = 16  - Libcurl will limit the number of connections to a host
LogInit:  - LocalHostAddr = Default
LogInit:  - BufferSize = 65536
LogInit: WinSock: version 1.1 (2.2), MaxSocks=32767, MaxUdp=65467
LogInit: Build: ++UE4+Release-4.21-CL-4753647
LogInit: Engine Version: 4.21.2-4753647+++UE4+Release-4.21
LogInit: Compatible Engine Version: 4.21.0-4541578+++UE4+Release-4.21
LogInit: Net CL: 4541578
LogInit: OS: Windows 10 (), CPU: Intel(R) Core(TM) i7-7700 CPU @ 3.60GHz, GPU: NVIDIA GeForce GTX 1060 6GB
LogInit: Compiled (64-bit): Jan 19 2019 02:07:31
LogInit: Compiled with Visual C++: 19.13.26129.00
LogInit: Build Configuration: Development
LogInit: Branch Name: ++UE4+Release-4.21
LogInit: Command Line: 
LogInit: Base Directory: C:/Program Files/Epic Games/UE_4.21/Engine/Binaries/Win64/
LogInit: Installed Engine Build: 1
LogDevObjectVersion: Number of dev versions registered: 22
LogDevObjectVersion:   Dev-Blueprints (B0D832E4-1F89-4F0D-ACCF-7EB736FD4AA2): 10
LogDevObjectVersion:   Dev-Build (E1C64328-A22C-4D53-A36C-8E866417BD8C): 0
LogDevObjectVersion:   Dev-Core (375EC13C-06E4-48FB-B500-84F0262A717E): 2
LogDevObjectVersion:   Dev-Editor (E4B068ED-F494-42E9-A231-DA0B2E46BB41): 26
LogDevObjectVersion:   Dev-Framework (CFFC743F-43B0-4480-9391-14DF171D2073): 34
LogDevObjectVersion:   Dev-Mobile (B02B49B5-BB20-44E9-A304-32B752E40360): 2
LogDevObjectVersion:   Dev-Networking (A4E4105C-59A1-49B5-A7C5-40C4547EDFEE): 0
LogDevObjectVersion:   Dev-Online (39C831C9-5AE6-47DC-9A44-9C173E1C8E7C): 0
LogDevObjectVersion:   Dev-Physics (78F01B33-EBEA-4F98-B9B4-84EACCB95AA2): 0
LogDevObjectVersion:   Dev-Platform (6631380F-2D4D-43E0-8009-CF276956A95A): 0
LogDevObjectVersion:   Dev-Rendering (12F88B9F-8875-4AFC-A67C-D90C383ABD29): 27
LogDevObjectVersion:   Dev-Sequencer (7B5AE74C-D270-4C10-A958-57980B212A5A): 9
LogDevObjectVersion:   Dev-VR (D7296918-1DD6-4BDD-9DE2-64A83CC13884): 2
LogDevObjectVersion:   Dev-LoadTimes (C2A15278-BFE7-4AFE-6C17-90FF531DF755): 1
LogDevObjectVersion:   Private-Geometry (6EACA3D4-40EC-4CC1-B786-8BED09428FC5): 3
LogDevObjectVersion:   Dev-AnimPhys (29E575DD-E0A3-4627-9D10-D276232CDCEA): 17
LogDevObjectVersion:   Dev-Anim (AF43A65D-7FD3-4947-9873-3E8ED9C1BB05): 2
LogDevObjectVersion:   Dev-ReflectionCapture (6B266CEC-1EC7-4B8F-A30B-E4D90942FC07): 1
LogDevObjectVersion:   Dev-Automation (0DF73D61-A23F-47EA-B727-89E90C41499A): 1
LogDevObjectVersion:   FortniteMain (601D1886-AC64-4F84-AA16-D3DE0DEAC7D6): 17
LogDevObjectVersion:   Dev-Enterprise (9DFFBCD6-494F-0158-E221-12823C92A888): 4
LogDevObjectVersion:   Dev-Niagara (F2AED0AC-9AFE-416F-8664-AA7FFA26D6FC): 1
LogStreaming: Display: Took  0.004s to delete old logs.
LogInit: Presizing for max 8388607 objects, including 0 objects not considered by GC, pre-allocating 0 bytes for permanent pool.
LogInit: Object subsystem initialized
LogConfig: Setting CVar [[con.DebugEarlyDefault:1]]
LogConfig: Setting CVar [[r.setres:1280x720]]
[2020.05.11-02.38.07:101][  0]LogConfig: Setting CVar [[r.VSync:0]]
[2020.05.11-02.38.07:101][  0]LogConfig: Setting CVar [[r.RHICmdBypass:0]]
[2020.05.11-02.38.07:101][  0]LogConfig: Applying CVar settings from Section [/Script/Engine.RendererSettings] File [C:/Users/HCWS/Desktop/Team1_Journeyman2020/CastleOfTheDead - Commit Version/Saved/Config/Windows/Engine.ini]
[2020.05.11-02.38.07:101][  0]LogConfig: Setting CVar [[r.GPUCrashDebugging:0]]
[2020.05.11-02.38.07:101][  0]LogConfig: Applying CVar settings from Section [/Script/Engine.RendererOverrideSettings] File [C:/Users/HCWS/Desktop/Team1_Journeyman2020/CastleOfTheDead - Commit Version/Saved/Config/Windows/Engine.ini]
[2020.05.11-02.38.07:101][  0]LogConfig: Applying CVar settings from Section [/Script/Engine.StreamingSettings] File [C:/Users/HCWS/Desktop/Team1_Journeyman2020/CastleOfTheDead - Commit Version/Saved/Config/Windows/Engine.ini]
[2020.05.11-02.38.07:101][  0]LogConfig: Setting CVar [[s.MinBulkDataSizeForAsyncLoading:131072]]
[2020.05.11-02.38.07:101][  0]LogConfig: Setting CVar [[s.AsyncLoadingThreadEnabled:0]]
[2020.05.11-02.38.07:101][  0]LogConfig: Setting CVar [[s.EventDrivenLoaderEnabled:1]]
[2020.05.11-02.38.07:101][  0]LogConfig: Setting CVar [[s.WarnIfTimeLimitExceeded:0]]
[2020.05.11-02.38.07:101][  0]LogConfig: Setting CVar [[s.TimeLimitExceededMultiplier:1.5]]
[2020.05.11-02.38.07:101][  0]LogConfig: Setting CVar [[s.TimeLimitExceededMinTime:0.005]]
[2020.05.11-02.38.07:101][  0]LogConfig: Setting CVar [[s.UseBackgroundLevelStreaming:1]]
[2020.05.11-02.38.07:101][  0]LogConfig: Setting CVar [[s.PriorityAsyncLoadingExtraTime:15.0]]
[2020.05.11-02.38.07:101][  0]LogConfig: Setting CVar [[s.LevelStreamingActorsUpdateTimeLimit:5.0]]
[2020.05.11-02.38.07:101][  0]LogConfig: Setting CVar [[s.PriorityLevelStreamingActorsUpdateExtraTime:5.0]]
[2020.05.11-02.38.07:101][  0]LogConfig: Setting CVar [[s.LevelStreamingComponentsRegistrationGranularity:10]]
[2020.05.11-02.38.07:101][  0]LogConfig: Setting CVar [[s.UnregisterComponentsTimeLimit:1.0]]
[2020.05.11-02.38.07:101][  0]LogConfig: Setting CVar [[s.LevelStreamingComponentsUnregistrationGranularity:5]]
[2020.05.11-02.38.07:101][  0]LogConfig: Applying CVar settings from Section [/Script/Engine.GarbageCollectionSettings] File [C:/Users/HCWS/Desktop/Team1_Journeyman2020/CastleOfTheDead - Commit Version/Saved/Config/Windows/Engine.ini]
[2020.05.11-02.38.07:101][  0]LogConfig: Setting CVar [[gc.MaxObjectsNotConsideredByGC:1]]
[2020.05.11-02.38.07:101][  0]LogConfig: Setting CVar [[gc.SizeOfPermanentObjectPool:0]]
[2020.05.11-02.38.07:101][  0]LogConfig: Setting CVar [[gc.FlushStreamingOnGC:0]]
[2020.05.11-02.38.07:101][  0]LogConfig: Setting CVar [[gc.NumRetriesBeforeForcingGC:10]]
[2020.05.11-02.38.07:102][  0]LogConfig: Setting CVar [[gc.AllowParallelGC:1]]
[2020.05.11-02.38.07:102][  0]LogConfig: Setting CVar [[gc.TimeBetweenPurgingPendingKillObjects:61.1]]
[2020.05.11-02.38.07:102][  0]LogConfig: Setting CVar [[gc.MaxObjectsInEditor:8388607]]
[2020.05.11-02.38.07:102][  0]LogConfig: Setting CVar [[gc.IncrementalBeginDestroyEnabled:1]]
[2020.05.11-02.38.07:102][  0]LogConfig: Setting CVar [[gc.CreateGCClusters:1]]
[2020.05.11-02.38.07:102][  0]LogConfig: Setting CVar [[gc.MergeGCClusters:0]]
[2020.05.11-02.38.07:102][  0]LogConfig: Setting CVar [[gc.MinGCClusterSize:5]]
[2020.05.11-02.38.07:102][  0]LogConfig: Setting CVar [[gc.ActorClusteringEnabled:0]]
[2020.05.11-02.38.07:102][  0]LogConfig: Setting CVar [[gc.BlueprintClusteringEnabled:0]]
[2020.05.11-02.38.07:102][  0]LogConfig: Setting CVar [[gc.UseDisregardForGCOnDedicatedServers:0]]
[2020.05.11-02.38.07:102][  0]LogConfig: Applying CVar settings from Section [/Script/Engine.NetworkSettings] File [C:/Users/HCWS/Desktop/Team1_Journeyman2020/CastleOfTheDead - Commit Version/Saved/Config/Windows/Engine.ini]
[2020.05.11-02.38.07:102][  0]LogConfig: Applying CVar settings from Section [/Script/UnrealEd.CookerSettings] File [C:/Users/HCWS/Desktop/Team1_Journeyman2020/CastleOfTheDead - Commit Version/Saved/Config/Windows/Engine.ini]
[2020.05.11-02.38.07:107][  0]LogConfig: Applying CVar settings from Section [ViewDistanceQuality@3] File [C:/Users/HCWS/Desktop/Team1_Journeyman2020/CastleOfTheDead - Commit Version/Saved/Config/Windows/Scalability.ini]
[2020.05.11-02.38.07:107][  0]LogConfig: Setting CVar [[r.SkeletalMeshLODBias:0]]
[2020.05.11-02.38.07:107][  0]LogConfig: Setting CVar [[r.ViewDistanceScale:1.0]]
[2020.05.11-02.38.07:107][  0]LogConfig: Applying CVar settings from Section [AntiAliasingQuality@3] File [C:/Users/HCWS/Desktop/Team1_Journeyman2020/CastleOfTheDead - Commit Version/Saved/Config/Windows/Scalability.ini]
[2020.05.11-02.38.07:107][  0]LogConfig: Setting CVar [[r.PostProcessAAQuality:3]]
[2020.05.11-02.38.07:107][  0]LogConfig: Applying CVar settings from Section [ShadowQuality@3] File [C:/Users/HCWS/Desktop/Team1_Journeyman2020/CastleOfTheDead - Commit Version/Saved/Config/Windows/Scalability.ini]
[2020.05.11-02.38.07:107][  0]LogConfig: Setting CVar [[r.LightFunctionQuality:1]]
[2020.05.11-02.38.07:107][  0]LogConfig: Setting CVar [[r.ShadowQuality:5]]
[2020.05.11-02.38.07:107][  0]LogConfig: Setting CVar [[r.Shadow.CSM.MaxCascades:10]]
[2020.05.11-02.38.07:107][  0]LogConfig: Setting CVar [[r.Shadow.MaxResolution:2048]]
[2020.05.11-02.38.07:107][  0]LogConfig: Setting CVar [[r.Shadow.MaxCSMResolution:2048]]
[2020.05.11-02.38.07:107][  0]LogConfig: Setting CVar [[r.Shadow.RadiusThreshold:0.01]]
[2020.05.11-02.38.07:107][  0]LogConfig: Setting CVar [[r.Shadow.DistanceScale:1.0]]
[2020.05.11-02.38.07:107][  0]LogConfig: Setting CVar [[r.Shadow.CSM.TransitionScale:1.0]]
[2020.05.11-02.38.07:107][  0]LogConfig: Setting CVar [[r.Shadow.PreShadowResolutionFactor:1.0]]
[2020.05.11-02.38.07:107][  0]LogConfig: Setting CVar [[r.DistanceFieldShadowing:1]]
[2020.05.11-02.38.07:107][  0]LogConfig: Setting CVar [[r.DistanceFieldAO:1]]
[2020.05.11-02.38.07:107][  0]LogConfig: Setting CVar [[r.AOQuality:2]]
[2020.05.11-02.38.07:107][  0]LogConfig: Setting CVar [[r.VolumetricFog:1]]
[2020.05.11-02.38.07:107][  0]LogConfig: Setting CVar [[r.VolumetricFog.GridPixelSize:8]]
[2020.05.11-02.38.07:107][  0]LogConfig: Setting CVar [[r.VolumetricFog.GridSizeZ:128]]
[2020.05.11-02.38.07:107][  0]LogConfig: Setting CVar [[r.VolumetricFog.HistoryMissSupersampleCount:4]]
[2020.05.11-02.38.07:107][  0]LogConfig: Setting CVar [[r.LightMaxDrawDistanceScale:1]]
[2020.05.11-02.38.07:107][  0]LogConfig: Setting CVar [[r.CapsuleShadows:1]]
[2020.05.11-02.38.07:107][  0]LogConfig: Applying CVar settings from Section [PostProcessQuality@3] File [C:/Users/HCWS/Desktop/Team1_Journeyman2020/CastleOfTheDead - Commit Version/Saved/Config/Windows/Scalability.ini]
[2020.05.11-02.38.07:107][  0]LogConfig: Setting CVar [[r.MotionBlurQuality:0]]
[2020.05.11-02.38.07:108][  0]LogConfig: Setting CVar [[r.AmbientOcclusionMipLevelFactor:0.4]]
[2020.05.11-02.38.07:108][  0]LogConfig: Setting CVar [[r.AmbientOcclusionMaxQuality:100]]
[2020.05.11-02.38.07:108][  0]LogConfig: Setting CVar [[r.AmbientOcclusionLevels:0]]
[2020.05.11-02.38.07:108][  0]LogConfig: Setting CVar [[r.AmbientOcclusionRadiusScale:1.0]]
[2020.05.11-02.38.07:108][  0]LogConfig: Setting CVar [[r.DepthOfFieldQuality:0]]
[2020.05.11-02.38.07:108][  0]LogConfig: Setting CVar [[r.RenderTargetPoolMin:400]]
[2020.05.11-02.38.07:108][  0]LogConfig: Setting CVar [[r.LensFlareQuality:0]]
[2020.05.11-02.38.07:108][  0]LogConfig: Setting CVar [[r.SceneColorFringeQuality:0]]
[2020.05.11-02.38.07:108][  0]LogConfig: Setting CVar [[r.EyeAdaptationQuality:2]]
[2020.05.11-02.38.07:108][  0]LogConfig: Setting CVar [[r.BloomQuality:1]]
[2020.05.11-02.38.07:108][  0]LogConfig: Setting CVar [[r.FastBlurThreshold:0]]
[2020.05.11-02.38.07:108][  0]LogConfig: Setting CVar [[r.Upscale.Quality:3]]
[2020.05.11-02.38.07:108][  0]LogConfig: Setting CVar [[r.Tonemapper.GrainQuantization:1]]
[2020.05.11-02.38.07:108][  0]LogConfig: Setting CVar [[r.LightShaftQuality:1]]
[2020.05.11-02.38.07:108][  0]LogConfig: Setting CVar [[r.Filter.SizeScale:1]]
[2020.05.11-02.38.07:108][  0]LogConfig: Setting CVar [[r.Tonemapper.Quality:5]]
[2020.05.11-02.38.07:108][  0]LogConfig: Setting CVar [[r.DOF.Gather.AccumulatorQuality:1        ; higher gathering accumulator quality]]
[2020.05.11-02.38.07:108][  0]LogConfig: Setting CVar [[r.DOF.Gather.PostfilterMethod:1          ; Median3x3 postfilering method]]
[2020.05.11-02.38.07:108][  0]LogConfig: Setting CVar [[r.DOF.Gather.EnableBokehSettings:0       ; no bokeh simulation when gathering]]
[2020.05.11-02.38.07:108][  0]LogConfig: Setting CVar [[r.DOF.Gather.RingCount:4                 ; medium number of samples when gathering]]
[2020.05.11-02.38.07:108][  0]LogConfig: Setting CVar [[r.DOF.Scatter.ForegroundCompositing:1    ; additive foreground scattering]]
[2020.05.11-02.38.07:108][  0]LogConfig: Setting CVar [[r.DOF.Scatter.BackgroundCompositing:2    ; additive background scattering]]
[2020.05.11-02.38.07:108][  0]LogConfig: Setting CVar [[r.DOF.Scatter.EnableBokehSettings:1      ; bokeh simulation when scattering]]
[2020.05.11-02.38.07:108][  0]LogConfig: Setting CVar [[r.DOF.Scatter.MaxSpriteRatio:0.1         ; only a maximum of 10% of scattered bokeh]]
[2020.05.11-02.38.07:108][  0]LogConfig: Setting CVar [[r.DOF.Recombine.Quality:1                ; cheap slight out of focus]]
[2020.05.11-02.38.07:108][  0]LogConfig: Setting CVar [[r.DOF.Recombine.EnableBokehSettings:0    ; no bokeh simulation on slight out of focus]]
[2020.05.11-02.38.07:108][  0]LogConfig: Setting CVar [[r.DOF.TemporalAAQuality:1                ; more stable temporal accumulation]]
[2020.05.11-02.38.07:108][  0]LogConfig: Setting CVar [[r.DOF.Kernel.MaxForegroundRadius:0.025]]
[2020.05.11-02.38.07:108][  0]LogConfig: Setting CVar [[r.DOF.Kernel.MaxBackgroundRadius:0.025]]
[2020.05.11-02.38.07:108][  0]LogConfig: Applying CVar settings from Section [TextureQuality@3] File [C:/Users/HCWS/Desktop/Team1_Journeyman2020/CastleOfTheDead - Commit Version/Saved/Config/Windows/Scalability.ini]
[2020.05.11-02.38.07:108][  0]LogConfig: Setting CVar [[r.Streaming.MipBias:0]]
[2020.05.11-02.38.07:108][  0]LogConfig: Setting CVar [[r.Streaming.AmortizeCPUToGPUCopy:0]]
[2020.05.11-02.38.07:108][  0]LogConfig: Setting CVar [[r.Streaming.MaxNumTexturesToStreamPerFrame:0]]
[2020.05.11-02.38.07:108][  0]LogConfig: Setting CVar [[r.Streaming.Boost:1]]
[2020.05.11-02.38.07:108][  0]LogConfig: Setting CVar [[r.MaxAnisotropy:8]]
[2020.05.11-02.38.07:108][  0]LogConfig: Setting CVar [[r.Streaming.LimitPoolSizeToVRAM:0]]
[2020.05.11-02.38.07:108][  0]LogConfig: Setting CVar [[r.Streaming.PoolSize:1000]]
[2020.05.11-02.38.07:108][  0]LogConfig: Setting CVar [[r.Streaming.MaxEffectiveScreenSize:0]]
[2020.05.11-02.38.07:108][  0]LogConfig: Applying CVar settings from Section [EffectsQuality@3] File [C:/Users/HCWS/Desktop/Team1_Journeyman2020/CastleOfTheDead - Commit Version/Saved/Config/Windows/Scalability.ini]
[2020.05.11-02.38.07:108][  0]LogConfig: Setting CVar [[r.TranslucencyLightingVolumeDim:4]]
[2020.05.11-02.38.07:108][  0]LogConfig: Setting CVar [[r.RefractionQuality:2]]
[2020.05.11-02.38.07:108][  0]LogConfig: Setting CVar [[r.SSR.Quality:0]]
[2020.05.11-02.38.07:108][  0]LogConfig: Setting CVar [[r.SceneColorFormat:2]]
[2020.05.11-02.38.07:108][  0]LogConfig: Setting CVar [[r.DetailMode:2]]
[2020.05.11-02.38.07:108][  0]LogConfig: Setting CVar [[r.TranslucencyVolumeBlur:0]]
[2020.05.11-02.38.07:108][  0]LogConfig: Setting CVar [[r.MaterialQualityLevel:1 ; High quality]]
[2020.05.11-02.38.07:108][  0]LogConfig: Setting CVar [[r.SSS.Scale:1]]
[2020.05.11-02.38.07:108][  0]LogConfig: Setting CVar [[r.SSS.SampleSet:2]]
[2020.05.11-02.38.07:108][  0]LogConfig: Setting CVar [[r.SSS.Quality:1]]
[2020.05.11-02.38.07:108][  0]LogConfig: Setting CVar [[r.SSS.HalfRes:1]]
[2020.05.11-02.38.07:108][  0]LogConfig: Setting CVar [[r.EmitterSpawnRateScale:1.0]]
[2020.05.11-02.38.07:108][  0]LogConfig: Setting CVar [[r.ParticleLightQuality:2]]
[2020.05.11-02.38.07:108][  0]LogConfig: Applying CVar settings from Section [FoliageQuality@3] File [C:/Users/HCWS/Desktop/Team1_Journeyman2020/CastleOfTheDead - Commit Version/Saved/Config/Windows/Scalability.ini]
[2020.05.11-02.38.07:108][  0]LogConfig: Setting CVar [[foliage.DensityScale:1.0]]
[2020.05.11-02.38.07:108][  0]LogConfig: Setting CVar [[grass.DensityScale:1.0]]
[2020.05.11-02.38.07:108][  0]LogInit: Selected Device Profile: [Windows]
[2020.05.11-02.38.07:108][  0]LogInit: Applying CVar settings loaded from the selected device profile: [Windows]
[2020.05.11-02.38.07:121][  0]LogHAL: Display: Platform has ~ 16 GB [17130110976 / 17179869184 / 16], which maps to Larger [LargestMinGB=32, LargerMinGB=12, DefaultMinGB=8, SmallerMinGB=6, SmallestMinGB=0)
[2020.05.11-02.38.07:121][  0]LogConfig: Setting CVar [[r.Vulkan.UseRealUBs:1]]
[2020.05.11-02.38.07:121][  0]LogInit: Going up to parent DeviceProfile []
[2020.05.11-02.38.07:121][  0]LogConfig: Applying CVar settings from Section [ViewDistanceQuality@3] File [C:/Users/HCWS/Desktop/Team1_Journeyman2020/CastleOfTheDead - Commit Version/Saved/Config/Windows/Scalability.ini]
[2020.05.11-02.38.07:121][  0]LogConfig: Setting CVar [[r.SkeletalMeshLODBias:0]]
[2020.05.11-02.38.07:121][  0]LogConfig: Setting CVar [[r.ViewDistanceScale:1.0]]
[2020.05.11-02.38.07:121][  0]LogConfig: Applying CVar settings from Section [AntiAliasingQuality@3] File [C:/Users/HCWS/Desktop/Team1_Journeyman2020/CastleOfTheDead - Commit Version/Saved/Config/Windows/Scalability.ini]
[2020.05.11-02.38.07:121][  0]LogConfig: Setting CVar [[r.PostProcessAAQuality:3]]
[2020.05.11-02.38.07:121][  0]LogConfig: Applying CVar settings from Section [ShadowQuality@3] File [C:/Users/HCWS/Desktop/Team1_Journeyman2020/CastleOfTheDead - Commit Version/Saved/Config/Windows/Scalability.ini]
[2020.05.11-02.38.07:121][  0]LogConfig: Setting CVar [[r.LightFunctionQuality:1]]
[2020.05.11-02.38.07:122][  0]LogConfig: Setting CVar [[r.ShadowQuality:5]]
[2020.05.11-02.38.07:122][  0]LogConfig: Setting CVar [[r.Shadow.CSM.MaxCascades:10]]
[2020.05.11-02.38.07:122][  0]LogConfig: Setting CVar [[r.Shadow.MaxResolution:2048]]
[2020.05.11-02.38.07:122][  0]LogConfig: Setting CVar [[r.Shadow.MaxCSMResolution:2048]]
[2020.05.11-02.38.07:122][  0]LogConfig: Setting CVar [[r.Shadow.RadiusThreshold:0.01]]
[2020.05.11-02.38.07:122][  0]LogConfig: Setting CVar [[r.Shadow.DistanceScale:1.0]]
[2020.05.11-02.38.07:122][  0]LogConfig: Setting CVar [[r.Shadow.CSM.TransitionScale:1.0]]
[2020.05.11-02.38.07:122][  0]LogConfig: Setting CVar [[r.Shadow.PreShadowResolutionFactor:1.0]]
[2020.05.11-02.38.07:122][  0]LogConfig: Setting CVar [[r.DistanceFieldShadowing:1]]
[2020.05.11-02.38.07:122][  0]LogConfig: Setting CVar [[r.DistanceFieldAO:1]]
[2020.05.11-02.38.07:122][  0]LogConfig: Setting CVar [[r.AOQuality:2]]
[2020.05.11-02.38.07:122][  0]LogConfig: Setting CVar [[r.VolumetricFog:1]]
[2020.05.11-02.38.07:122][  0]LogConfig: Setting CVar [[r.VolumetricFog.GridPixelSize:8]]
[2020.05.11-02.38.07:122][  0]LogConfig: Setting CVar [[r.VolumetricFog.GridSizeZ:128]]
[2020.05.11-02.38.07:122][  0]LogConfig: Setting CVar [[r.VolumetricFog.HistoryMissSupersampleCount:4]]
[2020.05.11-02.38.07:122][  0]LogConfig: Setting CVar [[r.LightMaxDrawDistanceScale:1]]
[2020.05.11-02.38.07:122][  0]LogConfig: Setting CVar [[r.CapsuleShadows:1]]
[2020.05.11-02.38.07:122][  0]LogConfig: Applying CVar settings from Section [PostProcessQuality@3] File [C:/Users/HCWS/Desktop/Team1_Journeyman2020/CastleOfTheDead - Commit Version/Saved/Config/Windows/Scalability.ini]
[2020.05.11-02.38.07:122][  0]LogConfig: Setting CVar [[r.MotionBlurQuality:0]]
[2020.05.11-02.38.07:122][  0]LogConfig: Setting CVar [[r.AmbientOcclusionMipLevelFactor:0.4]]
[2020.05.11-02.38.07:122][  0]LogConfig: Setting CVar [[r.AmbientOcclusionMaxQuality:100]]
[2020.05.11-02.38.07:122][  0]LogConfig: Setting CVar [[r.AmbientOcclusionLevels:0]]
[2020.05.11-02.38.07:122][  0]LogConfig: Setting CVar [[r.AmbientOcclusionRadiusScale:1.0]]
[2020.05.11-02.38.07:122][  0]LogConfig: Setting CVar [[r.DepthOfFieldQuality:0]]
[2020.05.11-02.38.07:122][  0]LogConfig: Setting CVar [[r.RenderTargetPoolMin:400]]
[2020.05.11-02.38.07:122][  0]LogConfig: Setting CVar [[r.LensFlareQuality:0]]
[2020.05.11-02.38.07:122][  0]LogConfig: Setting CVar [[r.SceneColorFringeQuality:0]]
[2020.05.11-02.38.07:122][  0]LogConfig: Setting CVar [[r.EyeAdaptationQuality:2]]
[2020.05.11-02.38.07:122][  0]LogConfig: Setting CVar [[r.BloomQuality:1]]
[2020.05.11-02.38.07:122][  0]LogConfig: Setting CVar [[r.FastBlurThreshold:0]]
[2020.05.11-02.38.07:122][  0]LogConfig: Setting CVar [[r.Upscale.Quality:3]]
[2020.05.11-02.38.07:122][  0]LogConfig: Setting CVar [[r.Tonemapper.GrainQuantization:1]]
[2020.05.11-02.38.07:122][  0]LogConfig: Setting CVar [[r.LightShaftQuality:1]]
[2020.05.11-02.38.07:122][  0]LogConfig: Setting CVar [[r.Filter.SizeScale:1]]
[2020.05.11-02.38.07:122][  0]LogConfig: Setting CVar [[r.Tonemapper.Quality:5]]
[2020.05.11-02.38.07:122][  0]LogConfig: Setting CVar [[r.DOF.Gather.AccumulatorQuality:1        ; higher gathering accumulator quality]]
[2020.05.11-02.38.07:122][  0]LogConfig: Setting CVar [[r.DOF.Gather.PostfilterMethod:1          ; Median3x3 postfilering method]]
[2020.05.11-02.38.07:122][  0]LogConfig: Setting CVar [[r.DOF.Gather.EnableBokehSettings:0       ; no bokeh simulation when gathering]]
[2020.05.11-02.38.07:122][  0]LogConfig: Setting CVar [[r.DOF.Gather.RingCount:4                 ; medium number of samples when gathering]]
[2020.05.11-02.38.07:122][  0]LogConfig: Setting CVar [[r.DOF.Scatter.ForegroundCompositing:1    ; additive foreground scattering]]
[2020.05.11-02.38.07:122][  0]LogConfig: Setting CVar [[r.DOF.Scatter.BackgroundCompositing:2    ; additive background scattering]]
[2020.05.11-02.38.07:122][  0]LogConfig: Setting CVar [[r.DOF.Scatter.EnableBokehSettings:1      ; bokeh simulation when scattering]]
[2020.05.11-02.38.07:122][  0]LogConfig: Setting CVar [[r.DOF.Scatter.MaxSpriteRatio:0.1         ; only a maximum of 10% of scattered bokeh]]
[2020.05.11-02.38.07:122][  0]LogConfig: Setting CVar [[r.DOF.Recombine.Quality:1                ; cheap slight out of focus]]
[2020.05.11-02.38.07:122][  0]LogConfig: Setting CVar [[r.DOF.Recombine.EnableBokehSettings:0    ; no bokeh simulation on slight out of focus]]
[2020.05.11-02.38.07:122][  0]LogConfig: Setting CVar [[r.DOF.TemporalAAQuality:1                ; more stable temporal accumulation]]
[2020.05.11-02.38.07:122][  0]LogConfig: Setting CVar [[r.DOF.Kernel.MaxForegroundRadius:0.025]]
[2020.05.11-02.38.07:122][  0]LogConfig: Setting CVar [[r.DOF.Kernel.MaxBackgroundRadius:0.025]]
[2020.05.11-02.38.07:122][  0]LogConfig: Applying CVar settings from Section [TextureQuality@3] File [C:/Users/HCWS/Desktop/Team1_Journeyman2020/CastleOfTheDead - Commit Version/Saved/Config/Windows/Scalability.ini]
[2020.05.11-02.38.07:122][  0]LogConfig: Setting CVar [[r.Streaming.MipBias:0]]
[2020.05.11-02.38.07:122][  0]LogConfig: Setting CVar [[r.Streaming.AmortizeCPUToGPUCopy:0]]
[2020.05.11-02.38.07:122][  0]LogConfig: Setting CVar [[r.Streaming.MaxNumTexturesToStreamPerFrame:0]]
[2020.05.11-02.38.07:122][  0]LogConfig: Setting CVar [[r.Streaming.Boost:1]]
[2020.05.11-02.38.07:122][  0]LogConfig: Setting CVar [[r.MaxAnisotropy:8]]
[2020.05.11-02.38.07:122][  0]LogConfig: Setting CVar [[r.Streaming.LimitPoolSizeToVRAM:0]]
[2020.05.11-02.38.07:122][  0]LogConfig: Setting CVar [[r.Streaming.PoolSize:1000]]
[2020.05.11-02.38.07:122][  0]LogConfig: Setting CVar [[r.Streaming.MaxEffectiveScreenSize:0]]
[2020.05.11-02.38.07:122][  0]LogConfig: Applying CVar settings from Section [EffectsQuality@3] File [C:/Users/HCWS/Desktop/Team1_Journeyman2020/CastleOfTheDead - Commit Version/Saved/Config/Windows/Scalability.ini]
[2020.05.11-02.38.07:122][  0]LogConfig: Setting CVar [[r.TranslucencyLightingVolumeDim:4]]
[2020.05.11-02.38.07:122][  0]LogConfig: Setting CVar [[r.RefractionQuality:2]]
[2020.05.11-02.38.07:122][  0]LogConfig: Setting CVar [[r.SSR.Quality:0]]
[2020.05.11-02.38.07:122][  0]LogConfig: Setting CVar [[r.SceneColorFormat:2]]
[2020.05.11-02.38.07:122][  0]LogConfig: Setting CVar [[r.DetailMode:2]]
[2020.05.11-02.38.07:122][  0]LogConfig: Setting CVar [[r.TranslucencyVolumeBlur:0]]
[2020.05.11-02.38.07:122][  0]LogConfig: Setting CVar [[r.MaterialQualityLevel:1 ; High quality]]
[2020.05.11-02.38.07:122][  0]LogConfig: Setting CVar [[r.SSS.Scale:1]]
[2020.05.11-02.38.07:122][  0]LogConfig: Setting CVar [[r.SSS.SampleSet:2]]
[2020.05.11-02.38.07:122][  0]LogConfig: Setting CVar [[r.SSS.Quality:1]]
[2020.05.11-02.38.07:122][  0]LogConfig: Setting CVar [[r.SSS.HalfRes:1]]
[2020.05.11-02.38.07:122][  0]LogConfig: Setting CVar [[r.EmitterSpawnRateScale:1.0]]
[2020.05.11-02.38.07:122][  0]LogConfig: Setting CVar [[r.ParticleLightQuality:2]]
[2020.05.11-02.38.07:122][  0]LogConfig: Applying CVar settings from Section [FoliageQuality@3] File [C:/Users/HCWS/Desktop/Team1_Journeyman2020/CastleOfTheDead - Commit Version/Saved/Config/Windows/Scalability.ini]
[2020.05.11-02.38.07:122][  0]LogConfig: Setting CVar [[foliage.DensityScale:1.0]]
[2020.05.11-02.38.07:122][  0]LogConfig: Setting CVar [[grass.DensityScale:1.0]]
[2020.05.11-02.38.07:122][  0]LogConfig: Applying CVar settings from Section [Startup] File [../../../Engine/Config/ConsoleVariables.ini]
[2020.05.11-02.38.07:123][  0]LogConfig: Setting CVar [[net.UseAdaptiveNetUpdateFrequency:0]]
[2020.05.11-02.38.07:123][  0]LogConfig: Applying CVar settings from Section [ConsoleVariables] File [C:/Users/HCWS/Desktop/Team1_Journeyman2020/CastleOfTheDead - Commit Version/Saved/Config/Windows/Engine.ini]
[2020.05.11-02.38.07:123][  0]LogInit: Computer: DESKTOP-PQ2HA22
[2020.05.11-02.38.07:123][  0]LogInit: User: HCWS
[2020.05.11-02.38.07:123][  0]LogInit: CPU Page size=4096, Cores=4
[2020.05.11-02.38.07:123][  0]LogInit: High frequency timer resolution =10.000000 MHz
[2020.05.11-02.38.07:123][  0]LogMemory: Memory total: Physical=16.0GB (16GB approx)
[2020.05.11-02.38.07:123][  0]LogMemory: Platform Memory Stats for Windows
[2020.05.11-02.38.07:123][  0]LogMemory: Process Physical Memory: 112.15 MB used, 112.15 MB peak
[2020.05.11-02.38.07:123][  0]LogMemory: Process Virtual Memory: 109.81 MB used, 109.81 MB peak
[2020.05.11-02.38.07:123][  0]LogMemory: Physical Memory: 10996.65 MB used,  5339.90 MB free, 16336.55 MB total
[2020.05.11-02.38.07:123][  0]LogMemory: Virtual Memory: 4673.53 MB used,  134213056.00 MB free, 134217728.00 MB total
[2020.05.11-02.38.07:140][  0]LogInit: Using OS detected language (en-GB).
[2020.05.11-02.38.07:140][  0]LogInit: Using OS detected locale (en-GB).
[2020.05.11-02.38.07:141][  0]LogTextLocalizationManager: No specific localization for 'en-GB' exists, so the 'en' localization will be used.
[2020.05.11-02.38.07:485][  0]LogStreaming: Display: Took  0.344s to InitEngineTextLocalization.
[2020.05.11-02.38.07:485][  0]LogInit: Setting process to per monitor DPI aware
[2020.05.11-02.38.07:535][  0]LogSlate: New Slate User Created.  User Index 0, Is Virtual User: 0
[2020.05.11-02.38.07:535][  0]LogSlate: Slate User Registered.  User Index 0, Is Virtual User: 0
[2020.05.11-02.38.07:742][  0]LogD3D11RHI: D3D11 adapters:
[2020.05.11-02.38.07:795][  0]LogD3D11RHI:    0. 'NVIDIA GeForce GTX 1060 6GB' (Feature Level 11_0)
[2020.05.11-02.38.07:795][  0]LogD3D11RHI:       6052/0/8168 MB DedicatedVideo/DedicatedSystem/SharedSystem, Outputs:2, VendorId:0x10de
[2020.05.11-02.38.07:797][  0]LogD3D11RHI:    1. 'Microsoft Basic Render Driver' (Feature Level 11_0)
[2020.05.11-02.38.07:797][  0]LogD3D11RHI:       0/0/8168 MB DedicatedVideo/DedicatedSystem/SharedSystem, Outputs:0, VendorId:0x1414
[2020.05.11-02.38.07:797][  0]LogD3D11RHI: Chosen D3D11 Adapter: 0
[2020.05.11-02.38.07:807][  0]LogD3D11RHI: Creating new Direct3DDevice
[2020.05.11-02.38.07:807][  0]LogD3D11RHI:     GPU DeviceId: 0x1c03 (for the marketing name, search the web for "GPU Device Id")
[2020.05.11-02.38.07:807][  0]LogWindows: EnumDisplayDevices:
[2020.05.11-02.38.07:807][  0]LogWindows:    0. 'NVIDIA GeForce GTX 1060 6GB' (P:0 D:1)
[2020.05.11-02.38.07:807][  0]LogWindows:    1. 'NVIDIA GeForce GTX 1060 6GB' (P:1 D:1)
[2020.05.11-02.38.07:807][  0]LogWindows:    2. 'NVIDIA GeForce GTX 1060 6GB' (P:0 D:0)
[2020.05.11-02.38.07:808][  0]LogWindows:    3. 'NVIDIA GeForce GTX 1060 6GB' (P:0 D:0)
[2020.05.11-02.38.07:808][  0]LogWindows: DebugString: FoundDriverCount:4 
[2020.05.11-02.38.07:808][  0]LogD3D11RHI:     Adapter Name: NVIDIA GeForce GTX 1060 6GB
[2020.05.11-02.38.07:808][  0]LogD3D11RHI:   Driver Version: 442.74 (internal:26.21.14.4274, unified:442.74)
[2020.05.11-02.38.07:808][  0]LogD3D11RHI:      Driver Date: 3-13-2020
[2020.05.11-02.38.07:808][  0]LogRHI: Texture pool is 4236 MB (70% of 6052 MB)
[2020.05.11-02.38.07:850][  0]LogD3D11RHI: Async texture creation enabled
[2020.05.11-02.38.07:888][  0]LogD3D11RHI: GPU Timing Frequency: 1000.000000 (Debug: 2 1)
[2020.05.11-02.38.08:428][  0]LogTemp: Display: Loaded TP AllDesktopTargetPlatform
[2020.05.11-02.38.08:444][  0]LogTemp: Display: Loaded TP MacClientTargetPlatform
[2020.05.11-02.38.08:461][  0]LogTemp: Display: Loaded TP MacNoEditorTargetPlatform
[2020.05.11-02.38.08:478][  0]LogTemp: Display: Loaded TP MacServerTargetPlatform
[2020.05.11-02.38.08:492][  0]LogTemp: Display: Loaded TP MacTargetPlatform
[2020.05.11-02.38.08:504][  0]LogTemp: Display: Loaded TP WindowsClientTargetPlatform
[2020.05.11-02.38.08:520][  0]LogTemp: Display: Loaded TP WindowsNoEditorTargetPlatform
[2020.05.11-02.38.08:532][  0]LogTemp: Display: Loaded TP WindowsServerTargetPlatform
[2020.05.11-02.38.08:538][  0]LogTemp: Display: Loaded TP WindowsTargetPlatform
[2020.05.11-02.38.08:608][  0]LogTemp: Display: Loaded TP AndroidTargetPlatform
[2020.05.11-02.38.08:608][  0]LogTemp: Display: Loaded TP AndroidTargetPlatform
[2020.05.11-02.38.08:608][  0]LogTemp: Display: Loaded TP AndroidTargetPlatform
[2020.05.11-02.38.08:608][  0]LogTemp: Display: Loaded TP AndroidTargetPlatform
[2020.05.11-02.38.08:608][  0]LogTemp: Display: Loaded TP AndroidTargetPlatform
[2020.05.11-02.38.08:608][  0]LogTemp: Display: Loaded TP AndroidTargetPlatform
[2020.05.11-02.38.08:608][  0]LogTemp: Display: Loaded TP AndroidTargetPlatform
[2020.05.11-02.38.08:608][  0]LogTemp: Display: Loaded TP AndroidTargetPlatform
[2020.05.11-02.38.08:608][  0]LogTemp: Display: Loaded TP AndroidTargetPlatform
[2020.05.11-02.38.08:608][  0]LogTemp: Display: Loaded TP AndroidTargetPlatform
[2020.05.11-02.38.08:608][  0]LogTemp: Display: Loaded TP AndroidTargetPlatform
[2020.05.11-02.38.08:608][  0]LogTemp: Display: Loaded TP AndroidTargetPlatform
[2020.05.11-02.38.08:608][  0]LogTemp: Display: Loaded TP AndroidTargetPlatform
[2020.05.11-02.38.08:608][  0]LogTemp: Display: Loaded TP AndroidTargetPlatform
[2020.05.11-02.38.08:608][  0]LogTemp: Display: Loaded TP AndroidTargetPlatform
[2020.05.11-02.38.08:608][  0]LogTemp: Display: Loaded TP AndroidTargetPlatform
[2020.05.11-02.38.08:608][  0]LogTemp: Display: Loaded TP AndroidTargetPlatform
[2020.05.11-02.38.08:608][  0]LogTemp: Display: Loaded TP AndroidTargetPlatform
[2020.05.11-02.38.08:610][  0]LogTemp: Display: Loaded TP HTML5TargetPlatform
[2020.05.11-02.38.08:667][  0]LogTemp: Display: Loaded TP IOSTargetPlatform
[2020.05.11-02.38.08:667][  0]LogTemp: Display: Loaded TP IOSTargetPlatform
[2020.05.11-02.38.08:686][  0]LogTemp: Display: Loaded TP TVOSTargetPlatform
[2020.05.11-02.38.08:687][  0]LogTemp: Display: Loaded TP TVOSTargetPlatform
[2020.05.11-02.38.08:697][  0]LogTemp: Display: Loaded TP LinuxClientTargetPlatform
[2020.05.11-02.38.08:708][  0]LogTemp: Display: Loaded TP LinuxNoEditorTargetPlatform
[2020.05.11-02.38.08:718][  0]LogTemp: Display: Loaded TP LinuxServerTargetPlatform
[2020.05.11-02.38.08:730][  0]LogTemp: Display: Loaded TP LinuxTargetPlatform
[2020.05.11-02.38.08:770][  0]LogTemp: Display: Loaded TP LuminTargetPlatform
[2020.05.11-02.38.08:770][  0]LogTemp: Display: Loaded TP LuminTargetPlatform
[2020.05.11-02.38.08:771][  0]LogTargetPlatformManager: Display: Building Assets For Windows
[2020.05.11-02.38.08:824][  0]LogShaderCompilers: Guid format shader working directory is -46 characters bigger than the processId version (../../../../../../Users/HCWS/Desktop/Team1_Journeyman2020/CastleOfTheDead - Commit Version/Intermediate/Shaders/WorkingDirectory/22904/).
[2020.05.11-02.38.08:824][  0]LogShaderCompilers: Cleaned the shader compiler working directory 'C:/Users/HCWS/AppData/Local/Temp/UnrealShaderWorkingDir/9644259B4C6218A439460CBB145C1619/'.
[2020.05.11-02.38.08:826][  0]LogXGEController: Cannot use XGE Controller as Incredibuild is not installed on this machine.
[2020.05.11-02.38.08:827][  0]LogShaderCompilers: Cannot use XGE Shader Compiler as Incredibuild is not installed on this machine.
[2020.05.11-02.38.08:827][  0]LogShaderCompilers: Display: Using Local Shader Compiler.
[2020.05.11-02.38.09:303][  0]LogDerivedDataCache: Display: Max Cache Size: 512 MB
[2020.05.11-02.38.09:359][  0]LogDerivedDataCache: Loaded boot cache 0.06s 85MB C:/Users/HCWS/AppData/Local/UnrealEngine/4.21/DerivedDataCache/Boot.ddc.
[2020.05.11-02.38.09:359][  0]LogDerivedDataCache: Display: Loaded Boot cache: C:/Users/HCWS/AppData/Local/UnrealEngine/4.21/DerivedDataCache/Boot.ddc
[2020.05.11-02.38.09:359][  0]LogDerivedDataCache: FDerivedDataBackendGraph:  Pak pak cache file ../../../../../../Users/HCWS/Desktop/Team1_Journeyman2020/CastleOfTheDead - Commit Version/DerivedDataCache/DDC.ddp not found, will not use a pak cache.
[2020.05.11-02.38.09:360][  0]LogDerivedDataCache: Unable to find inner node Pak for hierarchical cache Hierarchy.
[2020.05.11-02.38.09:360][  0]LogDerivedDataCache: FDerivedDataBackendGraph:  CompressedPak pak cache file ../../../../../../Users/HCWS/Desktop/Team1_Journeyman2020/CastleOfTheDead - Commit Version/DerivedDataCache/Compressed.ddp not found, will not use a pak cache.
[2020.05.11-02.38.09:360][  0]LogDerivedDataCache: Unable to find inner node CompressedPak for hierarchical cache Hierarchy.
[2020.05.11-02.38.09:373][  0]LogDerivedDataCache: Display: Pak cache opened for reading ../../../Engine/DerivedDataCache/Compressed.ddp.
[2020.05.11-02.38.09:374][  0]LogDerivedDataCache: FDerivedDataBackendGraph:  EnterprisePak pak cache file ../../../Enterprise/DerivedDataCache/Compressed.ddp not found, will not use a pak cache.
[2020.05.11-02.38.09:374][  0]LogDerivedDataCache: Unable to find inner node EnterprisePak for hierarchical cache Hierarchy.
[2020.05.11-02.38.09:385][  0]LogDerivedDataCache: Using Local data cache path C:/Users/HCWS/AppData/Local/UnrealEngine/Common/DerivedDataCache: Writable
[2020.05.11-02.38.09:385][  0]LogDerivedDataCache: Shared data cache path not found in *engine.ini, will not use an Shared cache.
[2020.05.11-02.38.09:385][  0]LogDerivedDataCache: Unable to find inner node Shared for hierarchical cache Hierarchy.
[2020.05.11-02.38.09:406][  0]LogMaterial: Verifying Global Shaders for PCD3D_SM5
[2020.05.11-02.38.09:407][  0]LogSlate: Using FreeType 2.6.0
[2020.05.11-02.38.09:407][  0]LogSlate: SlateFontServices - WITH_FREETYPE: 1, WITH_HARFBUZZ: 1
[2020.05.11-02.38.09:489][  0]LogAssetRegistry: FAssetRegistry took 0.0318 seconds to start up
[2020.05.11-02.38.09:807][  0]LogInit: Selected Device Profile: [Windows]
[2020.05.11-02.38.09:945][  0]LogSimplygon: Simplygon DLL not present - disabling.
[2020.05.11-02.38.09:948][  0]LogMeshReduction: Using SimplygonSwarm for distributed automatic mesh merging
[2020.05.11-02.38.09:948][  0]LogMeshReduction: Using ProxyLODMeshReduction for automatic mesh merging
[2020.05.11-02.38.09:948][  0]LogMeshReduction: Using QuadricMeshReduction for automatic static mesh reduction
[2020.05.11-02.38.09:948][  0]LogMeshReduction: No automatic skeletal mesh reduction module available
[2020.05.11-02.38.09:963][  0]LogNetVersion: CastleOfTheDead 1.0.0, NetCL: 4541578, EngineNetVer: 5, GameNetVer: 0 (Checksum: 192157307)
[2020.05.11-02.38.10:454][  0]LogPackageLocalizationCache: Processed 11 localized package path(s) for 2 prioritized culture(s) in 0.100496 seconds
[2020.05.11-02.38.10:460][  0]LogUObjectArray: 39775 objects as part of root set at end of initial load.
[2020.05.11-02.38.10:460][  0]LogUObjectAllocator: 6914656 out of 0 bytes used by permanent object pool.
[2020.05.11-02.38.10:460][  0]LogUObjectArray: CloseDisregardForGC: 0/0 objects in disregard for GC pool
[2020.05.11-02.38.11:392][  0]LogTcpMessaging: Initializing TcpMessaging bridge
[2020.05.11-02.38.11:406][  0]LogUdpMessaging: Initializing bridge on interface 0.0.0.0:0 to multicast group 230.0.0.1:6666.
[2020.05.11-02.38.12:004][  0]SourceControl: Source control is disabled
[2020.05.11-02.38.12:004][  0]SourceControl: Source control is disabled
[2020.05.11-02.38.12:005][  0]SourceControl: Source control is disabled
[2020.05.11-02.38.12:006][  0]SourceControl: Source control is disabled
[2020.05.11-02.38.12:160][  0]LogAndroidPermission: UAndroidPermissionCallbackProxy::GetInstance
[2020.05.11-02.38.12:470][  0]LogOcInput: OculusInput pre-init called
[2020.05.11-02.38.12:598][  0]LogEngine: Initializing Engine...
[2020.05.11-02.38.12:598][  0]LogHMD: Oculus plugin initialized. Version: 4.21.2-4753647+++UE4+Release-4.21, OVRPlugin: 1.28.0
[2020.05.11-02.38.12:600][  0]LogStats: UGameplayTagsManager::ConstructGameplayTagTree: ImportINI prefixes -  0.000 s
[2020.05.11-02.38.12:600][  0]LogStats: UGameplayTagsManager::ConstructGameplayTagTree: Construct from data asset -  0.000 s
[2020.05.11-02.38.12:600][  0]LogStats: UGameplayTagsManager::ConstructGameplayTagTree: ImportINI -  0.000 s
[2020.05.11-02.38.12:600][  0]LogStats: UGameplayTagsManager::ConstructGameplayTagTree: GameplayTagTreeChangedEvent.Broadcast -  0.000 s
[2020.05.11-02.38.12:811][  0]LogInit: Initializing FReadOnlyCVARCache
[2020.05.11-02.38.12:824][  0]LogAIModule: Creating AISystem for world Untitled
[2020.05.11-02.38.12:981][  0]LogInit: XAudio2 using 'SECONDARY (KATANA)' : 2 channels at 44.1 kHz using 16 bits per sample (channel mask 0x3)
[2020.05.11-02.38.13:003][  0]LogInit: FAudioDevice initialized.
[2020.05.11-02.38.13:003][  0]LogNetVersion: Set ProjectVersion to 1.0.0.0. Version Checksum will be recalculated on next use.
[2020.05.11-02.38.13:281][  0]LogDerivedDataCache: Saved boot cache 0.28s 85MB C:/Users/HCWS/AppData/Local/UnrealEngine/4.21/DerivedDataCache/Boot.ddc.
[2020.05.11-02.38.13:294][  0]LogInit: Texture streaming: Enabled
[2020.05.11-02.38.13:313][  0]LogEngineSessionManager: EngineSessionManager initialized
[2020.05.11-02.38.13:327][  0]LogInit: Transaction tracking system initialized
[2020.05.11-02.38.13:351][  0]BlueprintLog: New page: Editor Load
[2020.05.11-02.38.13:418][  0]LocalizationService: Localization service is disabled
[2020.05.11-02.38.13:905][  0]LogCook: Display: Max memory allowance for cook 16384mb min free memory 0mb
[2020.05.11-02.38.13:905][  0]LogCook: Display: Mobile HDR setting 1
[2020.05.11-02.38.13:905][  0]LogGameplayTags: Display: UGameplayTagsManager::DoneAddingNativeTags. DelegateIsBound: 0
[2020.05.11-02.38.13:905][  0]LogStats: UGameplayTagsManager::ConstructGameplayTagTree: ImportINI prefixes -  0.000 s
[2020.05.11-02.38.13:905][  0]LogStats: UGameplayTagsManager::ConstructGameplayTagTree: Construct from data asset -  0.000 s
[2020.05.11-02.38.13:905][  0]LogStats: UGameplayTagsManager::ConstructGameplayTagTree: ImportINI -  0.000 s
[2020.05.11-02.38.13:905][  0]LogStats: UGameplayTagsManager::ConstructGameplayTagTree: GameplayTagTreeChangedEvent.Broadcast -  0.000 s
[2020.05.11-02.38.14:079][  0]LogFileCache: Scanning file cache for directory 'C:/Users/HCWS/Desktop/Team1_Journeyman2020/CastleOfTheDead - Commit Version/Content/' took 0.06s
[2020.05.11-02.38.14:079][  0]SourceControl: Source control is disabled
[2020.05.11-02.38.14:079][  0]Cmd: MAP LOAD FILE="../../../Engine/Content/Maps/Templates/Template_Default.umap" TEMPLATE=1 SHOWPROGRESS=1 FEATURELEVEL=3
[2020.05.11-02.38.14:080][  0]LightingResults: New page: Lighting Build
[2020.05.11-02.38.14:083][  0]MapCheck: New page: Map Check
[2020.05.11-02.38.14:083][  0]LightingResults: New page: Lighting Build
[2020.05.11-02.38.14:224][  0]LogAIModule: Creating AISystem for world Untitled_1
[2020.05.11-02.38.14:231][  0]LogEditorServer: Finished looking for orphan Actors (0.000 secs)
[2020.05.11-02.38.14:253][  0]Cmd: MAP CHECKDEP NOCLEARLOG
[2020.05.11-02.38.14:253][  0]MapCheck: Map check complete: 0 Error(s), 0 Warning(s), took 0.148ms to complete.
[2020.05.11-02.38.14:254][  0]LogFileHelpers: Loading map 'Template_Default' took 0.174
[2020.05.11-02.38.14:367][  0]LogSlate: Updating window title bar state: overlay mode, drag disabled, window buttons hidden, title bar hidden
[2020.05.11-02.38.14:375][  0]LogSlate: Updating window title bar state: overlay mode, drag disabled, window buttons hidden, title bar hidden
[2020.05.11-02.38.14:382][  0]LogSlate: Updating window title bar state: overlay mode, drag disabled, window buttons hidden, title bar hidden
[2020.05.11-02.38.14:389][  0]LogSlate: Updating window title bar state: overlay mode, drag disabled, window buttons hidden, title bar hidden
[2020.05.11-02.38.14:394][  0]LogCollectionManager: Loaded 0 collections in 0.001677 seconds
[2020.05.11-02.38.14:421][  0]LogFileCache: Scanning file cache for directory 'C:/Users/HCWS/Desktop/Team1_Journeyman2020/CastleOfTheDead - Commit Version/Saved/Collections/' took 0.01s
[2020.05.11-02.38.14:421][  0]LogFileCache: Scanning file cache for directory 'C:/Users/HCWS/Desktop/Team1_Journeyman2020/CastleOfTheDead - Commit Version/Content/Developers/HCWS/Collections/' took 0.01s
[2020.05.11-02.38.14:421][  0]LogFileCache: Scanning file cache for directory 'C:/Users/HCWS/Desktop/Team1_Journeyman2020/CastleOfTheDead - Commit Version/Content/Collections/' took 0.00s
[2020.05.11-02.38.14:421][  0]LogCollectionManager: Rebuilt the GUID cache for 0 collections in 0.000000 seconds
[2020.05.11-02.38.14:429][  0]LogContentBrowser: Native class hierarchy populated in 0.0073 seconds. Added 2651 classes and 620 folders.
[2020.05.11-02.38.14:434][  0]LogContentBrowser: Native class hierarchy updated for 'WidgetCarousel' in 0.0002 seconds. Added 0 classes and 0 folders.
[2020.05.11-02.38.14:435][  0]LogPakFile: Registered encryption key '00000000000000000000000000000000': 0 pak files mounted, 0 remain pending
[2020.05.11-02.38.14:436][  0]LogPakFile: Registered encryption key '00000000000000000000000000000000': 0 pak files mounted, 0 remain pending
[2020.05.11-02.38.14:436][  0]LogPakFile: Registered encryption key '00000000000000000000000000000000': 0 pak files mounted, 0 remain pending
[2020.05.11-02.38.14:437][  0]LogPakFile: Registered encryption key '00000000000000000000000000000000': 0 pak files mounted, 0 remain pending
[2020.05.11-02.38.14:437][  0]LogPakFile: Registered encryption key '00000000000000000000000000000000': 0 pak files mounted, 0 remain pending
[2020.05.11-02.38.14:437][  0]LogPakFile: Registered encryption key '00000000000000000000000000000000': 0 pak files mounted, 0 remain pending
[2020.05.11-02.38.14:438][  0]LogPakFile: Registered encryption key '00000000000000000000000000000000': 0 pak files mounted, 0 remain pending
[2020.05.11-02.38.14:438][  0]LogPakFile: Registered encryption key '00000000000000000000000000000000': 0 pak files mounted, 0 remain pending
[2020.05.11-02.38.14:439][  0]LogPakFile: Registered encryption key '00000000000000000000000000000000': 0 pak files mounted, 0 remain pending
[2020.05.11-02.38.14:439][  0]LogPakFile: Registered encryption key '00000000000000000000000000000000': 0 pak files mounted, 0 remain pending
[2020.05.11-02.38.14:439][  0]LogPakFile: Registered encryption key '00000000000000000000000000000000': 0 pak files mounted, 0 remain pending
[2020.05.11-02.38.14:440][  0]LogPakFile: Registered encryption key '00000000000000000000000000000000': 0 pak files mounted, 0 remain pending
[2020.05.11-02.38.14:440][  0]LogPakFile: Registered encryption key '00000000000000000000000000000000': 0 pak files mounted, 0 remain pending
[2020.05.11-02.38.14:440][  0]LogPakFile: Registered encryption key '00000000000000000000000000000000': 0 pak files mounted, 0 remain pending
[2020.05.11-02.38.14:441][  0]LogPakFile: Registered encryption key '00000000000000000000000000000000': 0 pak files mounted, 0 remain pending
[2020.05.11-02.38.14:441][  0]LogPakFile: Registered encryption key '00000000000000000000000000000000': 0 pak files mounted, 0 remain pending
[2020.05.11-02.38.14:442][  0]LogPakFile: Registered encryption key '00000000000000000000000000000000': 0 pak files mounted, 0 remain pending
[2020.05.11-02.38.14:442][  0]LogPakFile: Registered encryption key '00000000000000000000000000000000': 0 pak files mounted, 0 remain pending
[2020.05.11-02.38.14:442][  0]LogPakFile: Registered encryption key '00000000000000000000000000000000': 0 pak files mounted, 0 remain pending
[2020.05.11-02.38.14:443][  0]LogPakFile: Registered encryption key '00000000000000000000000000000000': 0 pak files mounted, 0 remain pending
[2020.05.11-02.38.14:443][  0]LogPakFile: Registered encryption key '00000000000000000000000000000000': 0 pak files mounted, 0 remain pending
[2020.05.11-02.38.14:444][  0]LogPakFile: Registered encryption key '00000000000000000000000000000000': 0 pak files mounted, 0 remain pending
[2020.05.11-02.38.14:444][  0]LogPakFile: Registered encryption key '00000000000000000000000000000000': 0 pak files mounted, 0 remain pending
[2020.05.11-02.38.14:444][  0]LogPakFile: Registered encryption key '00000000000000000000000000000000': 0 pak files mounted, 0 remain pending
[2020.05.11-02.38.14:445][  0]LogPakFile: Registered encryption key '00000000000000000000000000000000': 0 pak files mounted, 0 remain pending
[2020.05.11-02.38.14:445][  0]LogPakFile: Registered encryption key '00000000000000000000000000000000': 0 pak files mounted, 0 remain pending
[2020.05.11-02.38.14:474][  0]LogContentBrowser: Native class hierarchy updated for 'AddContentDialog' in 0.0002 seconds. Added 0 classes and 0 folders.
[2020.05.11-02.38.14:478][  0]LogContentBrowser: Native class hierarchy updated for 'SceneOutliner' in 0.0002 seconds. Added 1 classes and 2 folders.
[2020.05.11-02.38.14:556][  0]LogSlate: Took 0.000141 seconds to synchronously load lazily loaded font '../../../Engine/Content/Slate/Fonts/Roboto-Regular.ttf' (155K)
[2020.05.11-02.38.14:558][  0]LogSlate: Took 0.000127 seconds to synchronously load lazily loaded font '../../../Engine/Content/Slate/Fonts/Roboto-Bold.ttf' (160K)
[2020.05.11-02.38.14:563][  0]LogSlate: Took 0.000241 seconds to synchronously load lazily loaded font '../../../Engine/Content/Editor/Slate/Fonts/FontAwesome.ttf' (139K)
[2020.05.11-02.38.14:637][  0]LogRenderer: Reallocating scene render targets to support 1208x576 Format 26 NumSamples 1 (Frame:1).
[2020.05.11-02.38.14:728][  0]LogContentBrowser: Native class hierarchy updated for 'HierarchicalLODOutliner' in 0.0002 seconds. Added 0 classes and 0 folders.
[2020.05.11-02.38.14:728][  0]LogLoad: (Engine Initialization) Total time: 9.34 seconds
[2020.05.11-02.38.14:728][  0]LogLoad: (Engine Initialization) Total Blueprint compile time: 0.00 seconds
[2020.05.11-02.38.14:740][  0]LogOcInput: OculusInput is initialized
[2020.05.11-02.38.14:832][  0]LogContentStreaming: Texture pool size now 1000 MB
[2020.05.11-02.38.14:862][  0]LogSlate: Took 0.000133 seconds to synchronously load lazily loaded font '../../../Engine/Content/Slate/Fonts/Roboto-Light.ttf' (167K)
[2020.05.11-02.38.14:916][  1]LogAssetRegistry: Asset discovery search completed in 5.4497 seconds
[2020.05.11-02.38.14:918][  1]LogCollectionManager: Rebuilt the object cache for 0 collections in 0.000000 seconds (found 0 objects)
[2020.05.11-02.38.14:918][  1]LogCollectionManager: Fixed up redirectors for 0 collections in 0.000042 seconds (updated 0 objects)
[2020.05.11-02.38.18:403][408]LogSlate: FSceneViewport::OnFocusLost() reason 0
[2020.05.11-02.38.19:880][575]LogFileCache: Retrieving MD5 hashes for directory 'C:/Users/HCWS/Desktop/Team1_Journeyman2020/CastleOfTheDead - Commit Version/Content/' took 5.13s
[2020.05.11-02.38.20:564][651]LogSlate: Took 0.000140 seconds to synchronously load lazily loaded font '../../../Engine/Content/Slate/Fonts/Roboto-Light.ttf' (167K)
[2020.05.11-02.38.20:738][651]LogLinker: Warning: Can't find file '/Game/Designers/Blueprints/Flintlock/Updated/Merged_Flintlock_Mat_Inst'
[2020.05.11-02.38.20:739][651]LoadErrors: Failed to load /Game/Move_Fodler/Merged_Flintlock.Merged_Flintlock Referenced by Default__BP_Flintlock_C
[2020.05.11-02.38.20:739][651]LogLinker: Warning: Can't find file for asset '/Game/Designers/Blueprints/Flintlock/Updated/Merged_Flintlock_Mat_Inst' while loading ../../../../../../Users/HCWS/Desktop/Team1_Journeyman2020/CastleOfTheDead - Commit Version/Content/Move_Fodler/Merged_Flintlock.uasset.
[2020.05.11-02.38.20:739][651]LoadErrors: Error: /Game/Move_Fodler/Merged_Flintlock : Can't find file for asset. /Game/Designers/Blueprints/Flintlock/Updated/Merged_Flintlock_Mat_Inst
[2020.05.11-02.38.20:739][651]LogLinker: Warning: Can't find file '/Game/Designers/Blueprints/Flintlock/Updated/Merged_Flintlock_Mat_Inst'
[2020.05.11-02.38.20:739][651]LogLinker: Warning: Can't find file for asset '/Game/Designers/Blueprints/Flintlock/Updated/Merged_Flintlock_Mat_Inst' while loading ../../../../../../Users/HCWS/Desktop/Team1_Journeyman2020/CastleOfTheDead - Commit Version/Content/Move_Fodler/Merged_Flintlock.uasset.
[2020.05.11-02.38.21:736][651]LogLinker: Warning: Can't find file '/Game/LevelGeometry/Texture/Textures/T_BasicGrid_M'
[2020.05.11-02.38.21:736][651]LogLinker: Warning: Can't find file for asset '/Game/LevelGeometry/Texture/Textures/T_BasicGrid_M' while loading ../../../../../../Users/HCWS/Desktop/Team1_Journeyman2020/CastleOfTheDead - Commit Version/Content/Geometry/LevelGeometry/Materials/MaterialFunctions/Texture/Tex_SimpleGrid.uasset.
[2020.05.11-02.38.21:736][651]LoadErrors: Error: /Game/Geometry/LevelGeometry/Materials/MaterialFunctions/Texture/Tex_SimpleGrid : Can't find file for asset. /Game/LevelGeometry/Texture/Textures/T_BasicGrid_M
[2020.05.11-02.38.21:736][651]LogLinker: Warning: Can't find file '/Game/LevelGeometry/Texture/Textures/T_BasicGrid_M'
[2020.05.11-02.38.21:736][651]LogLinker: Warning: Can't find file for asset '/Game/LevelGeometry/Texture/Textures/T_BasicGrid_M' while loading ../../../../../../Users/HCWS/Desktop/Team1_Journeyman2020/CastleOfTheDead - Commit Version/Content/Geometry/LevelGeometry/Materials/MaterialFunctions/Texture/Tex_SimpleGrid.uasset.
[2020.05.11-02.38.21:854][651]LogLinker: Warning: Can't find file '/Game/LevelGeometry/Materials/Mat_LevelArchitecture'
[2020.05.11-02.38.21:854][651]LogLinker: Warning: Can't find file for asset '/Game/LevelGeometry/Materials/Mat_LevelArchitecture' while loading ../../../../../../Users/HCWS/Desktop/Team1_Journeyman2020/CastleOfTheDead - Commit Version/Content/Geometry/LevelGeometry/SM_Arch.uasset.
[2020.05.11-02.38.21:854][651]LoadErrors: Error: /Game/Geometry/LevelGeometry/SM_Arch : Can't find file for asset. /Game/LevelGeometry/Materials/Mat_LevelArchitecture
[2020.05.11-02.38.21:855][651]LogLinker: Warning: Can't find file '/Game/LevelGeometry/Materials/Mat_LevelArchitecture'
[2020.05.11-02.38.21:855][651]LogLinker: Warning: Can't find file for asset '/Game/LevelGeometry/Materials/Mat_LevelArchitecture' while loading ../../../../../../Users/HCWS/Desktop/Team1_Journeyman2020/CastleOfTheDead - Commit Version/Content/Geometry/LevelGeometry/SM_Arch.uasset.
[2020.05.11-02.38.21:856][651]LogLinker: Warning: Can't find file '/Game/LevelGeometry/Materials/Mat_LevelArchitecture'
[2020.05.11-02.38.21:856][651]LogLinker: Warning: Can't find file for asset '/Game/LevelGeometry/Materials/Mat_LevelArchitecture' while loading ../../../../../../Users/HCWS/Desktop/Team1_Journeyman2020/CastleOfTheDead - Commit Version/Content/Geometry/LevelGeometry/SM_Box.uasset.
[2020.05.11-02.38.21:856][651]LoadErrors: Error: /Game/Geometry/LevelGeometry/SM_Box : Can't find file for asset. /Game/LevelGeometry/Materials/Mat_LevelArchitecture
[2020.05.11-02.38.21:857][651]LogLinker: Warning: Can't find file '/Game/LevelGeometry/Materials/Mat_LevelArchitecture'
[2020.05.11-02.38.21:857][651]LogLinker: Warning: Can't find file for asset '/Game/LevelGeometry/Materials/Mat_LevelArchitecture' while loading ../../../../../../Users/HCWS/Desktop/Team1_Journeyman2020/CastleOfTheDead - Commit Version/Content/Geometry/LevelGeometry/SM_Box.uasset.
[2020.05.11-02.38.21:858][651]LogLinker: Warning: Can't find file '/Game/LevelGeometry/Materials/Mat_LevelArchitecture'
[2020.05.11-02.38.21:858][651]LogLinker: Warning: Can't find file for asset '/Game/LevelGeometry/Materials/Mat_LevelArchitecture' while loading ../../../../../../Users/HCWS/Desktop/Team1_Journeyman2020/CastleOfTheDead - Commit Version/Content/Geometry/LevelGeometry/SM_Slope.uasset.
[2020.05.11-02.38.21:858][651]LoadErrors: Error: /Game/Geometry/LevelGeometry/SM_Slope : Can't find file for asset. /Game/LevelGeometry/Materials/Mat_LevelArchitecture
[2020.05.11-02.38.21:859][651]LogLinker: Warning: Can't find file '/Game/LevelGeometry/Materials/Mat_LevelArchitecture'
[2020.05.11-02.38.21:859][651]LogLinker: Warning: Can't find file for asset '/Game/LevelGeometry/Materials/Mat_LevelArchitecture' while loading ../../../../../../Users/HCWS/Desktop/Team1_Journeyman2020/CastleOfTheDead - Commit Version/Content/Geometry/LevelGeometry/SM_Slope.uasset.
[2020.05.11-02.38.22:020][651]LogLinker: Warning: Can't find file '/Game/Designers/Blueprints/Flintlock/Updated/Merged_Flintlock_Mat_Inst'
[2020.05.11-02.38.22:020][651]LoadErrors: Failed to load /Game/Designers/Blueprints/Flintlock/Updated/Merged_Flintlock_Mat_Inst.Merged_Flintlock_Mat_Inst Referenced by Merged_Flintlock
[2020.05.11-02.38.22:020][651]LogLinker: Warning: Can't find file for asset '/Game/Designers/Blueprints/Flintlock/Updated/Merged_Flintlock_Mat_Inst' while loading NULL.
[2020.05.11-02.38.22:020][651]LogLinker: Warning: Can't find file '/Game/Designers/Blueprints/Flintlock/Updated/Merged_Flintlock_Mat_Inst'
[2020.05.11-02.38.22:020][651]LogLinker: Warning: Can't find file for asset '/Game/Designers/Blueprints/Flintlock/Updated/Merged_Flintlock_Mat_Inst' while loading NULL.
[2020.05.11-02.38.22:045][651]LogLinker: Warning: Can't find file '/Game/LevelGeometry/Texture/Textures/T_BasicGrid_M'
[2020.05.11-02.38.22:045][651]LoadErrors: Failed to load /Game/LevelGeometry/Texture/Textures/T_BasicGrid_M.T_BasicGrid_M Referenced by MaterialExpressionTextureObject_0
[2020.05.11-02.38.22:046][651]LogLinker: Warning: Can't find file for asset '/Game/LevelGeometry/Texture/Textures/T_BasicGrid_M' while loading NULL.
[2020.05.11-02.38.22:057][651]LogLinker: Warning: Can't find file '/Game/LevelGeometry/Materials/Mat_LevelArchitecture'
[2020.05.11-02.38.22:057][651]LoadErrors: Failed to load /Game/LevelGeometry/Materials/Mat_LevelArchitecture.Mat_LevelArchitecture Referenced by SM_Slope
[2020.05.11-02.38.22:057][651]LogLinker: Warning: Can't find file for asset '/Game/LevelGeometry/Materials/Mat_LevelArchitecture' while loading NULL.
[2020.05.11-02.38.22:110][651]LogLinker: Warning: Can't find file '/Game/LevelGeometry/Materials/Mat_LevelArchitecture'
[2020.05.11-02.38.22:110][651]LoadErrors: Failed to load /Game/LevelGeometry/Materials/Mat_LevelArchitecture.Mat_LevelArchitecture Referenced by SM_Box
[2020.05.11-02.38.22:110][651]LogLinker: Warning: Can't find file for asset '/Game/LevelGeometry/Materials/Mat_LevelArchitecture' while loading NULL.
[2020.05.11-02.38.22:111][651]LogLinker: Warning: Can't find file '/Game/LevelGeometry/Materials/Mat_LevelArchitecture'
[2020.05.11-02.38.22:111][651]LoadErrors: Failed to load /Game/LevelGeometry/Materials/Mat_LevelArchitecture.Mat_LevelArchitecture Referenced by SM_Arch
[2020.05.11-02.38.22:111][651]LogLinker: Warning: Can't find file for asset '/Game/LevelGeometry/Materials/Mat_LevelArchitecture' while loading NULL.
[2020.05.11-02.38.22:951][651]LogAIModule: Creating AISystem for world MP_Level_One_Point_Three_HCWS_Test
[2020.05.11-02.38.23:043][651]LogAssetEditorManager: Opening Asset editor for World /Game/Designers/Level_Maps/MP_Level_One_Point_Three_HCWS_Test.MP_Level_One_Point_Three_HCWS_Test
[2020.05.11-02.38.23:077][651]LightingResults: New page: Lighting Build
[2020.05.11-02.38.23:078][651]LoadErrors: New page: Loading map: MP_Level_One_Point_Three_HCWS_Test.umap
[2020.05.11-02.38.23:079][651]MapCheck: New page: Map Check
[2020.05.11-02.38.23:079][651]LightingResults: New page: Lighting Build
[2020.05.11-02.38.23:302][651]LogEditorServer: Finished looking for orphan Actors (0.000 secs)
[2020.05.11-02.38.23:385][651]Cmd: MAP CHECKDEP NOCLEARLOG
[2020.05.11-02.38.23:385][651]MapCheck: Map check complete: 0 Error(s), 0 Warning(s), took 0.262ms to complete.
[2020.05.11-02.38.23:385][651]LogFileHelpers: Loading map 'MP_Level_One_Point_Three_HCWS_Test' took 0.309
[2020.05.11-02.38.23:499][652]LogRenderer: Reallocating scene render targets to support 1208x1024 Format 26 NumSamples 1 (Frame:0).
[2020.05.11-02.38.27:757][110]LogSlate: FSceneViewport::OnFocusLost() reason 2
[2020.05.11-02.40.04:081][  2]LogSlate: FSceneViewport::OnFocusLost() reason 0
[2020.05.11-02.40.05:485][ 11]LogSavePackage: Moving '../../../../../../Users/HCWS/Desktop/Team1_Journeyman2020/CastleOfTheDead - Commit Version/Saved/MP_Level_One_Point_Three_HCWS_Te63E869BA400F36DFC997B28B39E51B34.tmp' to '../../../../../../Users/HCWS/Desktop/Team1_Journeyman2020/CastleOfTheDead - Commit Version/Content/Designers/Level_Maps/MP_Level_One_Point_Three_HCWS_Test.umap'
[2020.05.11-02.40.07:992][284]LogSlate: FSceneViewport::OnFocusLost() reason 0
